{"timestamp":"2026-04-22T07:18:55.996649Z","level":"info","event":"DAG bundles loaded: dags-folder","logger":"airflow.dag_processing.bundles.manager.DagBundlesManager","filename":"manager.py","lineno":179}
{"timestamp":"2026-04-22T07:18:55.998038Z","level":"info","event":"Filling up the DagBag from /opt/airflow/dags/hive_msck.py","logger":"airflow.models.dagbag.DagBag","filename":"dagbag.py","lineno":593}
{"timestamp":"2026-04-22T07:18:56.098110Z","level":"warning","event":"The `airflow.decorators.dag` attribute is deprecated. Please use `'airflow.sdk.dag'`.","category":"DeprecatedImportWarning","filename":"/opt/airflow/dags/hive_msck.py","lineno":3,"logger":"py.warnings"}
{"timestamp":"2026-04-22T07:18:56.098443Z","level":"warning","event":"The `airflow.decorators.task` attribute is deprecated. Please use `'airflow.sdk.task'`.","category":"DeprecatedImportWarning","filename":"/opt/airflow/dags/hive_msck.py","lineno":3,"logger":"py.warnings"}
{"timestamp":"2026-04-22T07:18:56.168767Z","level":"info","event":"ssh_hook is not provided or invalid. Trying ssh_conn_id to create SSHHook.","logger":"airflow.task.operators.airflow.providers.ssh.operators.ssh.SSHOperator","filename":"ssh.py","lineno":127}
{"timestamp":"2026-04-22T07:18:56.192062Z","level":"warning","event":"No Host Key Verification. This won't protect against Man-In-The-Middle attacks","logger":"airflow.task.hooks.airflow.providers.ssh.hooks.ssh.SSHHook","filename":"ssh.py","lineno":298}
{"timestamp":"2026-04-22T07:18:56.221048Z","level":"info","event":"Connected (version 2.0, client OpenSSH_8.9p1)","logger":"paramiko.transport","filename":"transport.py","lineno":1944}
{"timestamp":"2026-04-22T07:18:56.313971Z","level":"info","event":"Authentication (password) successful!","logger":"paramiko.transport","filename":"transport.py","lineno":1944}
{"timestamp":"2026-04-22T07:18:56.315192Z","level":"info","event":"Running command: bash -lc 'beeline -u jdbc:hive2://localhost:10000/default -e \"ADD JAR /application/apache-hive-4.1.0-bin/lib/hive-hcatalog-core-4.1.0.jar;             SET hive.exec.dynamic.partition=true;             SET hive.exec.dynamic.partition.mode=nonstrict;             INSERT OVERWRITE TABLE auth PARTITION (dt=20260421)             SELECT hostname, log_type, priority, version, \\`timestamp\\`, program, pid, msgid, structured_data, message, event_timestamp, event_time, priority_int, facility, severity FROM raw_auth WHERE dt=20260421;\"'","logger":"airflow.task.hooks.airflow.providers.ssh.hooks.ssh.SSHHook","filename":"ssh.py","lineno":449}
{"timestamp":"2026-04-22T07:18:58.854598Z","level":"warning","event":"SLF4J: Class path contains multiple SLF4J bindings.","logger":"airflow.task.hooks.airflow.providers.ssh.hooks.ssh.SSHHook","filename":"ssh.py","lineno":500}
{"timestamp":"2026-04-22T07:18:58.856018Z","level":"warning","event":"SLF4J: Found binding in [jar:file:/application/apache-hive-3.1.3-bin/lib/log4j-slf4j-impl-2.17.1.jar!/org/slf4j/impl/StaticLoggerBinder.class]","logger":"airflow.task.hooks.airflow.providers.ssh.hooks.ssh.SSHHook","filename":"ssh.py","lineno":500}
{"timestamp":"2026-04-22T07:18:58.856237Z","level":"warning","event":"SLF4J: Found binding in [jar:file:/application/hadoop-3.2.4/share/hadoop/common/lib/slf4j-reload4j-1.7.35.jar!/org/slf4j/impl/StaticLoggerBinder.class]","logger":"airflow.task.hooks.airflow.providers.ssh.hooks.ssh.SSHHook","filename":"ssh.py","lineno":500}
{"timestamp":"2026-04-22T07:18:58.856400Z","level":"warning","event":"SLF4J: See http://www.slf4j.org/codes.html#multiple_bindings for an explanation.","logger":"airflow.task.hooks.airflow.providers.ssh.hooks.ssh.SSHHook","filename":"ssh.py","lineno":500}
{"timestamp":"2026-04-22T07:18:59.010802Z","level":"warning","event":"SLF4J: Actual binding is of type [org.apache.logging.slf4j.Log4jLoggerFactory]","logger":"airflow.task.hooks.airflow.providers.ssh.hooks.ssh.SSHHook","filename":"ssh.py","lineno":500}
{"timestamp":"2026-04-22T07:19:00.539884Z","level":"warning","event":"Connecting to jdbc:hive2://localhost:10000/default","logger":"airflow.task.hooks.airflow.providers.ssh.hooks.ssh.SSHHook","filename":"ssh.py","lineno":500}
{"timestamp":"2026-04-22T07:19:00.877339Z","level":"warning","event":"Connected to: Apache Hive (version 3.1.3)","logger":"airflow.task.hooks.airflow.providers.ssh.hooks.ssh.SSHHook","filename":"ssh.py","lineno":500}
{"timestamp":"2026-04-22T07:19:00.878003Z","level":"warning","event":"Driver: Hive JDBC (version 3.1.3)","logger":"airflow.task.hooks.airflow.providers.ssh.hooks.ssh.SSHHook","filename":"ssh.py","lineno":500}
{"timestamp":"2026-04-22T07:19:00.878484Z","level":"warning","event":"Transaction isolation: TRANSACTION_REPEATABLE_READ","logger":"airflow.task.hooks.airflow.providers.ssh.hooks.ssh.SSHHook","filename":"ssh.py","lineno":500}
{"timestamp":"2026-04-22T07:19:00.991147Z","level":"warning","event":"INFO  : Added [/application/apache-hive-4.1.0-bin/lib/hive-hcatalog-core-4.1.0.jar] to class path","logger":"airflow.task.hooks.airflow.providers.ssh.hooks.ssh.SSHHook","filename":"ssh.py","lineno":500}
{"timestamp":"2026-04-22T07:19:00.991529Z","level":"warning","event":"INFO  : Added resources: [/application/apache-hive-4.1.0-bin/lib/hive-hcatalog-core-4.1.0.jar]","logger":"airflow.task.hooks.airflow.providers.ssh.hooks.ssh.SSHHook","filename":"ssh.py","lineno":500}
{"timestamp":"2026-04-22T07:19:00.993765Z","level":"warning","event":"No rows affected (0.094 seconds)","logger":"airflow.task.hooks.airflow.providers.ssh.hooks.ssh.SSHHook","filename":"ssh.py","lineno":500}
{"timestamp":"2026-04-22T07:19:01.087643Z","level":"warning","event":"No rows affected (0.081 seconds)","logger":"airflow.task.hooks.airflow.providers.ssh.hooks.ssh.SSHHook","filename":"ssh.py","lineno":500}
{"timestamp":"2026-04-22T07:19:01.110621Z","level":"warning","event":"No rows affected (0.021 seconds)","logger":"airflow.task.hooks.airflow.providers.ssh.hooks.ssh.SSHHook","filename":"ssh.py","lineno":500}
{"timestamp":"2026-04-22T07:19:03.229473Z","level":"warning","event":"INFO  : Compiling command(queryId=root_20260422161901_e31ad649-66f7-4996-8704-735b33c194ea): INSERT OVERWRITE TABLE auth PARTITION (dt=20260421)             SELECT hostname, log_type, priority, version, `timestamp`, program, pid, msgid, structured_data, message, event_timestamp, event_time, priority_int, facility, severity FROM raw_auth WHERE dt=20260421","logger":"airflow.task.hooks.airflow.providers.ssh.hooks.ssh.SSHHook","filename":"ssh.py","lineno":500}
{"timestamp":"2026-04-22T07:19:03.230056Z","level":"warning","event":"INFO  : Concurrency mode is disabled, not creating a lock manager","logger":"airflow.task.hooks.airflow.providers.ssh.hooks.ssh.SSHHook","filename":"ssh.py","lineno":500}
{"timestamp":"2026-04-22T07:19:03.230201Z","level":"warning","event":"INFO  : Semantic Analysis Completed (retrial = false)","logger":"airflow.task.hooks.airflow.providers.ssh.hooks.ssh.SSHHook","filename":"ssh.py","lineno":500}
{"timestamp":"2026-04-22T07:19:03.230326Z","level":"warning","event":"INFO  : Returning Hive schema: Schema(fieldSchemas:[FieldSchema(name:hostname, type:string, comment:null), FieldSchema(name:log_type, type:string, comment:null), FieldSchema(name:priority, type:string, comment:null), FieldSchema(name:version, type:string, comment:null), FieldSchema(name:timestamp, type:string, comment:null), FieldSchema(name:program, type:string, comment:null), FieldSchema(name:pid, type:string, comment:null), FieldSchema(name:msgid, type:string, comment:null), FieldSchema(name:structured_data, type:string, comment:null), FieldSchema(name:message, type:string, comment:null), FieldSchema(name:event_timestamp, type:string, comment:null), FieldSchema(name:event_time, type:string, comment:null), FieldSchema(name:priority_int, type:int, comment:null), FieldSchema(name:facility, type:int, comment:null), FieldSchema(name:severity, type:int, comment:null)], properties:null)","logger":"airflow.task.hooks.airflow.providers.ssh.hooks.ssh.SSHHook","filename":"ssh.py","lineno":500}
{"timestamp":"2026-04-22T07:19:03.230459Z","level":"warning","event":"INFO  : Completed compiling command(queryId=root_20260422161901_e31ad649-66f7-4996-8704-735b33c194ea); Time taken: 1.1 seconds","logger":"airflow.task.hooks.airflow.providers.ssh.hooks.ssh.SSHHook","filename":"ssh.py","lineno":500}
{"timestamp":"2026-04-22T07:19:03.231039Z","level":"warning","event":"INFO  : Concurrency mode is disabled, not creating a lock manager","logger":"airflow.task.hooks.airflow.providers.ssh.hooks.ssh.SSHHook","filename":"ssh.py","lineno":500}
{"timestamp":"2026-04-22T07:19:03.231210Z","level":"warning","event":"INFO  : Executing command(queryId=root_20260422161901_e31ad649-66f7-4996-8704-735b33c194ea): INSERT OVERWRITE TABLE auth PARTITION (dt=20260421)             SELECT hostname, log_type, priority, version, `timestamp`, program, pid, msgid, structured_data, message, event_timestamp, event_time, priority_int, facility, severity FROM raw_auth WHERE dt=20260421","logger":"airflow.task.hooks.airflow.providers.ssh.hooks.ssh.SSHHook","filename":"ssh.py","lineno":500}
{"timestamp":"2026-04-22T07:19:03.231362Z","level":"warning","event":"WARN  : Hive-on-MR is deprecated in Hive 2 and may not be available in the future versions. Consider using a different execution engine (i.e. spark, tez) or using Hive 1.X releases.","logger":"airflow.task.hooks.airflow.providers.ssh.hooks.ssh.SSHHook","filename":"ssh.py","lineno":500}
{"timestamp":"2026-04-22T07:19:03.231495Z","level":"warning","event":"INFO  : Query ID = root_20260422161901_e31ad649-66f7-4996-8704-735b33c194ea","logger":"airflow.task.hooks.airflow.providers.ssh.hooks.ssh.SSHHook","filename":"ssh.py","lineno":500}
{"timestamp":"2026-04-22T07:19:03.231622Z","level":"warning","event":"INFO  : Total jobs = 3","logger":"airflow.task.hooks.airflow.providers.ssh.hooks.ssh.SSHHook","filename":"ssh.py","lineno":500}
{"timestamp":"2026-04-22T07:19:03.232072Z","level":"warning","event":"INFO  : Launching Job 1 out of 3","logger":"airflow.task.hooks.airflow.providers.ssh.hooks.ssh.SSHHook","filename":"ssh.py","lineno":500}
{"timestamp":"2026-04-22T07:19:03.232240Z","level":"warning","event":"INFO  : Starting task [Stage-1:MAPRED] in serial mode","logger":"airflow.task.hooks.airflow.providers.ssh.hooks.ssh.SSHHook","filename":"ssh.py","lineno":500}
{"timestamp":"2026-04-22T07:19:03.232377Z","level":"warning","event":"INFO  : Number of reduce tasks not specified. Estimated from input data size: 1","logger":"airflow.task.hooks.airflow.providers.ssh.hooks.ssh.SSHHook","filename":"ssh.py","lineno":500}
{"timestamp":"2026-04-22T07:19:03.232878Z","level":"warning","event":"INFO  : In order to change the average load for a reducer (in bytes):","logger":"airflow.task.hooks.airflow.providers.ssh.hooks.ssh.SSHHook","filename":"ssh.py","lineno":500}
{"timestamp":"2026-04-22T07:19:03.233058Z","level":"warning","event":"INFO  :   set hive.exec.reducers.bytes.per.reducer=<number>","logger":"airflow.task.hooks.airflow.providers.ssh.hooks.ssh.SSHHook","filename":"ssh.py","lineno":500}
{"timestamp":"2026-04-22T07:19:03.233516Z","level":"warning","event":"INFO  : In order to limit the maximum number of reducers:","logger":"airflow.task.hooks.airflow.providers.ssh.hooks.ssh.SSHHook","filename":"ssh.py","lineno":500}
{"timestamp":"2026-04-22T07:19:03.233763Z","level":"warning","event":"INFO  :   set hive.exec.reducers.max=<number>","logger":"airflow.task.hooks.airflow.providers.ssh.hooks.ssh.SSHHook","filename":"ssh.py","lineno":500}
{"timestamp":"2026-04-22T07:19:03.234184Z","level":"warning","event":"INFO  : In order to set a constant number of reducers:","logger":"airflow.task.hooks.airflow.providers.ssh.hooks.ssh.SSHHook","filename":"ssh.py","lineno":500}
{"timestamp":"2026-04-22T07:19:03.234425Z","level":"warning","event":"INFO  :   set mapreduce.job.reduces=<number>","logger":"airflow.task.hooks.airflow.providers.ssh.hooks.ssh.SSHHook","filename":"ssh.py","lineno":500}
{"timestamp":"2026-04-22T07:19:05.671924Z","level":"warning","event":"INFO  : number of splits:1","logger":"airflow.task.hooks.airflow.providers.ssh.hooks.ssh.SSHHook","filename":"ssh.py","lineno":500}
{"timestamp":"2026-04-22T07:19:05.672329Z","level":"warning","event":"INFO  : Submitting tokens for job: job_1773931628321_0060","logger":"airflow.task.hooks.airflow.providers.ssh.hooks.ssh.SSHHook","filename":"ssh.py","lineno":500}
{"timestamp":"2026-04-22T07:19:05.672482Z","level":"warning","event":"INFO  : Executing with tokens: []","logger":"airflow.task.hooks.airflow.providers.ssh.hooks.ssh.SSHHook","filename":"ssh.py","lineno":500}
{"timestamp":"2026-04-22T07:19:06.681599Z","level":"warning","event":"INFO  : The url to track the job: http://m2:8088/proxy/application_1773931628321_0060/","logger":"airflow.task.hooks.airflow.providers.ssh.hooks.ssh.SSHHook","filename":"ssh.py","lineno":500}
{"timestamp":"2026-04-22T07:19:06.681946Z","level":"warning","event":"INFO  : Starting Job = job_1773931628321_0060, Tracking URL = http://m2:8088/proxy/application_1773931628321_0060/","logger":"airflow.task.hooks.airflow.providers.ssh.hooks.ssh.SSHHook","filename":"ssh.py","lineno":500}
{"timestamp":"2026-04-22T07:19:06.682202Z","level":"warning","event":"INFO  : Kill Command = /application/hadoop/bin/mapred job  -kill job_1773931628321_0060","logger":"airflow.task.hooks.airflow.providers.ssh.hooks.ssh.SSHHook","filename":"ssh.py","lineno":500}
{"timestamp":"2026-04-22T07:19:16.250131Z","level":"warning","event":"INFO  : Hadoop job information for Stage-1: number of mappers: 1; number of reducers: 1","logger":"airflow.task.hooks.airflow.providers.ssh.hooks.ssh.SSHHook","filename":"ssh.py","lineno":500}
{"timestamp":"2026-04-22T07:19:16.250600Z","level":"warning","event":"INFO  : 2026-04-22 16:19:15,391 Stage-1 map = 0%,  reduce = 0%","logger":"airflow.task.hooks.airflow.providers.ssh.hooks.ssh.SSHHook","filename":"ssh.py","lineno":500}
{"timestamp":"2026-04-22T07:19:26.255026Z","level":"error","event":"Task failed with exception","logger":"task","filename":"task_runner.py","lineno":986,"error_detail":[{"exc_type":"AirflowException","exc_value":"SSH command timed out","exc_notes":[],"syntax_error":null,"is_cause":false,"frames":[{"filename":"/home/airflow/.local/lib/python3.12/site-packages/airflow/sdk/execution_time/task_runner.py","lineno":934,"name":"run"},{"filename":"/home/airflow/.local/lib/python3.12/site-packages/airflow/sdk/execution_time/task_runner.py","lineno":1325,"name":"_execute_task"},{"filename":"/home/airflow/.local/lib/python3.12/site-packages/airflow/sdk/bases/operator.py","lineno":417,"name":"wrapper"},{"filename":"/home/airflow/.local/lib/python3.12/site-packages/airflow/providers/ssh/operators/ssh.py","lineno":177,"name":"execute"},{"filename":"/home/airflow/.local/lib/python3.12/site-packages/airflow/providers/ssh/operators/ssh.py","lineno":162,"name":"run_ssh_client_command"},{"filename":"/home/airflow/.local/lib/python3.12/site-packages/airflow/providers/ssh/hooks/ssh.py","lineno":520,"name":"exec_ssh_client_command"}],"is_group":false,"exceptions":[]}]}
