{"timestamp":"2026-04-22T02:47:38.047529Z","level":"info","event":"DAG bundles loaded: dags-folder","logger":"airflow.dag_processing.bundles.manager.DagBundlesManager","filename":"manager.py","lineno":179}
{"timestamp":"2026-04-22T02:47:38.051782Z","level":"info","event":"Filling up the DagBag from /opt/airflow/dags/hive_msck.py","logger":"airflow.models.dagbag.DagBag","filename":"dagbag.py","lineno":593}
{"timestamp":"2026-04-22T02:47:38.188599Z","level":"warning","event":"The `airflow.decorators.dag` attribute is deprecated. Please use `'airflow.sdk.dag'`.","category":"DeprecatedImportWarning","filename":"/opt/airflow/dags/hive_msck.py","lineno":3,"logger":"py.warnings"}
{"timestamp":"2026-04-22T02:47:38.189198Z","level":"warning","event":"The `airflow.decorators.task` attribute is deprecated. Please use `'airflow.sdk.task'`.","category":"DeprecatedImportWarning","filename":"/opt/airflow/dags/hive_msck.py","lineno":3,"logger":"py.warnings"}
{"timestamp":"2026-04-22T02:47:38.244194Z","level":"info","event":"ssh_hook is not provided or invalid. Trying ssh_conn_id to create SSHHook.","logger":"airflow.task.operators.airflow.providers.ssh.operators.ssh.SSHOperator","filename":"ssh.py","lineno":127}
{"timestamp":"2026-04-22T02:47:38.261558Z","level":"warning","event":"Skipping masking for a secret as it's too short (<5 chars)","logger":"airflow.sdk._shared.secrets_masker.secrets_masker","filename":"secrets_masker.py","lineno":555}
{"timestamp":"2026-04-22T02:47:38.262555Z","level":"warning","event":"No Host Key Verification. This won't protect against Man-In-The-Middle attacks","logger":"airflow.task.hooks.airflow.providers.ssh.hooks.ssh.SSHHook","filename":"ssh.py","lineno":298}
{"timestamp":"2026-04-22T02:47:38.278309Z","level":"info","event":"Connected (version 2.0, client OpenSSH_8.9p1)","logger":"paramiko.transport","filename":"transport.py","lineno":1944}
{"timestamp":"2026-04-22T02:47:38.348504Z","level":"info","event":"Authentication (password) successful!","logger":"paramiko.transport","filename":"transport.py","lineno":1944}
{"timestamp":"2026-04-22T02:47:38.349340Z","level":"info","event":"Running command: \n            bash -lc '\n            echo \"==============================\"\n            echo \"TABLE START: auth\"\n            echo \"==============================\"\n\n            # --------------------------------------------------\n            # 1. HDFS partition directory 생성 (-3 ~ +3)\n            # --------------------------------------------------\n            for i in $(seq -3 3);\n            do\n                date=$(date -d \"$i days\" +%Y%m%d)\n                echo \"CREATE HDFS: /hive/auth/dt=$date\"\n\n                hdfs dfs -mkdir -p /hive/auth/dt=$date\n            done\n\n            # --------------------------------------------------\n            # 2. MSCK REPAIR\n            # --------------------------------------------------\n            echo \"MSCK START: auth\"\n\n            beeline -u jdbc:hive2://localhost:10000/default             -e \"MSCK REPAIR TABLE auth\";\n\n            # --------------------------------------------------\n            # 3. VERIFY\n            # --------------------------------------------------\n            echo \"SHOW PARTITIONS: auth\"\n\n            beeline -u jdbc:hive2://localhost:10000/default             -e \"SHOW PARTITIONS auth\";\n\n            echo \"==============================\"\n            echo \"TABLE END: auth\"\n            echo \"==============================\"\n            '\n            ","logger":"airflow.task.hooks.airflow.providers.ssh.hooks.ssh.SSHHook","filename":"ssh.py","lineno":449}
{"timestamp":"2026-04-22T02:47:39.025430Z","level":"info","event":"==============================","logger":"airflow.task.hooks.airflow.providers.ssh.hooks.ssh.SSHHook","filename":"ssh.py","lineno":495}
{"timestamp":"2026-04-22T02:47:39.025589Z","level":"info","event":"TABLE START: auth","logger":"airflow.task.hooks.airflow.providers.ssh.hooks.ssh.SSHHook","filename":"ssh.py","lineno":495}
{"timestamp":"2026-04-22T02:47:39.025669Z","level":"info","event":"==============================","logger":"airflow.task.hooks.airflow.providers.ssh.hooks.ssh.SSHHook","filename":"ssh.py","lineno":495}
{"timestamp":"2026-04-22T02:47:39.027617Z","level":"info","event":"CREATE HDFS: /hive/auth/dt=20260419","logger":"airflow.task.hooks.airflow.providers.ssh.hooks.ssh.SSHHook","filename":"ssh.py","lineno":495}
{"timestamp":"2026-04-22T02:47:42.476362Z","level":"info","event":"CREATE HDFS: /hive/auth/dt=20260420","logger":"airflow.task.hooks.airflow.providers.ssh.hooks.ssh.SSHHook","filename":"ssh.py","lineno":495}
{"timestamp":"2026-04-22T02:47:45.543345Z","level":"info","event":"CREATE HDFS: /hive/auth/dt=20260421","logger":"airflow.task.hooks.airflow.providers.ssh.hooks.ssh.SSHHook","filename":"ssh.py","lineno":495}
{"timestamp":"2026-04-22T02:47:48.707895Z","level":"info","event":"CREATE HDFS: /hive/auth/dt=20260422","logger":"airflow.task.hooks.airflow.providers.ssh.hooks.ssh.SSHHook","filename":"ssh.py","lineno":495}
{"timestamp":"2026-04-22T02:47:51.939844Z","level":"info","event":"CREATE HDFS: /hive/auth/dt=20260423","logger":"airflow.task.hooks.airflow.providers.ssh.hooks.ssh.SSHHook","filename":"ssh.py","lineno":495}
{"timestamp":"2026-04-22T02:47:55.113349Z","level":"info","event":"CREATE HDFS: /hive/auth/dt=20260424","logger":"airflow.task.hooks.airflow.providers.ssh.hooks.ssh.SSHHook","filename":"ssh.py","lineno":495}
{"timestamp":"2026-04-22T02:47:58.063104Z","level":"info","event":"CREATE HDFS: /hive/auth/dt=20260425","logger":"airflow.task.hooks.airflow.providers.ssh.hooks.ssh.SSHHook","filename":"ssh.py","lineno":495}
{"timestamp":"2026-04-22T02:48:01.004109Z","level":"info","event":"MSCK START: auth","logger":"airflow.task.hooks.airflow.providers.ssh.hooks.ssh.SSHHook","filename":"ssh.py","lineno":495}
{"timestamp":"2026-04-22T02:48:03.536961Z","level":"warning","event":"SLF4J: Class path contains multiple SLF4J bindings.","logger":"airflow.task.hooks.airflow.providers.ssh.hooks.ssh.SSHHook","filename":"ssh.py","lineno":500}
{"timestamp":"2026-04-22T02:48:03.544474Z","level":"warning","event":"SLF4J: Found binding in [jar:file:/application/apache-hive-3.1.3-bin/lib/log4j-slf4j-impl-2.17.1.jar!/org/slf4j/impl/StaticLoggerBinder.class]","logger":"airflow.task.hooks.airflow.providers.ssh.hooks.ssh.SSHHook","filename":"ssh.py","lineno":500}
{"timestamp":"2026-04-22T02:48:03.544947Z","level":"warning","event":"SLF4J: Found binding in [jar:file:/application/hadoop-3.2.4/share/hadoop/common/lib/slf4j-reload4j-1.7.35.jar!/org/slf4j/impl/StaticLoggerBinder.class]","logger":"airflow.task.hooks.airflow.providers.ssh.hooks.ssh.SSHHook","filename":"ssh.py","lineno":500}
{"timestamp":"2026-04-22T02:48:03.545366Z","level":"warning","event":"SLF4J: See http://www.slf4j.org/codes.html#multiple_bindings for an explanation.","logger":"airflow.task.hooks.airflow.providers.ssh.hooks.ssh.SSHHook","filename":"ssh.py","lineno":500}
{"timestamp":"2026-04-22T02:48:03.874984Z","level":"warning","event":"SLF4J: Actual binding is of type [org.apache.logging.slf4j.Log4jLoggerFactory]","logger":"airflow.task.hooks.airflow.providers.ssh.hooks.ssh.SSHHook","filename":"ssh.py","lineno":500}
{"timestamp":"2026-04-22T02:48:05.826493Z","level":"warning","event":"Connecting to jdbc:hive2://localhost:10000/default","logger":"airflow.task.hooks.airflow.providers.ssh.hooks.ssh.SSHHook","filename":"ssh.py","lineno":500}
{"timestamp":"2026-04-22T02:48:06.228017Z","level":"warning","event":"Connected to: Apache Hive (version 3.1.3)","logger":"airflow.task.hooks.airflow.providers.ssh.hooks.ssh.SSHHook","filename":"ssh.py","lineno":500}
{"timestamp":"2026-04-22T02:48:06.228890Z","level":"warning","event":"Driver: Hive JDBC (version 3.1.3)","logger":"airflow.task.hooks.airflow.providers.ssh.hooks.ssh.SSHHook","filename":"ssh.py","lineno":500}
{"timestamp":"2026-04-22T02:48:06.229407Z","level":"warning","event":"Transaction isolation: TRANSACTION_REPEATABLE_READ","logger":"airflow.task.hooks.airflow.providers.ssh.hooks.ssh.SSHHook","filename":"ssh.py","lineno":500}
{"timestamp":"2026-04-22T02:48:06.557200Z","level":"warning","event":"Error: Error while compiling statement: FAILED: SemanticException [Error 10001]: Table not found auth (state=42S02,code=10001)","logger":"airflow.task.hooks.airflow.providers.ssh.hooks.ssh.SSHHook","filename":"ssh.py","lineno":500}
{"timestamp":"2026-04-22T02:48:06.571562Z","level":"warning","event":"Closing: 0: jdbc:hive2://localhost:10000/default","logger":"airflow.task.hooks.airflow.providers.ssh.hooks.ssh.SSHHook","filename":"ssh.py","lineno":500}
{"timestamp":"2026-04-22T02:48:06.626640Z","level":"info","event":"SHOW PARTITIONS: auth","logger":"airflow.task.hooks.airflow.providers.ssh.hooks.ssh.SSHHook","filename":"ssh.py","lineno":495}
{"timestamp":"2026-04-22T02:48:09.193744Z","level":"warning","event":"SLF4J: Class path contains multiple SLF4J bindings.","logger":"airflow.task.hooks.airflow.providers.ssh.hooks.ssh.SSHHook","filename":"ssh.py","lineno":500}
{"timestamp":"2026-04-22T02:48:09.195081Z","level":"warning","event":"SLF4J: Found binding in [jar:file:/application/apache-hive-3.1.3-bin/lib/log4j-slf4j-impl-2.17.1.jar!/org/slf4j/impl/StaticLoggerBinder.class]","logger":"airflow.task.hooks.airflow.providers.ssh.hooks.ssh.SSHHook","filename":"ssh.py","lineno":500}
{"timestamp":"2026-04-22T02:48:09.195900Z","level":"warning","event":"SLF4J: Found binding in [jar:file:/application/hadoop-3.2.4/share/hadoop/common/lib/slf4j-reload4j-1.7.35.jar!/org/slf4j/impl/StaticLoggerBinder.class]","logger":"airflow.task.hooks.airflow.providers.ssh.hooks.ssh.SSHHook","filename":"ssh.py","lineno":500}
{"timestamp":"2026-04-22T02:48:09.196797Z","level":"warning","event":"SLF4J: See http://www.slf4j.org/codes.html#multiple_bindings for an explanation.","logger":"airflow.task.hooks.airflow.providers.ssh.hooks.ssh.SSHHook","filename":"ssh.py","lineno":500}
{"timestamp":"2026-04-22T02:48:09.622510Z","level":"warning","event":"SLF4J: Actual binding is of type [org.apache.logging.slf4j.Log4jLoggerFactory]","logger":"airflow.task.hooks.airflow.providers.ssh.hooks.ssh.SSHHook","filename":"ssh.py","lineno":500}
{"timestamp":"2026-04-22T02:48:11.911338Z","level":"warning","event":"Connecting to jdbc:hive2://localhost:10000/default","logger":"airflow.task.hooks.airflow.providers.ssh.hooks.ssh.SSHHook","filename":"ssh.py","lineno":500}
{"timestamp":"2026-04-22T02:48:12.280055Z","level":"warning","event":"Connected to: Apache Hive (version 3.1.3)","logger":"airflow.task.hooks.airflow.providers.ssh.hooks.ssh.SSHHook","filename":"ssh.py","lineno":500}
{"timestamp":"2026-04-22T02:48:12.281846Z","level":"warning","event":"Driver: Hive JDBC (version 3.1.3)","logger":"airflow.task.hooks.airflow.providers.ssh.hooks.ssh.SSHHook","filename":"ssh.py","lineno":500}
{"timestamp":"2026-04-22T02:48:12.282976Z","level":"warning","event":"Transaction isolation: TRANSACTION_REPEATABLE_READ","logger":"airflow.task.hooks.airflow.providers.ssh.hooks.ssh.SSHHook","filename":"ssh.py","lineno":500}
{"timestamp":"2026-04-22T02:48:12.615292Z","level":"warning","event":"Error: Error while compiling statement: FAILED: SemanticException [Error 10001]: Table not found auth (state=42S02,code=10001)","logger":"airflow.task.hooks.airflow.providers.ssh.hooks.ssh.SSHHook","filename":"ssh.py","lineno":500}
{"timestamp":"2026-04-22T02:48:12.644535Z","level":"warning","event":"Closing: 0: jdbc:hive2://localhost:10000/default","logger":"airflow.task.hooks.airflow.providers.ssh.hooks.ssh.SSHHook","filename":"ssh.py","lineno":500}
{"timestamp":"2026-04-22T02:48:12.736967Z","level":"info","event":"==============================","logger":"airflow.task.hooks.airflow.providers.ssh.hooks.ssh.SSHHook","filename":"ssh.py","lineno":495}
{"timestamp":"2026-04-22T02:48:12.737144Z","level":"info","event":"TABLE END: auth","logger":"airflow.task.hooks.airflow.providers.ssh.hooks.ssh.SSHHook","filename":"ssh.py","lineno":495}
{"timestamp":"2026-04-22T02:48:12.737215Z","level":"info","event":"==============================","logger":"airflow.task.hooks.airflow.providers.ssh.hooks.ssh.SSHHook","filename":"ssh.py","lineno":495}
{"timestamp":"2026-04-22T02:48:12.778876Z","level":"info","event":"Pushing xcom","ti":"RuntimeTaskInstance(id=UUID('019db316-02cf-7a8e-8587-983933eddf10'), task_id='msck_repair', dag_id='hive_msck_repair', run_id='manual__2026-04-22T02:47:25+00:00', try_number=1, dag_version_id=UUID('019db2dc-78e6-73a8-a474-b1dbb68f53eb'), map_index=1, hostname='d70869c01b70', context_carrier={}, task=<Task(SSHOperator): msck_repair>, bundle_instance=LocalDagBundle(name=dags-folder), max_tries=0, start_date=datetime.datetime(2026, 4, 22, 2, 47, 37, 936020, tzinfo=datetime.timezone.utc), end_date=None, state=<TaskInstanceState.RUNNING: 'running'>, is_mapped=True, rendered_map_index=None)","logger":"task","filename":"task_runner.py","lineno":1370}
