{"timestamp":"2026-04-22T00:57:15.214289Z","level":"info","event":"DAG bundles loaded: dags-folder","logger":"airflow.dag_processing.bundles.manager.DagBundlesManager","filename":"manager.py","lineno":179}
{"timestamp":"2026-04-22T00:57:15.217650Z","level":"info","event":"Filling up the DagBag from /opt/airflow/dags/hive_msck.py","logger":"airflow.models.dagbag.DagBag","filename":"dagbag.py","lineno":593}
{"timestamp":"2026-04-22T00:57:15.321595Z","level":"warning","event":"The `airflow.decorators.dag` attribute is deprecated. Please use `'airflow.sdk.dag'`.","category":"DeprecatedImportWarning","filename":"/opt/airflow/dags/hive_msck.py","lineno":3,"logger":"py.warnings"}
{"timestamp":"2026-04-22T00:57:15.322173Z","level":"warning","event":"The `airflow.decorators.task` attribute is deprecated. Please use `'airflow.sdk.task'`.","category":"DeprecatedImportWarning","filename":"/opt/airflow/dags/hive_msck.py","lineno":3,"logger":"py.warnings"}
{"timestamp":"2026-04-22T00:57:15.372381Z","level":"info","event":"ssh_hook is not provided or invalid. Trying ssh_conn_id to create SSHHook.","logger":"airflow.task.operators.airflow.providers.ssh.operators.ssh.SSHOperator","filename":"ssh.py","lineno":127}
{"timestamp":"2026-04-22T00:57:15.392745Z","level":"warning","event":"No Host Key Verification. This won't protect against Man-In-The-Middle attacks","logger":"airflow.task.hooks.airflow.providers.ssh.hooks.ssh.SSHHook","filename":"ssh.py","lineno":298}
{"timestamp":"2026-04-22T00:57:15.406912Z","level":"info","event":"Connected (version 2.0, client OpenSSH_8.9p1)","logger":"paramiko.transport","filename":"transport.py","lineno":1944}
{"timestamp":"2026-04-22T00:57:15.520535Z","level":"info","event":"Authentication (password) successful!","logger":"paramiko.transport","filename":"transport.py","lineno":1944}
{"timestamp":"2026-04-22T00:57:15.521282Z","level":"info","event":"Running command: \n            bash -lc '\n            source ~/.bashrc\n\n            echo \"===== MSCK START: raw_syslog =====\";\n\n            beeline -u jdbc:hive2://localhost:10000/default             -e \"MSCK REPAIR TABLE raw_syslog\";\n\n            if [ $? -eq 0 ]; then\n                echo \"[SUCCESS] raw_syslog\";\n            else\n                echo \"[FAIL] raw_syslog\";\n                exit 1;\n            fi\n\n            echo \"===== MSCK END: raw_syslog =====\"\n      \n            '\n            ","logger":"airflow.task.hooks.airflow.providers.ssh.hooks.ssh.SSHHook","filename":"ssh.py","lineno":449}
{"timestamp":"2026-04-22T00:57:15.682875Z","level":"info","event":"===== MSCK START: raw_syslog =====","logger":"airflow.task.hooks.airflow.providers.ssh.hooks.ssh.SSHHook","filename":"ssh.py","lineno":495}
{"timestamp":"2026-04-22T00:57:15.904957Z","level":"warning","event":"Error: A JNI error has occurred, please check your installation and try again","logger":"airflow.task.hooks.airflow.providers.ssh.hooks.ssh.SSHHook","filename":"ssh.py","lineno":500}
{"timestamp":"2026-04-22T00:57:15.905718Z","level":"warning","event":"Exception in thread \"main\" java.lang.UnsupportedClassVersionError: org/apache/spark/launcher/Main has been compiled by a more recent version of the Java Runtime (class file version 61.0), this version of the Java Runtime only recognizes class file versions up to 52.0","logger":"airflow.task.hooks.airflow.providers.ssh.hooks.ssh.SSHHook","filename":"ssh.py","lineno":500}
{"timestamp":"2026-04-22T00:57:15.906092Z","level":"warning","event":"\tat java.lang.ClassLoader.defineClass1(Native Method)","logger":"airflow.task.hooks.airflow.providers.ssh.hooks.ssh.SSHHook","filename":"ssh.py","lineno":500}
{"timestamp":"2026-04-22T00:57:15.906430Z","level":"warning","event":"\tat java.lang.ClassLoader.defineClass(ClassLoader.java:756)","logger":"airflow.task.hooks.airflow.providers.ssh.hooks.ssh.SSHHook","filename":"ssh.py","lineno":500}
{"timestamp":"2026-04-22T00:57:15.906807Z","level":"warning","event":"\tat java.security.SecureClassLoader.defineClass(SecureClassLoader.java:142)","logger":"airflow.task.hooks.airflow.providers.ssh.hooks.ssh.SSHHook","filename":"ssh.py","lineno":500}
{"timestamp":"2026-04-22T00:57:15.907181Z","level":"warning","event":"\tat java.net.URLClassLoader.defineClass(URLClassLoader.java:473)","logger":"airflow.task.hooks.airflow.providers.ssh.hooks.ssh.SSHHook","filename":"ssh.py","lineno":500}
{"timestamp":"2026-04-22T00:57:15.907516Z","level":"warning","event":"\tat java.net.URLClassLoader.access$100(URLClassLoader.java:74)","logger":"airflow.task.hooks.airflow.providers.ssh.hooks.ssh.SSHHook","filename":"ssh.py","lineno":500}
{"timestamp":"2026-04-22T00:57:15.907847Z","level":"warning","event":"\tat java.net.URLClassLoader$1.run(URLClassLoader.java:369)","logger":"airflow.task.hooks.airflow.providers.ssh.hooks.ssh.SSHHook","filename":"ssh.py","lineno":500}
{"timestamp":"2026-04-22T00:57:15.908134Z","level":"warning","event":"\tat java.net.URLClassLoader$1.run(URLClassLoader.java:363)","logger":"airflow.task.hooks.airflow.providers.ssh.hooks.ssh.SSHHook","filename":"ssh.py","lineno":500}
{"timestamp":"2026-04-22T00:57:15.908415Z","level":"warning","event":"\tat java.security.AccessController.doPrivileged(Native Method)","logger":"airflow.task.hooks.airflow.providers.ssh.hooks.ssh.SSHHook","filename":"ssh.py","lineno":500}
{"timestamp":"2026-04-22T00:57:15.908694Z","level":"warning","event":"\tat java.net.URLClassLoader.findClass(URLClassLoader.java:362)","logger":"airflow.task.hooks.airflow.providers.ssh.hooks.ssh.SSHHook","filename":"ssh.py","lineno":500}
{"timestamp":"2026-04-22T00:57:15.908972Z","level":"warning","event":"\tat java.lang.ClassLoader.loadClass(ClassLoader.java:418)","logger":"airflow.task.hooks.airflow.providers.ssh.hooks.ssh.SSHHook","filename":"ssh.py","lineno":500}
{"timestamp":"2026-04-22T00:57:15.909250Z","level":"warning","event":"\tat sun.misc.Launcher$AppClassLoader.loadClass(Launcher.java:352)","logger":"airflow.task.hooks.airflow.providers.ssh.hooks.ssh.SSHHook","filename":"ssh.py","lineno":500}
{"timestamp":"2026-04-22T00:57:15.909668Z","level":"warning","event":"\tat java.lang.ClassLoader.loadClass(ClassLoader.java:351)","logger":"airflow.task.hooks.airflow.providers.ssh.hooks.ssh.SSHHook","filename":"ssh.py","lineno":500}
{"timestamp":"2026-04-22T00:57:15.910001Z","level":"warning","event":"\tat sun.launcher.LauncherHelper.checkAndLoadMain(LauncherHelper.java:621)","logger":"airflow.task.hooks.airflow.providers.ssh.hooks.ssh.SSHHook","filename":"ssh.py","lineno":500}
{"timestamp":"2026-04-22T00:57:15.912782Z","level":"warning","event":"/usr/local/lib/python3.10/dist-packages/pyspark/bin/spark-class: 줄 97: CMD: 잘못된 배열 첨자","logger":"airflow.task.hooks.airflow.providers.ssh.hooks.ssh.SSHHook","filename":"ssh.py","lineno":500}
{"timestamp":"2026-04-22T00:57:15.916456Z","level":"info","event":"[FAIL] raw_syslog","logger":"airflow.task.hooks.airflow.providers.ssh.hooks.ssh.SSHHook","filename":"ssh.py","lineno":495}
{"timestamp":"2026-04-22T00:57:15.938447Z","level":"error","event":"Task failed with exception","logger":"task","filename":"task_runner.py","lineno":986,"error_detail":[{"exc_type":"AirflowException","exc_value":"SSH operator error: exit status = 1","exc_notes":[],"syntax_error":null,"is_cause":false,"frames":[{"filename":"/home/airflow/.local/lib/python3.12/site-packages/airflow/sdk/execution_time/task_runner.py","lineno":934,"name":"run"},{"filename":"/home/airflow/.local/lib/python3.12/site-packages/airflow/sdk/execution_time/task_runner.py","lineno":1325,"name":"_execute_task"},{"filename":"/home/airflow/.local/lib/python3.12/site-packages/airflow/sdk/bases/operator.py","lineno":417,"name":"wrapper"},{"filename":"/home/airflow/.local/lib/python3.12/site-packages/airflow/providers/ssh/operators/ssh.py","lineno":177,"name":"execute"},{"filename":"/home/airflow/.local/lib/python3.12/site-packages/airflow/providers/ssh/operators/ssh.py","lineno":165,"name":"run_ssh_client_command"},{"filename":"/home/airflow/.local/lib/python3.12/site-packages/airflow/providers/ssh/operators/ssh.py","lineno":159,"name":"raise_for_status"}],"is_group":false,"exceptions":[]}]}
