{"timestamp":"2026-04-22T06:52:30.147755Z","level":"info","event":"DAG bundles loaded: dags-folder","logger":"airflow.dag_processing.bundles.manager.DagBundlesManager","filename":"manager.py","lineno":179}
{"timestamp":"2026-04-22T06:52:30.152043Z","level":"info","event":"Filling up the DagBag from /opt/airflow/dags/hive_msck.py","logger":"airflow.models.dagbag.DagBag","filename":"dagbag.py","lineno":593}
{"timestamp":"2026-04-22T06:52:30.268886Z","level":"warning","event":"The `airflow.decorators.dag` attribute is deprecated. Please use `'airflow.sdk.dag'`.","category":"DeprecatedImportWarning","filename":"/opt/airflow/dags/hive_msck.py","lineno":3,"logger":"py.warnings"}
{"timestamp":"2026-04-22T06:52:30.269611Z","level":"warning","event":"The `airflow.decorators.task` attribute is deprecated. Please use `'airflow.sdk.task'`.","category":"DeprecatedImportWarning","filename":"/opt/airflow/dags/hive_msck.py","lineno":3,"logger":"py.warnings"}
{"timestamp":"2026-04-22T06:52:30.338005Z","level":"info","event":"ssh_hook is not provided or invalid. Trying ssh_conn_id to create SSHHook.","logger":"airflow.task.operators.airflow.providers.ssh.operators.ssh.SSHOperator","filename":"ssh.py","lineno":127}
{"timestamp":"2026-04-22T06:52:30.362284Z","level":"warning","event":"No Host Key Verification. This won't protect against Man-In-The-Middle attacks","logger":"airflow.task.hooks.airflow.providers.ssh.hooks.ssh.SSHHook","filename":"ssh.py","lineno":298}
{"timestamp":"2026-04-22T06:52:30.391171Z","level":"info","event":"Connected (version 2.0, client OpenSSH_8.9p1)","logger":"paramiko.transport","filename":"transport.py","lineno":1944}
{"timestamp":"2026-04-22T06:52:30.507299Z","level":"info","event":"Authentication (password) successful!","logger":"paramiko.transport","filename":"transport.py","lineno":1944}
{"timestamp":"2026-04-22T06:52:30.508665Z","level":"info","event":"Running command: bash -lc '\n            beeline -u jdbc:hive2://localhost:10000/default             -e '\n            ADD JAR /application/apache-hive-4.1.0-bin/lib/hive-hcatalog-core-4.1.0.jar;\n\n            SET hive.exec.dynamic.partition=true;\n            SET hive.exec.dynamic.partition.mode=nonstrict;\n\n            INSERT OVERWRITE TABLE auth PARTITION (dt=20260421)\n            SELECT hostname, log_type, priority, version, `timestamp`, program, pid, msgid, structured_data, message, event_timestamp, event_time, priority_int, facility, severity FROM raw_auth WHERE dt=20260421;\n            '\n            '\n            ","logger":"airflow.task.hooks.airflow.providers.ssh.hooks.ssh.SSHHook","filename":"ssh.py","lineno":449}
{"timestamp":"2026-04-22T06:52:32.442698Z","level":"warning","event":"SLF4J: Class path contains multiple SLF4J bindings.","logger":"airflow.task.hooks.airflow.providers.ssh.hooks.ssh.SSHHook","filename":"ssh.py","lineno":500}
{"timestamp":"2026-04-22T06:52:32.444034Z","level":"warning","event":"SLF4J: Found binding in [jar:file:/application/apache-hive-3.1.3-bin/lib/log4j-slf4j-impl-2.17.1.jar!/org/slf4j/impl/StaticLoggerBinder.class]","logger":"airflow.task.hooks.airflow.providers.ssh.hooks.ssh.SSHHook","filename":"ssh.py","lineno":500}
{"timestamp":"2026-04-22T06:52:32.445008Z","level":"warning","event":"SLF4J: Found binding in [jar:file:/application/hadoop-3.2.4/share/hadoop/common/lib/slf4j-reload4j-1.7.35.jar!/org/slf4j/impl/StaticLoggerBinder.class]","logger":"airflow.task.hooks.airflow.providers.ssh.hooks.ssh.SSHHook","filename":"ssh.py","lineno":500}
{"timestamp":"2026-04-22T06:52:32.445701Z","level":"warning","event":"SLF4J: See http://www.slf4j.org/codes.html#multiple_bindings for an explanation.","logger":"airflow.task.hooks.airflow.providers.ssh.hooks.ssh.SSHHook","filename":"ssh.py","lineno":500}
{"timestamp":"2026-04-22T06:52:32.613411Z","level":"warning","event":"SLF4J: Actual binding is of type [org.apache.logging.slf4j.Log4jLoggerFactory]","logger":"airflow.task.hooks.airflow.providers.ssh.hooks.ssh.SSHHook","filename":"ssh.py","lineno":500}
{"timestamp":"2026-04-22T06:52:34.085666Z","level":"info","event":"Missing argument for option: e","logger":"airflow.task.hooks.airflow.providers.ssh.hooks.ssh.SSHHook","filename":"ssh.py","lineno":495}
{"timestamp":"2026-04-22T06:52:34.087894Z","level":"info","event":"Usage: java org.apache.hive.cli.beeline.BeeLine ","logger":"airflow.task.hooks.airflow.providers.ssh.hooks.ssh.SSHHook","filename":"ssh.py","lineno":495}
{"timestamp":"2026-04-22T06:52:34.088051Z","level":"info","event":"   -u <database url>               the JDBC URL to connect to","logger":"airflow.task.hooks.airflow.providers.ssh.hooks.ssh.SSHHook","filename":"ssh.py","lineno":495}
{"timestamp":"2026-04-22T06:52:34.088152Z","level":"info","event":"   -c <named url>                  the named JDBC URL to connect to,","logger":"airflow.task.hooks.airflow.providers.ssh.hooks.ssh.SSHHook","filename":"ssh.py","lineno":495}
{"timestamp":"2026-04-22T06:52:34.088235Z","level":"info","event":"                                   which should be present in beeline-site.xml","logger":"airflow.task.hooks.airflow.providers.ssh.hooks.ssh.SSHHook","filename":"ssh.py","lineno":495}
{"timestamp":"2026-04-22T06:52:34.088313Z","level":"info","event":"                                   as the value of beeline.hs2.jdbc.url.<namedUrl>","logger":"airflow.task.hooks.airflow.providers.ssh.hooks.ssh.SSHHook","filename":"ssh.py","lineno":495}
{"timestamp":"2026-04-22T06:52:34.088386Z","level":"info","event":"   -r                              reconnect to last saved connect url (in conjunction with !save)","logger":"airflow.task.hooks.airflow.providers.ssh.hooks.ssh.SSHHook","filename":"ssh.py","lineno":495}
{"timestamp":"2026-04-22T06:52:34.088457Z","level":"info","event":"   -n <username>                   the username to connect as","logger":"airflow.task.hooks.airflow.providers.ssh.hooks.ssh.SSHHook","filename":"ssh.py","lineno":495}
{"timestamp":"2026-04-22T06:52:34.088526Z","level":"info","event":"   -p <password>                   the password to connect as","logger":"airflow.task.hooks.airflow.providers.ssh.hooks.ssh.SSHHook","filename":"ssh.py","lineno":495}
{"timestamp":"2026-04-22T06:52:34.088593Z","level":"info","event":"   -d <driver class>               the driver class to use","logger":"airflow.task.hooks.airflow.providers.ssh.hooks.ssh.SSHHook","filename":"ssh.py","lineno":495}
{"timestamp":"2026-04-22T06:52:34.088660Z","level":"info","event":"   -i <init file>                  script file for initialization","logger":"airflow.task.hooks.airflow.providers.ssh.hooks.ssh.SSHHook","filename":"ssh.py","lineno":495}
{"timestamp":"2026-04-22T06:52:34.088728Z","level":"info","event":"   -e <query>                      query that should be executed","logger":"airflow.task.hooks.airflow.providers.ssh.hooks.ssh.SSHHook","filename":"ssh.py","lineno":495}
{"timestamp":"2026-04-22T06:52:34.088794Z","level":"info","event":"   -f <exec file>                  script file that should be executed","logger":"airflow.task.hooks.airflow.providers.ssh.hooks.ssh.SSHHook","filename":"ssh.py","lineno":495}
{"timestamp":"2026-04-22T06:52:34.088862Z","level":"info","event":"   -w (or) --password-file <password file>  the password file to read password from","logger":"airflow.task.hooks.airflow.providers.ssh.hooks.ssh.SSHHook","filename":"ssh.py","lineno":495}
{"timestamp":"2026-04-22T06:52:34.088929Z","level":"info","event":"   --hiveconf property=value       Use value for given property","logger":"airflow.task.hooks.airflow.providers.ssh.hooks.ssh.SSHHook","filename":"ssh.py","lineno":495}
{"timestamp":"2026-04-22T06:52:34.088996Z","level":"info","event":"   --hivevar name=value            hive variable name and value","logger":"airflow.task.hooks.airflow.providers.ssh.hooks.ssh.SSHHook","filename":"ssh.py","lineno":495}
{"timestamp":"2026-04-22T06:52:34.089063Z","level":"info","event":"                                   This is Hive specific settings in which variables","logger":"airflow.task.hooks.airflow.providers.ssh.hooks.ssh.SSHHook","filename":"ssh.py","lineno":495}
{"timestamp":"2026-04-22T06:52:34.089129Z","level":"info","event":"                                   can be set at session level and referenced in Hive","logger":"airflow.task.hooks.airflow.providers.ssh.hooks.ssh.SSHHook","filename":"ssh.py","lineno":495}
{"timestamp":"2026-04-22T06:52:34.089197Z","level":"info","event":"                                   commands or queries.","logger":"airflow.task.hooks.airflow.providers.ssh.hooks.ssh.SSHHook","filename":"ssh.py","lineno":495}
{"timestamp":"2026-04-22T06:52:34.089263Z","level":"info","event":"   --property-file=<property-file> the file to read connection properties (url, driver, user, password) from","logger":"airflow.task.hooks.airflow.providers.ssh.hooks.ssh.SSHHook","filename":"ssh.py","lineno":495}
{"timestamp":"2026-04-22T06:52:34.089329Z","level":"info","event":"   --color=[true/false]            control whether color is used for display","logger":"airflow.task.hooks.airflow.providers.ssh.hooks.ssh.SSHHook","filename":"ssh.py","lineno":495}
{"timestamp":"2026-04-22T06:52:34.089395Z","level":"info","event":"   --showHeader=[true/false]       show column names in query results","logger":"airflow.task.hooks.airflow.providers.ssh.hooks.ssh.SSHHook","filename":"ssh.py","lineno":495}
{"timestamp":"2026-04-22T06:52:34.089462Z","level":"info","event":"   --escapeCRLF=[true/false]       show carriage return and line feeds in query results as escaped \\r and \\n ","logger":"airflow.task.hooks.airflow.providers.ssh.hooks.ssh.SSHHook","filename":"ssh.py","lineno":495}
{"timestamp":"2026-04-22T06:52:34.089552Z","level":"info","event":"   --headerInterval=ROWS;          the interval between which heades are displayed","logger":"airflow.task.hooks.airflow.providers.ssh.hooks.ssh.SSHHook","filename":"ssh.py","lineno":495}
{"timestamp":"2026-04-22T06:52:34.089642Z","level":"info","event":"   --fastConnect=[true/false]      skip building table/column list for tab-completion","logger":"airflow.task.hooks.airflow.providers.ssh.hooks.ssh.SSHHook","filename":"ssh.py","lineno":495}
{"timestamp":"2026-04-22T06:52:34.089732Z","level":"info","event":"   --autoCommit=[true/false]       enable/disable automatic transaction commit","logger":"airflow.task.hooks.airflow.providers.ssh.hooks.ssh.SSHHook","filename":"ssh.py","lineno":495}
{"timestamp":"2026-04-22T06:52:34.089821Z","level":"info","event":"   --verbose=[true/false]          show verbose error messages and debug info","logger":"airflow.task.hooks.airflow.providers.ssh.hooks.ssh.SSHHook","filename":"ssh.py","lineno":495}
{"timestamp":"2026-04-22T06:52:34.089895Z","level":"info","event":"   --showWarnings=[true/false]     display connection warnings","logger":"airflow.task.hooks.airflow.providers.ssh.hooks.ssh.SSHHook","filename":"ssh.py","lineno":495}
{"timestamp":"2026-04-22T06:52:34.089990Z","level":"info","event":"   --showDbInPrompt=[true/false]   display the current database name in the prompt","logger":"airflow.task.hooks.airflow.providers.ssh.hooks.ssh.SSHHook","filename":"ssh.py","lineno":495}
{"timestamp":"2026-04-22T06:52:34.090063Z","level":"info","event":"   --showNestedErrs=[true/false]   display nested errors","logger":"airflow.task.hooks.airflow.providers.ssh.hooks.ssh.SSHHook","filename":"ssh.py","lineno":495}
{"timestamp":"2026-04-22T06:52:34.090133Z","level":"info","event":"   --numberFormat=[pattern]        format numbers using DecimalFormat pattern","logger":"airflow.task.hooks.airflow.providers.ssh.hooks.ssh.SSHHook","filename":"ssh.py","lineno":495}
{"timestamp":"2026-04-22T06:52:34.090199Z","level":"info","event":"   --force=[true/false]            continue running script even after errors","logger":"airflow.task.hooks.airflow.providers.ssh.hooks.ssh.SSHHook","filename":"ssh.py","lineno":495}
{"timestamp":"2026-04-22T06:52:34.090277Z","level":"info","event":"   --maxWidth=MAXWIDTH             the maximum width of the terminal","logger":"airflow.task.hooks.airflow.providers.ssh.hooks.ssh.SSHHook","filename":"ssh.py","lineno":495}
{"timestamp":"2026-04-22T06:52:34.090350Z","level":"info","event":"   --maxColumnWidth=MAXCOLWIDTH    the maximum width to use when displaying columns","logger":"airflow.task.hooks.airflow.providers.ssh.hooks.ssh.SSHHook","filename":"ssh.py","lineno":495}
{"timestamp":"2026-04-22T06:52:34.090417Z","level":"info","event":"   --silent=[true/false]           be more silent","logger":"airflow.task.hooks.airflow.providers.ssh.hooks.ssh.SSHHook","filename":"ssh.py","lineno":495}
{"timestamp":"2026-04-22T06:52:34.090483Z","level":"info","event":"   --autosave=[true/false]         automatically save preferences","logger":"airflow.task.hooks.airflow.providers.ssh.hooks.ssh.SSHHook","filename":"ssh.py","lineno":495}
{"timestamp":"2026-04-22T06:52:34.090549Z","level":"info","event":"   --outputformat=[table/vertical/csv2/tsv2/dsv/csv/tsv]  format mode for result display","logger":"airflow.task.hooks.airflow.providers.ssh.hooks.ssh.SSHHook","filename":"ssh.py","lineno":495}
{"timestamp":"2026-04-22T06:52:34.090616Z","level":"info","event":"                                   Note that csv, and tsv are deprecated - use csv2, tsv2 instead","logger":"airflow.task.hooks.airflow.providers.ssh.hooks.ssh.SSHHook","filename":"ssh.py","lineno":495}
{"timestamp":"2026-04-22T06:52:34.090683Z","level":"info","event":"   --incremental=[true/false]      Defaults to false. When set to false, the entire result set","logger":"airflow.task.hooks.airflow.providers.ssh.hooks.ssh.SSHHook","filename":"ssh.py","lineno":495}
{"timestamp":"2026-04-22T06:52:34.090750Z","level":"info","event":"                                   is fetched and buffered before being displayed, yielding optimal","logger":"airflow.task.hooks.airflow.providers.ssh.hooks.ssh.SSHHook","filename":"ssh.py","lineno":495}
{"timestamp":"2026-04-22T06:52:34.090819Z","level":"info","event":"                                   display column sizing. When set to true, result rows are displayed","logger":"airflow.task.hooks.airflow.providers.ssh.hooks.ssh.SSHHook","filename":"ssh.py","lineno":495}
{"timestamp":"2026-04-22T06:52:34.090956Z","level":"info","event":"                                   immediately as they are fetched, yielding lower latency and","logger":"airflow.task.hooks.airflow.providers.ssh.hooks.ssh.SSHHook","filename":"ssh.py","lineno":495}
{"timestamp":"2026-04-22T06:52:34.091033Z","level":"info","event":"                                   memory usage at the price of extra display column padding.","logger":"airflow.task.hooks.airflow.providers.ssh.hooks.ssh.SSHHook","filename":"ssh.py","lineno":495}
{"timestamp":"2026-04-22T06:52:34.091111Z","level":"info","event":"                                   Setting --incremental=true is recommended if you encounter an OutOfMemory","logger":"airflow.task.hooks.airflow.providers.ssh.hooks.ssh.SSHHook","filename":"ssh.py","lineno":495}
{"timestamp":"2026-04-22T06:52:34.091172Z","level":"info","event":"                                   on the client side (due to the fetched result set size being large).","logger":"airflow.task.hooks.airflow.providers.ssh.hooks.ssh.SSHHook","filename":"ssh.py","lineno":495}
{"timestamp":"2026-04-22T06:52:34.091245Z","level":"info","event":"                                   Only applicable if --outputformat=table.","logger":"airflow.task.hooks.airflow.providers.ssh.hooks.ssh.SSHHook","filename":"ssh.py","lineno":495}
{"timestamp":"2026-04-22T06:52:34.091311Z","level":"info","event":"   --incrementalBufferRows=NUMROWS the number of rows to buffer when printing rows on stdout,","logger":"airflow.task.hooks.airflow.providers.ssh.hooks.ssh.SSHHook","filename":"ssh.py","lineno":495}
{"timestamp":"2026-04-22T06:52:34.091373Z","level":"info","event":"                                   defaults to 1000; only applicable if --incremental=true","logger":"airflow.task.hooks.airflow.providers.ssh.hooks.ssh.SSHHook","filename":"ssh.py","lineno":495}
{"timestamp":"2026-04-22T06:52:34.091448Z","level":"info","event":"                                   and --outputformat=table","logger":"airflow.task.hooks.airflow.providers.ssh.hooks.ssh.SSHHook","filename":"ssh.py","lineno":495}
{"timestamp":"2026-04-22T06:52:34.091511Z","level":"info","event":"   --truncateTable=[true/false]    truncate table column when it exceeds length","logger":"airflow.task.hooks.airflow.providers.ssh.hooks.ssh.SSHHook","filename":"ssh.py","lineno":495}
{"timestamp":"2026-04-22T06:52:34.091571Z","level":"info","event":"   --delimiterForDSV=DELIMITER     specify the delimiter for delimiter-separated values output format (default: |)","logger":"airflow.task.hooks.airflow.providers.ssh.hooks.ssh.SSHHook","filename":"ssh.py","lineno":495}
{"timestamp":"2026-04-22T06:52:34.091631Z","level":"info","event":"   --isolation=LEVEL               set the transaction isolation level","logger":"airflow.task.hooks.airflow.providers.ssh.hooks.ssh.SSHHook","filename":"ssh.py","lineno":495}
{"timestamp":"2026-04-22T06:52:34.091691Z","level":"info","event":"   --nullemptystring=[true/false]  set to true to get historic behavior of printing null as empty string","logger":"airflow.task.hooks.airflow.providers.ssh.hooks.ssh.SSHHook","filename":"ssh.py","lineno":495}
{"timestamp":"2026-04-22T06:52:34.091750Z","level":"info","event":"   --maxHistoryRows=MAXHISTORYROWS The maximum number of rows to store beeline history.","logger":"airflow.task.hooks.airflow.providers.ssh.hooks.ssh.SSHHook","filename":"ssh.py","lineno":495}
{"timestamp":"2026-04-22T06:52:34.091810Z","level":"info","event":"   --delimiter=DELIMITER           set the query delimiter; multi-char delimiters are allowed, but quotation","logger":"airflow.task.hooks.airflow.providers.ssh.hooks.ssh.SSHHook","filename":"ssh.py","lineno":495}
{"timestamp":"2026-04-22T06:52:34.091868Z","level":"info","event":"                                   marks, slashes, and -- are not allowed; defaults to ;","logger":"airflow.task.hooks.airflow.providers.ssh.hooks.ssh.SSHHook","filename":"ssh.py","lineno":495}
{"timestamp":"2026-04-22T06:52:34.091927Z","level":"info","event":"   --convertBinaryArrayToString=[true/false]    display binary column data as string or as byte array ","logger":"airflow.task.hooks.airflow.providers.ssh.hooks.ssh.SSHHook","filename":"ssh.py","lineno":495}
{"timestamp":"2026-04-22T06:52:34.091987Z","level":"info","event":"   --help                          display this message","logger":"airflow.task.hooks.airflow.providers.ssh.hooks.ssh.SSHHook","filename":"ssh.py","lineno":495}
{"timestamp":"2026-04-22T06:52:34.092085Z","level":"info","event":" ","logger":"airflow.task.hooks.airflow.providers.ssh.hooks.ssh.SSHHook","filename":"ssh.py","lineno":495}
{"timestamp":"2026-04-22T06:52:34.092157Z","level":"info","event":"   Example:","logger":"airflow.task.hooks.airflow.providers.ssh.hooks.ssh.SSHHook","filename":"ssh.py","lineno":495}
{"timestamp":"2026-04-22T06:52:34.092218Z","level":"info","event":"    1. Connect using simple authentication to HiveServer2 on localhost:10000","logger":"airflow.task.hooks.airflow.providers.ssh.hooks.ssh.SSHHook","filename":"ssh.py","lineno":495}
{"timestamp":"2026-04-22T06:52:34.092276Z","level":"info","event":"    $ beeline -u jdbc:hive2://localhost:10000 username password","logger":"airflow.task.hooks.airflow.providers.ssh.hooks.ssh.SSHHook","filename":"ssh.py","lineno":495}
{"timestamp":"2026-04-22T06:52:34.092334Z","level":"info","event":"","logger":"airflow.task.hooks.airflow.providers.ssh.hooks.ssh.SSHHook","filename":"ssh.py","lineno":495}
{"timestamp":"2026-04-22T06:52:34.092393Z","level":"info","event":"    2. Connect using simple authentication to HiveServer2 on hs.local:10000 using -n for username and -p for password","logger":"airflow.task.hooks.airflow.providers.ssh.hooks.ssh.SSHHook","filename":"ssh.py","lineno":495}
{"timestamp":"2026-04-22T06:52:34.092450Z","level":"info","event":"    $ beeline -n username -p password -u jdbc:hive2://hs2.local:10012","logger":"airflow.task.hooks.airflow.providers.ssh.hooks.ssh.SSHHook","filename":"ssh.py","lineno":495}
{"timestamp":"2026-04-22T06:52:34.092509Z","level":"info","event":"","logger":"airflow.task.hooks.airflow.providers.ssh.hooks.ssh.SSHHook","filename":"ssh.py","lineno":495}
{"timestamp":"2026-04-22T06:52:34.092567Z","level":"info","event":"    3. Connect using Kerberos authentication with hive/localhost@mydomain.com as HiveServer2 principal","logger":"airflow.task.hooks.airflow.providers.ssh.hooks.ssh.SSHHook","filename":"ssh.py","lineno":495}
{"timestamp":"2026-04-22T06:52:34.092625Z","level":"info","event":"    $ beeline -u \"jdbc:hive2://hs2.local:10013/default;principal=hive/localhost@mydomain.com\"","logger":"airflow.task.hooks.airflow.providers.ssh.hooks.ssh.SSHHook","filename":"ssh.py","lineno":495}
{"timestamp":"2026-04-22T06:52:34.092685Z","level":"info","event":"","logger":"airflow.task.hooks.airflow.providers.ssh.hooks.ssh.SSHHook","filename":"ssh.py","lineno":495}
{"timestamp":"2026-04-22T06:52:34.092743Z","level":"info","event":"    4. Connect using SSL connection to HiveServer2 on localhost at 10000","logger":"airflow.task.hooks.airflow.providers.ssh.hooks.ssh.SSHHook","filename":"ssh.py","lineno":495}
{"timestamp":"2026-04-22T06:52:34.092802Z","level":"info","event":"    $ beeline \"jdbc:hive2://localhost:10000/default;ssl=true;sslTrustStore=/usr/local/truststore;trustStorePassword=mytruststorepassword\"","logger":"airflow.task.hooks.airflow.providers.ssh.hooks.ssh.SSHHook","filename":"ssh.py","lineno":495}
{"timestamp":"2026-04-22T06:52:34.092862Z","level":"info","event":"","logger":"airflow.task.hooks.airflow.providers.ssh.hooks.ssh.SSHHook","filename":"ssh.py","lineno":495}
{"timestamp":"2026-04-22T06:52:34.092920Z","level":"info","event":"    5. Connect using LDAP authentication","logger":"airflow.task.hooks.airflow.providers.ssh.hooks.ssh.SSHHook","filename":"ssh.py","lineno":495}
{"timestamp":"2026-04-22T06:52:34.092977Z","level":"info","event":"    $ beeline -u jdbc:hive2://hs2.local:10013/default <ldap-username> <ldap-password>","logger":"airflow.task.hooks.airflow.providers.ssh.hooks.ssh.SSHHook","filename":"ssh.py","lineno":495}
{"timestamp":"2026-04-22T06:52:34.093037Z","level":"info","event":" ","logger":"airflow.task.hooks.airflow.providers.ssh.hooks.ssh.SSHHook","filename":"ssh.py","lineno":495}
{"timestamp":"2026-04-22T06:52:34.182581Z","level":"warning","event":"bash: 줄 3: ADD: 명령어를 찾을 수 없음","logger":"airflow.task.hooks.airflow.providers.ssh.hooks.ssh.SSHHook","filename":"ssh.py","lineno":500}
{"timestamp":"2026-04-22T06:52:34.183328Z","level":"warning","event":"bash: 줄 5: SET: 명령어를 찾을 수 없음","logger":"airflow.task.hooks.airflow.providers.ssh.hooks.ssh.SSHHook","filename":"ssh.py","lineno":500}
{"timestamp":"2026-04-22T06:52:34.184471Z","level":"warning","event":"bash: 줄 6: SET: 명령어를 찾을 수 없음","logger":"airflow.task.hooks.airflow.providers.ssh.hooks.ssh.SSHHook","filename":"ssh.py","lineno":500}
{"timestamp":"2026-04-22T06:52:34.185992Z","level":"warning","event":"bash: -c: 줄 8: 예기치 않은 토큰 `(' 근처에서 문법 오류","logger":"airflow.task.hooks.airflow.providers.ssh.hooks.ssh.SSHHook","filename":"ssh.py","lineno":500}
{"timestamp":"2026-04-22T06:52:34.186172Z","level":"warning","event":"bash: -c: 줄 8: `            INSERT OVERWRITE TABLE auth PARTITION (dt=20260421)'","logger":"airflow.task.hooks.airflow.providers.ssh.hooks.ssh.SSHHook","filename":"ssh.py","lineno":500}
{"timestamp":"2026-04-22T06:52:34.210996Z","level":"error","event":"Task failed with exception","logger":"task","filename":"task_runner.py","lineno":986,"error_detail":[{"exc_type":"AirflowException","exc_value":"SSH operator error: exit status = 2","exc_notes":[],"syntax_error":null,"is_cause":false,"frames":[{"filename":"/home/airflow/.local/lib/python3.12/site-packages/airflow/sdk/execution_time/task_runner.py","lineno":934,"name":"run"},{"filename":"/home/airflow/.local/lib/python3.12/site-packages/airflow/sdk/execution_time/task_runner.py","lineno":1325,"name":"_execute_task"},{"filename":"/home/airflow/.local/lib/python3.12/site-packages/airflow/sdk/bases/operator.py","lineno":417,"name":"wrapper"},{"filename":"/home/airflow/.local/lib/python3.12/site-packages/airflow/providers/ssh/operators/ssh.py","lineno":177,"name":"execute"},{"filename":"/home/airflow/.local/lib/python3.12/site-packages/airflow/providers/ssh/operators/ssh.py","lineno":165,"name":"run_ssh_client_command"},{"filename":"/home/airflow/.local/lib/python3.12/site-packages/airflow/providers/ssh/operators/ssh.py","lineno":159,"name":"raise_for_status"}],"is_group":false,"exceptions":[]}]}
