{"timestamp":"2026-04-22T03:34:35.817877Z","level":"info","event":"DAG bundles loaded: dags-folder","logger":"airflow.dag_processing.bundles.manager.DagBundlesManager","filename":"manager.py","lineno":179}
{"timestamp":"2026-04-22T03:34:35.818973Z","level":"info","event":"Filling up the DagBag from /opt/airflow/dags/hive_msck.py","logger":"airflow.models.dagbag.DagBag","filename":"dagbag.py","lineno":593}
{"timestamp":"2026-04-22T03:34:35.919242Z","level":"warning","event":"The `airflow.decorators.dag` attribute is deprecated. Please use `'airflow.sdk.dag'`.","category":"DeprecatedImportWarning","filename":"/opt/airflow/dags/hive_msck.py","lineno":3,"logger":"py.warnings"}
{"timestamp":"2026-04-22T03:34:35.919476Z","level":"warning","event":"The `airflow.decorators.task` attribute is deprecated. Please use `'airflow.sdk.task'`.","category":"DeprecatedImportWarning","filename":"/opt/airflow/dags/hive_msck.py","lineno":3,"logger":"py.warnings"}
{"timestamp":"2026-04-22T03:34:36.048555Z","level":"info","event":"ssh_hook is not provided or invalid. Trying ssh_conn_id to create SSHHook.","logger":"airflow.task.operators.airflow.providers.ssh.operators.ssh.SSHOperator","filename":"ssh.py","lineno":127}
{"timestamp":"2026-04-22T03:34:36.094025Z","level":"warning","event":"No Host Key Verification. This won't protect against Man-In-The-Middle attacks","logger":"airflow.task.hooks.airflow.providers.ssh.hooks.ssh.SSHHook","filename":"ssh.py","lineno":298}
{"timestamp":"2026-04-22T03:34:36.115480Z","level":"info","event":"Connected (version 2.0, client OpenSSH_8.9p1)","logger":"paramiko.transport","filename":"transport.py","lineno":1944}
{"timestamp":"2026-04-22T03:34:36.209346Z","level":"info","event":"Authentication (password) successful!","logger":"paramiko.transport","filename":"transport.py","lineno":1944}
{"timestamp":"2026-04-22T03:34:36.210458Z","level":"info","event":"Running command: \n            bash -lc '\n            echo \"==============================\"\n            echo \"TABLE START: auth\"\n            echo \"==============================\"\n\n            # --------------------------------------------------\n            # 1. HDFS partition directory 생성 (-3 ~ +3)\n            # --------------------------------------------------\n            for i in $(seq -3 3);\n            do\n                date=$(date -d \"$i days\" +%Y%m%d)\n                echo \"CREATE HDFS: /hive/auth/dt=$date\"\n\n                hdfs dfs -mkdir -p /hive/auth/dt=$date\n            done\n\n            # --------------------------------------------------\n            # 2. MSCK REPAIR\n            # --------------------------------------------------\n            echo \"MSCK START: auth\"\n\n            beeline -u jdbc:hive2://localhost:10000/default             -e \"MSCK REPAIR TABLE auth\";\n\n            # --------------------------------------------------\n            # 3. VERIFY\n            # --------------------------------------------------\n            echo \"SHOW PARTITIONS: auth\"\n\n            beeline -u jdbc:hive2://localhost:10000/default             -e \"SHOW PARTITIONS auth\";\n\n            echo \"==============================\"\n            echo \"TABLE END: auth\"\n            echo \"==============================\"\n            '\n            ","logger":"airflow.task.hooks.airflow.providers.ssh.hooks.ssh.SSHHook","filename":"ssh.py","lineno":449}
{"timestamp":"2026-04-22T03:34:37.082152Z","level":"info","event":"==============================","logger":"airflow.task.hooks.airflow.providers.ssh.hooks.ssh.SSHHook","filename":"ssh.py","lineno":495}
{"timestamp":"2026-04-22T03:34:37.082390Z","level":"info","event":"TABLE START: auth","logger":"airflow.task.hooks.airflow.providers.ssh.hooks.ssh.SSHHook","filename":"ssh.py","lineno":495}
{"timestamp":"2026-04-22T03:34:37.082471Z","level":"info","event":"==============================","logger":"airflow.task.hooks.airflow.providers.ssh.hooks.ssh.SSHHook","filename":"ssh.py","lineno":495}
{"timestamp":"2026-04-22T03:34:37.087777Z","level":"info","event":"CREATE HDFS: /hive/auth/dt=20260419","logger":"airflow.task.hooks.airflow.providers.ssh.hooks.ssh.SSHHook","filename":"ssh.py","lineno":495}
{"timestamp":"2026-04-22T03:34:40.014560Z","level":"info","event":"CREATE HDFS: /hive/auth/dt=20260420","logger":"airflow.task.hooks.airflow.providers.ssh.hooks.ssh.SSHHook","filename":"ssh.py","lineno":495}
{"timestamp":"2026-04-22T03:34:42.612115Z","level":"info","event":"CREATE HDFS: /hive/auth/dt=20260421","logger":"airflow.task.hooks.airflow.providers.ssh.hooks.ssh.SSHHook","filename":"ssh.py","lineno":495}
{"timestamp":"2026-04-22T03:34:45.115485Z","level":"info","event":"CREATE HDFS: /hive/auth/dt=20260422","logger":"airflow.task.hooks.airflow.providers.ssh.hooks.ssh.SSHHook","filename":"ssh.py","lineno":495}
{"timestamp":"2026-04-22T03:34:47.768359Z","level":"info","event":"CREATE HDFS: /hive/auth/dt=20260423","logger":"airflow.task.hooks.airflow.providers.ssh.hooks.ssh.SSHHook","filename":"ssh.py","lineno":495}
{"timestamp":"2026-04-22T03:34:50.223380Z","level":"info","event":"CREATE HDFS: /hive/auth/dt=20260424","logger":"airflow.task.hooks.airflow.providers.ssh.hooks.ssh.SSHHook","filename":"ssh.py","lineno":495}
{"timestamp":"2026-04-22T03:34:52.630761Z","level":"info","event":"CREATE HDFS: /hive/auth/dt=20260425","logger":"airflow.task.hooks.airflow.providers.ssh.hooks.ssh.SSHHook","filename":"ssh.py","lineno":495}
{"timestamp":"2026-04-22T03:34:54.919329Z","level":"info","event":"MSCK START: auth","logger":"airflow.task.hooks.airflow.providers.ssh.hooks.ssh.SSHHook","filename":"ssh.py","lineno":495}
{"timestamp":"2026-04-22T03:34:56.540905Z","level":"warning","event":"SLF4J: Class path contains multiple SLF4J bindings.","logger":"airflow.task.hooks.airflow.providers.ssh.hooks.ssh.SSHHook","filename":"ssh.py","lineno":500}
{"timestamp":"2026-04-22T03:34:56.541840Z","level":"warning","event":"SLF4J: Found binding in [jar:file:/application/apache-hive-3.1.3-bin/lib/log4j-slf4j-impl-2.17.1.jar!/org/slf4j/impl/StaticLoggerBinder.class]","logger":"airflow.task.hooks.airflow.providers.ssh.hooks.ssh.SSHHook","filename":"ssh.py","lineno":500}
{"timestamp":"2026-04-22T03:34:56.542023Z","level":"warning","event":"SLF4J: Found binding in [jar:file:/application/hadoop-3.2.4/share/hadoop/common/lib/slf4j-reload4j-1.7.35.jar!/org/slf4j/impl/StaticLoggerBinder.class]","logger":"airflow.task.hooks.airflow.providers.ssh.hooks.ssh.SSHHook","filename":"ssh.py","lineno":500}
{"timestamp":"2026-04-22T03:34:56.542160Z","level":"warning","event":"SLF4J: See http://www.slf4j.org/codes.html#multiple_bindings for an explanation.","logger":"airflow.task.hooks.airflow.providers.ssh.hooks.ssh.SSHHook","filename":"ssh.py","lineno":500}
{"timestamp":"2026-04-22T03:34:56.786935Z","level":"warning","event":"SLF4J: Actual binding is of type [org.apache.logging.slf4j.Log4jLoggerFactory]","logger":"airflow.task.hooks.airflow.providers.ssh.hooks.ssh.SSHHook","filename":"ssh.py","lineno":500}
{"timestamp":"2026-04-22T03:34:58.561599Z","level":"warning","event":"Connecting to jdbc:hive2://localhost:10000/default","logger":"airflow.task.hooks.airflow.providers.ssh.hooks.ssh.SSHHook","filename":"ssh.py","lineno":500}
{"timestamp":"2026-04-22T03:34:58.844089Z","level":"warning","event":"Connected to: Apache Hive (version 3.1.3)","logger":"airflow.task.hooks.airflow.providers.ssh.hooks.ssh.SSHHook","filename":"ssh.py","lineno":500}
{"timestamp":"2026-04-22T03:34:58.844527Z","level":"warning","event":"Driver: Hive JDBC (version 3.1.3)","logger":"airflow.task.hooks.airflow.providers.ssh.hooks.ssh.SSHHook","filename":"ssh.py","lineno":500}
{"timestamp":"2026-04-22T03:34:58.844790Z","level":"warning","event":"Transaction isolation: TRANSACTION_REPEATABLE_READ","logger":"airflow.task.hooks.airflow.providers.ssh.hooks.ssh.SSHHook","filename":"ssh.py","lineno":500}
{"timestamp":"2026-04-22T03:34:59.127874Z","level":"warning","event":"INFO  : Compiling command(queryId=root_20260422123458_d0482e5b-f819-4d19-9c0b-af19957651e8): MSCK REPAIR TABLE auth","logger":"airflow.task.hooks.airflow.providers.ssh.hooks.ssh.SSHHook","filename":"ssh.py","lineno":500}
{"timestamp":"2026-04-22T03:34:59.129342Z","level":"warning","event":"INFO  : Concurrency mode is disabled, not creating a lock manager","logger":"airflow.task.hooks.airflow.providers.ssh.hooks.ssh.SSHHook","filename":"ssh.py","lineno":500}
{"timestamp":"2026-04-22T03:34:59.130506Z","level":"warning","event":"INFO  : Semantic Analysis Completed (retrial = false)","logger":"airflow.task.hooks.airflow.providers.ssh.hooks.ssh.SSHHook","filename":"ssh.py","lineno":500}
{"timestamp":"2026-04-22T03:34:59.131257Z","level":"warning","event":"INFO  : Returning Hive schema: Schema(fieldSchemas:null, properties:null)","logger":"airflow.task.hooks.airflow.providers.ssh.hooks.ssh.SSHHook","filename":"ssh.py","lineno":500}
{"timestamp":"2026-04-22T03:34:59.131369Z","level":"warning","event":"INFO  : Completed compiling command(queryId=root_20260422123458_d0482e5b-f819-4d19-9c0b-af19957651e8); Time taken: 0.093 seconds","logger":"airflow.task.hooks.airflow.providers.ssh.hooks.ssh.SSHHook","filename":"ssh.py","lineno":500}
{"timestamp":"2026-04-22T03:34:59.131446Z","level":"warning","event":"INFO  : Concurrency mode is disabled, not creating a lock manager","logger":"airflow.task.hooks.airflow.providers.ssh.hooks.ssh.SSHHook","filename":"ssh.py","lineno":500}
{"timestamp":"2026-04-22T03:34:59.131509Z","level":"warning","event":"INFO  : Executing command(queryId=root_20260422123458_d0482e5b-f819-4d19-9c0b-af19957651e8): MSCK REPAIR TABLE auth","logger":"airflow.task.hooks.airflow.providers.ssh.hooks.ssh.SSHHook","filename":"ssh.py","lineno":500}
{"timestamp":"2026-04-22T03:34:59.131569Z","level":"warning","event":"INFO  : Starting task [Stage-0:DDL] in serial mode","logger":"airflow.task.hooks.airflow.providers.ssh.hooks.ssh.SSHHook","filename":"ssh.py","lineno":500}
{"timestamp":"2026-04-22T03:34:59.131626Z","level":"warning","event":"INFO  : Completed executing command(queryId=root_20260422123458_d0482e5b-f819-4d19-9c0b-af19957651e8); Time taken: 0.086 seconds","logger":"airflow.task.hooks.airflow.providers.ssh.hooks.ssh.SSHHook","filename":"ssh.py","lineno":500}
{"timestamp":"2026-04-22T03:34:59.131694Z","level":"warning","event":"INFO  : OK","logger":"airflow.task.hooks.airflow.providers.ssh.hooks.ssh.SSHHook","filename":"ssh.py","lineno":500}
{"timestamp":"2026-04-22T03:34:59.131753Z","level":"warning","event":"INFO  : Concurrency mode is disabled, not creating a lock manager","logger":"airflow.task.hooks.airflow.providers.ssh.hooks.ssh.SSHHook","filename":"ssh.py","lineno":500}
{"timestamp":"2026-04-22T03:34:59.138599Z","level":"warning","event":"No rows affected (0.26 seconds)","logger":"airflow.task.hooks.airflow.providers.ssh.hooks.ssh.SSHHook","filename":"ssh.py","lineno":500}
{"timestamp":"2026-04-22T03:34:59.143602Z","level":"warning","event":"Beeline version 3.1.3 by Apache Hive","logger":"airflow.task.hooks.airflow.providers.ssh.hooks.ssh.SSHHook","filename":"ssh.py","lineno":500}
{"timestamp":"2026-04-22T03:34:59.238252Z","level":"warning","event":"Closing: 0: jdbc:hive2://localhost:10000/default","logger":"airflow.task.hooks.airflow.providers.ssh.hooks.ssh.SSHHook","filename":"ssh.py","lineno":500}
{"timestamp":"2026-04-22T03:34:59.296933Z","level":"info","event":"SHOW PARTITIONS: auth","logger":"airflow.task.hooks.airflow.providers.ssh.hooks.ssh.SSHHook","filename":"ssh.py","lineno":495}
{"timestamp":"2026-04-22T03:35:00.736844Z","level":"warning","event":"SLF4J: Class path contains multiple SLF4J bindings.","logger":"airflow.task.hooks.airflow.providers.ssh.hooks.ssh.SSHHook","filename":"ssh.py","lineno":500}
{"timestamp":"2026-04-22T03:35:00.737382Z","level":"warning","event":"SLF4J: Found binding in [jar:file:/application/apache-hive-3.1.3-bin/lib/log4j-slf4j-impl-2.17.1.jar!/org/slf4j/impl/StaticLoggerBinder.class]","logger":"airflow.task.hooks.airflow.providers.ssh.hooks.ssh.SSHHook","filename":"ssh.py","lineno":500}
{"timestamp":"2026-04-22T03:35:00.737508Z","level":"warning","event":"SLF4J: Found binding in [jar:file:/application/hadoop-3.2.4/share/hadoop/common/lib/slf4j-reload4j-1.7.35.jar!/org/slf4j/impl/StaticLoggerBinder.class]","logger":"airflow.task.hooks.airflow.providers.ssh.hooks.ssh.SSHHook","filename":"ssh.py","lineno":500}
{"timestamp":"2026-04-22T03:35:00.737582Z","level":"warning","event":"SLF4J: See http://www.slf4j.org/codes.html#multiple_bindings for an explanation.","logger":"airflow.task.hooks.airflow.providers.ssh.hooks.ssh.SSHHook","filename":"ssh.py","lineno":500}
{"timestamp":"2026-04-22T03:35:00.870633Z","level":"warning","event":"SLF4J: Actual binding is of type [org.apache.logging.slf4j.Log4jLoggerFactory]","logger":"airflow.task.hooks.airflow.providers.ssh.hooks.ssh.SSHHook","filename":"ssh.py","lineno":500}
{"timestamp":"2026-04-22T03:35:02.294682Z","level":"warning","event":"Connecting to jdbc:hive2://localhost:10000/default","logger":"airflow.task.hooks.airflow.providers.ssh.hooks.ssh.SSHHook","filename":"ssh.py","lineno":500}
{"timestamp":"2026-04-22T03:35:02.638221Z","level":"warning","event":"Connected to: Apache Hive (version 3.1.3)","logger":"airflow.task.hooks.airflow.providers.ssh.hooks.ssh.SSHHook","filename":"ssh.py","lineno":500}
{"timestamp":"2026-04-22T03:35:02.639542Z","level":"warning","event":"Driver: Hive JDBC (version 3.1.3)","logger":"airflow.task.hooks.airflow.providers.ssh.hooks.ssh.SSHHook","filename":"ssh.py","lineno":500}
{"timestamp":"2026-04-22T03:35:02.640333Z","level":"warning","event":"Transaction isolation: TRANSACTION_REPEATABLE_READ","logger":"airflow.task.hooks.airflow.providers.ssh.hooks.ssh.SSHHook","filename":"ssh.py","lineno":500}
{"timestamp":"2026-04-22T03:35:02.940519Z","level":"warning","event":"INFO  : Compiling command(queryId=root_20260422123502_0fc98b55-8e3b-4424-8af8-3d5d3dcdcd83): SHOW PARTITIONS auth","logger":"airflow.task.hooks.airflow.providers.ssh.hooks.ssh.SSHHook","filename":"ssh.py","lineno":500}
{"timestamp":"2026-04-22T03:35:02.940941Z","level":"warning","event":"INFO  : Concurrency mode is disabled, not creating a lock manager","logger":"airflow.task.hooks.airflow.providers.ssh.hooks.ssh.SSHHook","filename":"ssh.py","lineno":500}
{"timestamp":"2026-04-22T03:35:02.941365Z","level":"warning","event":"INFO  : Semantic Analysis Completed (retrial = false)","logger":"airflow.task.hooks.airflow.providers.ssh.hooks.ssh.SSHHook","filename":"ssh.py","lineno":500}
{"timestamp":"2026-04-22T03:35:02.941867Z","level":"warning","event":"INFO  : Returning Hive schema: Schema(fieldSchemas:[FieldSchema(name:partition, type:string, comment:from deserializer)], properties:null)","logger":"airflow.task.hooks.airflow.providers.ssh.hooks.ssh.SSHHook","filename":"ssh.py","lineno":500}
{"timestamp":"2026-04-22T03:35:02.942336Z","level":"warning","event":"INFO  : Completed compiling command(queryId=root_20260422123502_0fc98b55-8e3b-4424-8af8-3d5d3dcdcd83); Time taken: 0.105 seconds","logger":"airflow.task.hooks.airflow.providers.ssh.hooks.ssh.SSHHook","filename":"ssh.py","lineno":500}
{"timestamp":"2026-04-22T03:35:02.942787Z","level":"warning","event":"INFO  : Concurrency mode is disabled, not creating a lock manager","logger":"airflow.task.hooks.airflow.providers.ssh.hooks.ssh.SSHHook","filename":"ssh.py","lineno":500}
{"timestamp":"2026-04-22T03:35:02.943279Z","level":"warning","event":"INFO  : Executing command(queryId=root_20260422123502_0fc98b55-8e3b-4424-8af8-3d5d3dcdcd83): SHOW PARTITIONS auth","logger":"airflow.task.hooks.airflow.providers.ssh.hooks.ssh.SSHHook","filename":"ssh.py","lineno":500}
{"timestamp":"2026-04-22T03:35:02.943723Z","level":"warning","event":"INFO  : Starting task [Stage-0:DDL] in serial mode","logger":"airflow.task.hooks.airflow.providers.ssh.hooks.ssh.SSHHook","filename":"ssh.py","lineno":500}
{"timestamp":"2026-04-22T03:35:02.944145Z","level":"warning","event":"INFO  : Completed executing command(queryId=root_20260422123502_0fc98b55-8e3b-4424-8af8-3d5d3dcdcd83); Time taken: 0.026 seconds","logger":"airflow.task.hooks.airflow.providers.ssh.hooks.ssh.SSHHook","filename":"ssh.py","lineno":500}
{"timestamp":"2026-04-22T03:35:02.944569Z","level":"warning","event":"INFO  : OK","logger":"airflow.task.hooks.airflow.providers.ssh.hooks.ssh.SSHHook","filename":"ssh.py","lineno":500}
{"timestamp":"2026-04-22T03:35:02.944981Z","level":"warning","event":"INFO  : Concurrency mode is disabled, not creating a lock manager","logger":"airflow.task.hooks.airflow.providers.ssh.hooks.ssh.SSHHook","filename":"ssh.py","lineno":500}
{"timestamp":"2026-04-22T03:35:02.953539Z","level":"info","event":"+--------------+","logger":"airflow.task.hooks.airflow.providers.ssh.hooks.ssh.SSHHook","filename":"ssh.py","lineno":495}
{"timestamp":"2026-04-22T03:35:02.954204Z","level":"info","event":"|  partition   |","logger":"airflow.task.hooks.airflow.providers.ssh.hooks.ssh.SSHHook","filename":"ssh.py","lineno":495}
{"timestamp":"2026-04-22T03:35:02.954869Z","level":"info","event":"+--------------+","logger":"airflow.task.hooks.airflow.providers.ssh.hooks.ssh.SSHHook","filename":"ssh.py","lineno":495}
{"timestamp":"2026-04-22T03:35:02.955600Z","level":"info","event":"| dt=20260419  |","logger":"airflow.task.hooks.airflow.providers.ssh.hooks.ssh.SSHHook","filename":"ssh.py","lineno":495}
{"timestamp":"2026-04-22T03:35:02.956286Z","level":"info","event":"| dt=20260420  |","logger":"airflow.task.hooks.airflow.providers.ssh.hooks.ssh.SSHHook","filename":"ssh.py","lineno":495}
{"timestamp":"2026-04-22T03:35:02.956913Z","level":"info","event":"| dt=20260421  |","logger":"airflow.task.hooks.airflow.providers.ssh.hooks.ssh.SSHHook","filename":"ssh.py","lineno":495}
{"timestamp":"2026-04-22T03:35:02.957569Z","level":"info","event":"| dt=20260422  |","logger":"airflow.task.hooks.airflow.providers.ssh.hooks.ssh.SSHHook","filename":"ssh.py","lineno":495}
{"timestamp":"2026-04-22T03:35:02.958249Z","level":"info","event":"| dt=20260423  |","logger":"airflow.task.hooks.airflow.providers.ssh.hooks.ssh.SSHHook","filename":"ssh.py","lineno":495}
{"timestamp":"2026-04-22T03:35:02.958995Z","level":"info","event":"| dt=20260424  |","logger":"airflow.task.hooks.airflow.providers.ssh.hooks.ssh.SSHHook","filename":"ssh.py","lineno":495}
{"timestamp":"2026-04-22T03:35:02.959696Z","level":"info","event":"| dt=20260425  |","logger":"airflow.task.hooks.airflow.providers.ssh.hooks.ssh.SSHHook","filename":"ssh.py","lineno":495}
{"timestamp":"2026-04-22T03:35:02.961633Z","level":"info","event":"+--------------+","logger":"airflow.task.hooks.airflow.providers.ssh.hooks.ssh.SSHHook","filename":"ssh.py","lineno":495}
{"timestamp":"2026-04-22T03:35:02.963291Z","level":"warning","event":"7 rows selected (0.291 seconds)","logger":"airflow.task.hooks.airflow.providers.ssh.hooks.ssh.SSHHook","filename":"ssh.py","lineno":500}
{"timestamp":"2026-04-22T03:35:02.972407Z","level":"warning","event":"Beeline version 3.1.3 by Apache Hive","logger":"airflow.task.hooks.airflow.providers.ssh.hooks.ssh.SSHHook","filename":"ssh.py","lineno":500}
{"timestamp":"2026-04-22T03:35:02.997150Z","level":"warning","event":"Closing: 0: jdbc:hive2://localhost:10000/default","logger":"airflow.task.hooks.airflow.providers.ssh.hooks.ssh.SSHHook","filename":"ssh.py","lineno":500}
{"timestamp":"2026-04-22T03:35:03.054572Z","level":"info","event":"==============================","logger":"airflow.task.hooks.airflow.providers.ssh.hooks.ssh.SSHHook","filename":"ssh.py","lineno":495}
{"timestamp":"2026-04-22T03:35:03.054759Z","level":"info","event":"TABLE END: auth","logger":"airflow.task.hooks.airflow.providers.ssh.hooks.ssh.SSHHook","filename":"ssh.py","lineno":495}
{"timestamp":"2026-04-22T03:35:03.054880Z","level":"info","event":"==============================","logger":"airflow.task.hooks.airflow.providers.ssh.hooks.ssh.SSHHook","filename":"ssh.py","lineno":495}
{"timestamp":"2026-04-22T03:35:03.077409Z","level":"info","event":"Pushing xcom","ti":"RuntimeTaskInstance(id=UUID('019db340-f683-751a-bea2-5850ba7a955d'), task_id='msck_repair', dag_id='hive_msck_repair', run_id='manual__2026-04-22T03:34:28+00:00', try_number=1, dag_version_id=UUID('019db340-49c8-7d26-b3be-20b08895af80'), map_index=0, hostname='d70869c01b70', context_carrier={}, task=<Task(SSHOperator): msck_repair>, bundle_instance=LocalDagBundle(name=dags-folder), max_tries=0, start_date=datetime.datetime(2026, 4, 22, 3, 34, 35, 748015, tzinfo=datetime.timezone.utc), end_date=None, state=<TaskInstanceState.RUNNING: 'running'>, is_mapped=True, rendered_map_index=None)","logger":"task","filename":"task_runner.py","lineno":1370}
