{"timestamp":"2026-04-22T07:30:47.770152Z","level":"info","event":"DAG bundles loaded: dags-folder","logger":"airflow.dag_processing.bundles.manager.DagBundlesManager","filename":"manager.py","lineno":179}
{"timestamp":"2026-04-22T07:30:47.771764Z","level":"info","event":"Filling up the DagBag from /opt/airflow/dags/hive_msck.py","logger":"airflow.models.dagbag.DagBag","filename":"dagbag.py","lineno":593}
{"timestamp":"2026-04-22T07:30:47.872680Z","level":"warning","event":"The `airflow.decorators.dag` attribute is deprecated. Please use `'airflow.sdk.dag'`.","category":"DeprecatedImportWarning","filename":"/opt/airflow/dags/hive_msck.py","lineno":3,"logger":"py.warnings"}
{"timestamp":"2026-04-22T07:30:47.872909Z","level":"warning","event":"The `airflow.decorators.task` attribute is deprecated. Please use `'airflow.sdk.task'`.","category":"DeprecatedImportWarning","filename":"/opt/airflow/dags/hive_msck.py","lineno":3,"logger":"py.warnings"}
{"timestamp":"2026-04-22T07:30:47.940858Z","level":"info","event":"ssh_hook is not provided or invalid. Trying ssh_conn_id to create SSHHook.","logger":"airflow.task.operators.airflow.providers.ssh.operators.ssh.SSHOperator","filename":"ssh.py","lineno":127}
{"timestamp":"2026-04-22T07:30:47.963079Z","level":"warning","event":"No Host Key Verification. This won't protect against Man-In-The-Middle attacks","logger":"airflow.task.hooks.airflow.providers.ssh.hooks.ssh.SSHHook","filename":"ssh.py","lineno":298}
{"timestamp":"2026-04-22T07:30:47.993609Z","level":"info","event":"Connected (version 2.0, client OpenSSH_8.9p1)","logger":"paramiko.transport","filename":"transport.py","lineno":1944}
{"timestamp":"2026-04-22T07:30:48.089655Z","level":"info","event":"Authentication (password) successful!","logger":"paramiko.transport","filename":"transport.py","lineno":1944}
{"timestamp":"2026-04-22T07:30:48.091130Z","level":"info","event":"Running command: bash -lc 'beeline -u jdbc:hive2://localhost:10000/default -e \"ADD JAR /application/apache-hive-3.1.3-bin/lib/hive-hcatalog-core-3.1.3.jar;             SET hive.exec.dynamic.partition=true;             SET hive.exec.dynamic.partition.mode=nonstrict;             INSERT OVERWRITE TABLE auth PARTITION (dt=20260421)             SELECT hostname, log_type, priority, version, \\`timestamp\\`, program, pid, msgid, structured_data, message, event_timestamp, event_time, priority_int, facility, severity FROM raw_auth WHERE dt=20260421;\"'","logger":"airflow.task.hooks.airflow.providers.ssh.hooks.ssh.SSHHook","filename":"ssh.py","lineno":449}
{"timestamp":"2026-04-22T07:30:50.671033Z","level":"warning","event":"SLF4J: Class path contains multiple SLF4J bindings.","logger":"airflow.task.hooks.airflow.providers.ssh.hooks.ssh.SSHHook","filename":"ssh.py","lineno":500}
{"timestamp":"2026-04-22T07:30:50.671687Z","level":"warning","event":"SLF4J: Found binding in [jar:file:/application/apache-hive-3.1.3-bin/lib/log4j-slf4j-impl-2.17.1.jar!/org/slf4j/impl/StaticLoggerBinder.class]","logger":"airflow.task.hooks.airflow.providers.ssh.hooks.ssh.SSHHook","filename":"ssh.py","lineno":500}
{"timestamp":"2026-04-22T07:30:50.672208Z","level":"warning","event":"SLF4J: Found binding in [jar:file:/application/hadoop-3.2.4/share/hadoop/common/lib/slf4j-reload4j-1.7.35.jar!/org/slf4j/impl/StaticLoggerBinder.class]","logger":"airflow.task.hooks.airflow.providers.ssh.hooks.ssh.SSHHook","filename":"ssh.py","lineno":500}
{"timestamp":"2026-04-22T07:30:50.672345Z","level":"warning","event":"SLF4J: See http://www.slf4j.org/codes.html#multiple_bindings for an explanation.","logger":"airflow.task.hooks.airflow.providers.ssh.hooks.ssh.SSHHook","filename":"ssh.py","lineno":500}
{"timestamp":"2026-04-22T07:30:50.844164Z","level":"warning","event":"SLF4J: Actual binding is of type [org.apache.logging.slf4j.Log4jLoggerFactory]","logger":"airflow.task.hooks.airflow.providers.ssh.hooks.ssh.SSHHook","filename":"ssh.py","lineno":500}
{"timestamp":"2026-04-22T07:30:52.378501Z","level":"warning","event":"Connecting to jdbc:hive2://localhost:10000/default","logger":"airflow.task.hooks.airflow.providers.ssh.hooks.ssh.SSHHook","filename":"ssh.py","lineno":500}
{"timestamp":"2026-04-22T07:30:52.801036Z","level":"warning","event":"Connected to: Apache Hive (version 3.1.3)","logger":"airflow.task.hooks.airflow.providers.ssh.hooks.ssh.SSHHook","filename":"ssh.py","lineno":500}
{"timestamp":"2026-04-22T07:30:52.801526Z","level":"warning","event":"Driver: Hive JDBC (version 3.1.3)","logger":"airflow.task.hooks.airflow.providers.ssh.hooks.ssh.SSHHook","filename":"ssh.py","lineno":500}
{"timestamp":"2026-04-22T07:30:52.801825Z","level":"warning","event":"Transaction isolation: TRANSACTION_REPEATABLE_READ","logger":"airflow.task.hooks.airflow.providers.ssh.hooks.ssh.SSHHook","filename":"ssh.py","lineno":500}
{"timestamp":"2026-04-22T07:30:52.916811Z","level":"warning","event":"INFO  : Added [/application/apache-hive-3.1.3-bin/lib/hive-hcatalog-core-3.1.3.jar] to class path","logger":"airflow.task.hooks.airflow.providers.ssh.hooks.ssh.SSHHook","filename":"ssh.py","lineno":500}
{"timestamp":"2026-04-22T07:30:52.917036Z","level":"warning","event":"INFO  : Added resources: [/application/apache-hive-3.1.3-bin/lib/hive-hcatalog-core-3.1.3.jar]","logger":"airflow.task.hooks.airflow.providers.ssh.hooks.ssh.SSHHook","filename":"ssh.py","lineno":500}
{"timestamp":"2026-04-22T07:30:52.919303Z","level":"warning","event":"No rows affected (0.085 seconds)","logger":"airflow.task.hooks.airflow.providers.ssh.hooks.ssh.SSHHook","filename":"ssh.py","lineno":500}
{"timestamp":"2026-04-22T07:30:53.022174Z","level":"warning","event":"No rows affected (0.089 seconds)","logger":"airflow.task.hooks.airflow.providers.ssh.hooks.ssh.SSHHook","filename":"ssh.py","lineno":500}
{"timestamp":"2026-04-22T07:30:53.051328Z","level":"warning","event":"No rows affected (0.014 seconds)","logger":"airflow.task.hooks.airflow.providers.ssh.hooks.ssh.SSHHook","filename":"ssh.py","lineno":500}
{"timestamp":"2026-04-22T07:30:54.102354Z","level":"warning","event":"INFO  : Compiling command(queryId=root_20260422163053_9b730089-bc16-4924-9fe3-3784b447cd56): INSERT OVERWRITE TABLE auth PARTITION (dt=20260421)             SELECT hostname, log_type, priority, version, `timestamp`, program, pid, msgid, structured_data, message, event_timestamp, event_time, priority_int, facility, severity FROM raw_auth WHERE dt=20260421","logger":"airflow.task.hooks.airflow.providers.ssh.hooks.ssh.SSHHook","filename":"ssh.py","lineno":500}
{"timestamp":"2026-04-22T07:30:54.102593Z","level":"warning","event":"INFO  : Concurrency mode is disabled, not creating a lock manager","logger":"airflow.task.hooks.airflow.providers.ssh.hooks.ssh.SSHHook","filename":"ssh.py","lineno":500}
{"timestamp":"2026-04-22T07:30:54.102676Z","level":"warning","event":"INFO  : Semantic Analysis Completed (retrial = false)","logger":"airflow.task.hooks.airflow.providers.ssh.hooks.ssh.SSHHook","filename":"ssh.py","lineno":500}
{"timestamp":"2026-04-22T07:30:54.102741Z","level":"warning","event":"INFO  : Returning Hive schema: Schema(fieldSchemas:[FieldSchema(name:hostname, type:string, comment:null), FieldSchema(name:log_type, type:string, comment:null), FieldSchema(name:priority, type:string, comment:null), FieldSchema(name:version, type:string, comment:null), FieldSchema(name:timestamp, type:string, comment:null), FieldSchema(name:program, type:string, comment:null), FieldSchema(name:pid, type:string, comment:null), FieldSchema(name:msgid, type:string, comment:null), FieldSchema(name:structured_data, type:string, comment:null), FieldSchema(name:message, type:string, comment:null), FieldSchema(name:event_timestamp, type:string, comment:null), FieldSchema(name:event_time, type:string, comment:null), FieldSchema(name:priority_int, type:int, comment:null), FieldSchema(name:facility, type:int, comment:null), FieldSchema(name:severity, type:int, comment:null)], properties:null)","logger":"airflow.task.hooks.airflow.providers.ssh.hooks.ssh.SSHHook","filename":"ssh.py","lineno":500}
{"timestamp":"2026-04-22T07:30:54.102806Z","level":"warning","event":"INFO  : Completed compiling command(queryId=root_20260422163053_9b730089-bc16-4924-9fe3-3784b447cd56); Time taken: 0.528 seconds","logger":"airflow.task.hooks.airflow.providers.ssh.hooks.ssh.SSHHook","filename":"ssh.py","lineno":500}
{"timestamp":"2026-04-22T07:30:54.102893Z","level":"warning","event":"INFO  : Concurrency mode is disabled, not creating a lock manager","logger":"airflow.task.hooks.airflow.providers.ssh.hooks.ssh.SSHHook","filename":"ssh.py","lineno":500}
{"timestamp":"2026-04-22T07:30:54.102977Z","level":"warning","event":"INFO  : Executing command(queryId=root_20260422163053_9b730089-bc16-4924-9fe3-3784b447cd56): INSERT OVERWRITE TABLE auth PARTITION (dt=20260421)             SELECT hostname, log_type, priority, version, `timestamp`, program, pid, msgid, structured_data, message, event_timestamp, event_time, priority_int, facility, severity FROM raw_auth WHERE dt=20260421","logger":"airflow.task.hooks.airflow.providers.ssh.hooks.ssh.SSHHook","filename":"ssh.py","lineno":500}
{"timestamp":"2026-04-22T07:30:54.103040Z","level":"warning","event":"WARN  : Hive-on-MR is deprecated in Hive 2 and may not be available in the future versions. Consider using a different execution engine (i.e. spark, tez) or using Hive 1.X releases.","logger":"airflow.task.hooks.airflow.providers.ssh.hooks.ssh.SSHHook","filename":"ssh.py","lineno":500}
{"timestamp":"2026-04-22T07:30:54.103096Z","level":"warning","event":"INFO  : Query ID = root_20260422163053_9b730089-bc16-4924-9fe3-3784b447cd56","logger":"airflow.task.hooks.airflow.providers.ssh.hooks.ssh.SSHHook","filename":"ssh.py","lineno":500}
{"timestamp":"2026-04-22T07:30:54.103150Z","level":"warning","event":"INFO  : Total jobs = 3","logger":"airflow.task.hooks.airflow.providers.ssh.hooks.ssh.SSHHook","filename":"ssh.py","lineno":500}
{"timestamp":"2026-04-22T07:30:54.103204Z","level":"warning","event":"INFO  : Launching Job 1 out of 3","logger":"airflow.task.hooks.airflow.providers.ssh.hooks.ssh.SSHHook","filename":"ssh.py","lineno":500}
{"timestamp":"2026-04-22T07:30:54.103270Z","level":"warning","event":"INFO  : Starting task [Stage-1:MAPRED] in serial mode","logger":"airflow.task.hooks.airflow.providers.ssh.hooks.ssh.SSHHook","filename":"ssh.py","lineno":500}
{"timestamp":"2026-04-22T07:30:54.103328Z","level":"warning","event":"INFO  : Number of reduce tasks not specified. Estimated from input data size: 1","logger":"airflow.task.hooks.airflow.providers.ssh.hooks.ssh.SSHHook","filename":"ssh.py","lineno":500}
{"timestamp":"2026-04-22T07:30:54.103381Z","level":"warning","event":"INFO  : In order to change the average load for a reducer (in bytes):","logger":"airflow.task.hooks.airflow.providers.ssh.hooks.ssh.SSHHook","filename":"ssh.py","lineno":500}
{"timestamp":"2026-04-22T07:30:54.103444Z","level":"warning","event":"INFO  :   set hive.exec.reducers.bytes.per.reducer=<number>","logger":"airflow.task.hooks.airflow.providers.ssh.hooks.ssh.SSHHook","filename":"ssh.py","lineno":500}
{"timestamp":"2026-04-22T07:30:54.103498Z","level":"warning","event":"INFO  : In order to limit the maximum number of reducers:","logger":"airflow.task.hooks.airflow.providers.ssh.hooks.ssh.SSHHook","filename":"ssh.py","lineno":500}
{"timestamp":"2026-04-22T07:30:54.103551Z","level":"warning","event":"INFO  :   set hive.exec.reducers.max=<number>","logger":"airflow.task.hooks.airflow.providers.ssh.hooks.ssh.SSHHook","filename":"ssh.py","lineno":500}
{"timestamp":"2026-04-22T07:30:54.103613Z","level":"warning","event":"INFO  : In order to set a constant number of reducers:","logger":"airflow.task.hooks.airflow.providers.ssh.hooks.ssh.SSHHook","filename":"ssh.py","lineno":500}
{"timestamp":"2026-04-22T07:30:54.103667Z","level":"warning","event":"INFO  :   set mapreduce.job.reduces=<number>","logger":"airflow.task.hooks.airflow.providers.ssh.hooks.ssh.SSHHook","filename":"ssh.py","lineno":500}
{"timestamp":"2026-04-22T07:30:55.112437Z","level":"warning","event":"INFO  : number of splits:1","logger":"airflow.task.hooks.airflow.providers.ssh.hooks.ssh.SSHHook","filename":"ssh.py","lineno":500}
{"timestamp":"2026-04-22T07:30:55.112771Z","level":"warning","event":"INFO  : Submitting tokens for job: job_1773931628321_0062","logger":"airflow.task.hooks.airflow.providers.ssh.hooks.ssh.SSHHook","filename":"ssh.py","lineno":500}
{"timestamp":"2026-04-22T07:30:55.112949Z","level":"warning","event":"INFO  : Executing with tokens: []","logger":"airflow.task.hooks.airflow.providers.ssh.hooks.ssh.SSHHook","filename":"ssh.py","lineno":500}
{"timestamp":"2026-04-22T07:30:55.113072Z","level":"warning","event":"INFO  : The url to track the job: http://m2:8088/proxy/application_1773931628321_0062/","logger":"airflow.task.hooks.airflow.providers.ssh.hooks.ssh.SSHHook","filename":"ssh.py","lineno":500}
{"timestamp":"2026-04-22T07:30:55.113181Z","level":"warning","event":"INFO  : Starting Job = job_1773931628321_0062, Tracking URL = http://m2:8088/proxy/application_1773931628321_0062/","logger":"airflow.task.hooks.airflow.providers.ssh.hooks.ssh.SSHHook","filename":"ssh.py","lineno":500}
{"timestamp":"2026-04-22T07:30:55.113376Z","level":"warning","event":"INFO  : Kill Command = /application/hadoop/bin/mapred job  -kill job_1773931628321_0062","logger":"airflow.task.hooks.airflow.providers.ssh.hooks.ssh.SSHHook","filename":"ssh.py","lineno":500}
{"timestamp":"2026-04-22T07:31:03.183163Z","level":"warning","event":"INFO  : Hadoop job information for Stage-1: number of mappers: 1; number of reducers: 1","logger":"airflow.task.hooks.airflow.providers.ssh.hooks.ssh.SSHHook","filename":"ssh.py","lineno":500}
{"timestamp":"2026-04-22T07:31:03.184361Z","level":"warning","event":"INFO  : 2026-04-22 16:31:03,016 Stage-1 map = 0%,  reduce = 0%","logger":"airflow.task.hooks.airflow.providers.ssh.hooks.ssh.SSHHook","filename":"ssh.py","lineno":500}
{"timestamp":"2026-04-22T07:31:16.250530Z","level":"warning","event":"INFO  : 2026-04-22 16:31:15,679 Stage-1 map = 100%,  reduce = 0%, Cumulative CPU 10.17 sec","logger":"airflow.task.hooks.airflow.providers.ssh.hooks.ssh.SSHHook","filename":"ssh.py","lineno":500}
{"timestamp":"2026-04-22T07:31:23.777214Z","level":"warning","event":"INFO  : 2026-04-22 16:31:23,067 Stage-1 map = 100%,  reduce = 100%, Cumulative CPU 13.22 sec","logger":"airflow.task.hooks.airflow.providers.ssh.hooks.ssh.SSHHook","filename":"ssh.py","lineno":500}
{"timestamp":"2026-04-22T07:31:25.482409Z","level":"warning","event":"INFO  : MapReduce Total cumulative CPU time: 13 seconds 220 msec","logger":"airflow.task.hooks.airflow.providers.ssh.hooks.ssh.SSHHook","filename":"ssh.py","lineno":500}
{"timestamp":"2026-04-22T07:31:25.482649Z","level":"warning","event":"INFO  : Ended Job = job_1773931628321_0062","logger":"airflow.task.hooks.airflow.providers.ssh.hooks.ssh.SSHHook","filename":"ssh.py","lineno":500}
{"timestamp":"2026-04-22T07:31:25.482739Z","level":"warning","event":"INFO  : Starting task [Stage-7:CONDITIONAL] in serial mode","logger":"airflow.task.hooks.airflow.providers.ssh.hooks.ssh.SSHHook","filename":"ssh.py","lineno":500}
{"timestamp":"2026-04-22T07:31:25.482814Z","level":"warning","event":"INFO  : Stage-4 is selected by condition resolver.","logger":"airflow.task.hooks.airflow.providers.ssh.hooks.ssh.SSHHook","filename":"ssh.py","lineno":500}
{"timestamp":"2026-04-22T07:31:25.482920Z","level":"warning","event":"INFO  : Stage-3 is filtered out by condition resolver.","logger":"airflow.task.hooks.airflow.providers.ssh.hooks.ssh.SSHHook","filename":"ssh.py","lineno":500}
{"timestamp":"2026-04-22T07:31:25.483016Z","level":"warning","event":"INFO  : Stage-5 is filtered out by condition resolver.","logger":"airflow.task.hooks.airflow.providers.ssh.hooks.ssh.SSHHook","filename":"ssh.py","lineno":500}
{"timestamp":"2026-04-22T07:31:25.483086Z","level":"warning","event":"INFO  : Starting task [Stage-4:MOVE] in serial mode","logger":"airflow.task.hooks.airflow.providers.ssh.hooks.ssh.SSHHook","filename":"ssh.py","lineno":500}
{"timestamp":"2026-04-22T07:31:25.483155Z","level":"warning","event":"INFO  : Moving data to directory hdfs://job-cluster/hive/auth/dt=20260421/.hive-staging_hive_2026-04-22_16-30-53_132_7255650957871936274-3/-ext-10000 from hdfs://job-cluster/hive/auth/dt=20260421/.hive-staging_hive_2026-04-22_16-30-53_132_7255650957871936274-3/-ext-10002","logger":"airflow.task.hooks.airflow.providers.ssh.hooks.ssh.SSHHook","filename":"ssh.py","lineno":500}
{"timestamp":"2026-04-22T07:31:25.483224Z","level":"warning","event":"INFO  : Starting task [Stage-0:MOVE] in serial mode","logger":"airflow.task.hooks.airflow.providers.ssh.hooks.ssh.SSHHook","filename":"ssh.py","lineno":500}
{"timestamp":"2026-04-22T07:31:25.483289Z","level":"warning","event":"INFO  : Loading data to table default.auth partition (dt=20260421) from hdfs://job-cluster/hive/auth/dt=20260421/.hive-staging_hive_2026-04-22_16-30-53_132_7255650957871936274-3/-ext-10000","logger":"airflow.task.hooks.airflow.providers.ssh.hooks.ssh.SSHHook","filename":"ssh.py","lineno":500}
{"timestamp":"2026-04-22T07:31:25.483355Z","level":"warning","event":"INFO  : Starting task [Stage-2:STATS] in serial mode","logger":"airflow.task.hooks.airflow.providers.ssh.hooks.ssh.SSHHook","filename":"ssh.py","lineno":500}
{"timestamp":"2026-04-22T07:31:25.483421Z","level":"warning","event":"INFO  : MapReduce Jobs Launched: ","logger":"airflow.task.hooks.airflow.providers.ssh.hooks.ssh.SSHHook","filename":"ssh.py","lineno":500}
{"timestamp":"2026-04-22T07:31:25.483486Z","level":"warning","event":"INFO  : Stage-Stage-1: Map: 1  Reduce: 1   Cumulative CPU: 13.22 sec   HDFS Read: 6715698 HDFS Write: 1400164 SUCCESS","logger":"airflow.task.hooks.airflow.providers.ssh.hooks.ssh.SSHHook","filename":"ssh.py","lineno":500}
{"timestamp":"2026-04-22T07:31:25.483550Z","level":"warning","event":"INFO  : Total MapReduce CPU Time Spent: 13 seconds 220 msec","logger":"airflow.task.hooks.airflow.providers.ssh.hooks.ssh.SSHHook","filename":"ssh.py","lineno":500}
{"timestamp":"2026-04-22T07:31:25.483616Z","level":"warning","event":"INFO  : Completed executing command(queryId=root_20260422163053_9b730089-bc16-4924-9fe3-3784b447cd56); Time taken: 31.883 seconds","logger":"airflow.task.hooks.airflow.providers.ssh.hooks.ssh.SSHHook","filename":"ssh.py","lineno":500}
{"timestamp":"2026-04-22T07:31:25.483682Z","level":"warning","event":"INFO  : OK","logger":"airflow.task.hooks.airflow.providers.ssh.hooks.ssh.SSHHook","filename":"ssh.py","lineno":500}
{"timestamp":"2026-04-22T07:31:25.483748Z","level":"warning","event":"INFO  : Concurrency mode is disabled, not creating a lock manager","logger":"airflow.task.hooks.airflow.providers.ssh.hooks.ssh.SSHHook","filename":"ssh.py","lineno":500}
{"timestamp":"2026-04-22T07:31:25.488598Z","level":"warning","event":"No rows affected (32.435 seconds)","logger":"airflow.task.hooks.airflow.providers.ssh.hooks.ssh.SSHHook","filename":"ssh.py","lineno":500}
{"timestamp":"2026-04-22T07:31:25.506993Z","level":"warning","event":"Beeline version 3.1.3 by Apache Hive","logger":"airflow.task.hooks.airflow.providers.ssh.hooks.ssh.SSHHook","filename":"ssh.py","lineno":500}
{"timestamp":"2026-04-22T07:31:25.525394Z","level":"warning","event":"Closing: 0: jdbc:hive2://localhost:10000/default","logger":"airflow.task.hooks.airflow.providers.ssh.hooks.ssh.SSHHook","filename":"ssh.py","lineno":500}
{"timestamp":"2026-04-22T07:31:25.616948Z","level":"info","event":"Pushing xcom","ti":"RuntimeTaskInstance(id=UUID('019db419-30df-7896-b198-d370a82f669b'), task_id='hive_insert', dag_id='hive_msck_repair', run_id='manual__2026-04-21T07:30:37+00:00', try_number=1, dag_version_id=UUID('019db405-cb47-72a5-8190-a3ea76cbee30'), map_index=0, hostname='d70869c01b70', context_carrier={}, task=<Task(SSHOperator): hive_insert>, bundle_instance=LocalDagBundle(name=dags-folder), max_tries=0, start_date=datetime.datetime(2026, 4, 22, 7, 30, 47, 694631, tzinfo=datetime.timezone.utc), end_date=None, state=<TaskInstanceState.RUNNING: 'running'>, is_mapped=True, rendered_map_index=None)","logger":"task","filename":"task_runner.py","lineno":1370}
