{"timestamp":"2026-04-22T01:00:03.880155Z","level":"info","event":"DAG bundles loaded: dags-folder","logger":"airflow.dag_processing.bundles.manager.DagBundlesManager","filename":"manager.py","lineno":179}
{"timestamp":"2026-04-22T01:00:03.881474Z","level":"info","event":"Filling up the DagBag from /opt/airflow/dags/hive_msck.py","logger":"airflow.models.dagbag.DagBag","filename":"dagbag.py","lineno":593}
{"timestamp":"2026-04-22T01:00:03.968963Z","level":"warning","event":"The `airflow.decorators.dag` attribute is deprecated. Please use `'airflow.sdk.dag'`.","category":"DeprecatedImportWarning","filename":"/opt/airflow/dags/hive_msck.py","lineno":3,"logger":"py.warnings"}
{"timestamp":"2026-04-22T01:00:03.969162Z","level":"warning","event":"The `airflow.decorators.task` attribute is deprecated. Please use `'airflow.sdk.task'`.","category":"DeprecatedImportWarning","filename":"/opt/airflow/dags/hive_msck.py","lineno":3,"logger":"py.warnings"}
{"timestamp":"2026-04-22T01:00:04.017847Z","level":"info","event":"ssh_hook is not provided or invalid. Trying ssh_conn_id to create SSHHook.","logger":"airflow.task.operators.airflow.providers.ssh.operators.ssh.SSHOperator","filename":"ssh.py","lineno":127}
{"timestamp":"2026-04-22T01:00:04.036951Z","level":"warning","event":"No Host Key Verification. This won't protect against Man-In-The-Middle attacks","logger":"airflow.task.hooks.airflow.providers.ssh.hooks.ssh.SSHHook","filename":"ssh.py","lineno":298}
{"timestamp":"2026-04-22T01:00:04.053713Z","level":"info","event":"Connected (version 2.0, client OpenSSH_8.9p1)","logger":"paramiko.transport","filename":"transport.py","lineno":1944}
{"timestamp":"2026-04-22T01:00:04.166126Z","level":"info","event":"Authentication (password) successful!","logger":"paramiko.transport","filename":"transport.py","lineno":1944}
{"timestamp":"2026-04-22T01:00:04.167357Z","level":"info","event":"Running command: \n            bash -lc '\n            source ~/.bashrc\n            export PATH=$JAVA_HOME/bin:$HADOOP_HOME/bin:$HIVE_HOME/bin:$SPARK_HOME/bin:/usr/bin:/bin\n\n            echo \"===== DEBUG =====\"\n            which spark-class\n            which beeline\n\n            echo \"===== MSCK START: dpkg =====\";\n\n            beeline -u jdbc:hive2://localhost:10000/default             -e \"MSCK REPAIR TABLE dpkg\";\n\n            if [ $? -eq 0 ]; then\n                echo \"[SUCCESS] dpkg\";\n            else\n                echo \"[FAIL] dpkg\";\n                exit 1;\n            fi\n\n            echo \"===== MSCK END: dpkg =====\"\n      \n            '\n            ","logger":"airflow.task.hooks.airflow.providers.ssh.hooks.ssh.SSHHook","filename":"ssh.py","lineno":449}
{"timestamp":"2026-04-22T01:00:04.319606Z","level":"info","event":"===== DEBUG =====","logger":"airflow.task.hooks.airflow.providers.ssh.hooks.ssh.SSHHook","filename":"ssh.py","lineno":495}
{"timestamp":"2026-04-22T01:00:04.324451Z","level":"info","event":"===== MSCK START: dpkg =====","logger":"airflow.task.hooks.airflow.providers.ssh.hooks.ssh.SSHHook","filename":"ssh.py","lineno":495}
{"timestamp":"2026-04-22T01:00:04.325372Z","level":"warning","event":"bash: 줄 11: beeline: 명령어를 찾을 수 없음","logger":"airflow.task.hooks.airflow.providers.ssh.hooks.ssh.SSHHook","filename":"ssh.py","lineno":500}
{"timestamp":"2026-04-22T01:00:04.325957Z","level":"info","event":"[FAIL] dpkg","logger":"airflow.task.hooks.airflow.providers.ssh.hooks.ssh.SSHHook","filename":"ssh.py","lineno":495}
{"timestamp":"2026-04-22T01:00:04.343069Z","level":"error","event":"Task failed with exception","logger":"task","filename":"task_runner.py","lineno":986,"error_detail":[{"exc_type":"AirflowException","exc_value":"SSH operator error: exit status = 1","exc_notes":[],"syntax_error":null,"is_cause":false,"frames":[{"filename":"/home/airflow/.local/lib/python3.12/site-packages/airflow/sdk/execution_time/task_runner.py","lineno":934,"name":"run"},{"filename":"/home/airflow/.local/lib/python3.12/site-packages/airflow/sdk/execution_time/task_runner.py","lineno":1325,"name":"_execute_task"},{"filename":"/home/airflow/.local/lib/python3.12/site-packages/airflow/sdk/bases/operator.py","lineno":417,"name":"wrapper"},{"filename":"/home/airflow/.local/lib/python3.12/site-packages/airflow/providers/ssh/operators/ssh.py","lineno":177,"name":"execute"},{"filename":"/home/airflow/.local/lib/python3.12/site-packages/airflow/providers/ssh/operators/ssh.py","lineno":165,"name":"run_ssh_client_command"},{"filename":"/home/airflow/.local/lib/python3.12/site-packages/airflow/providers/ssh/operators/ssh.py","lineno":159,"name":"raise_for_status"}],"is_group":false,"exceptions":[]}]}
{"timestamp":"2026-04-22T01:41:11.684921Z","level":"info","event":"DAG bundles loaded: dags-folder","logger":"airflow.dag_processing.bundles.manager.DagBundlesManager","filename":"manager.py","lineno":179}
{"timestamp":"2026-04-22T01:41:11.686415Z","level":"info","event":"Filling up the DagBag from /opt/airflow/dags/hive_msck.py","logger":"airflow.models.dagbag.DagBag","filename":"dagbag.py","lineno":593}
{"timestamp":"2026-04-22T01:41:11.826477Z","level":"warning","event":"The `airflow.decorators.dag` attribute is deprecated. Please use `'airflow.sdk.dag'`.","category":"DeprecatedImportWarning","filename":"/opt/airflow/dags/hive_msck.py","lineno":3,"logger":"py.warnings"}
{"timestamp":"2026-04-22T01:41:11.826698Z","level":"warning","event":"The `airflow.decorators.task` attribute is deprecated. Please use `'airflow.sdk.task'`.","category":"DeprecatedImportWarning","filename":"/opt/airflow/dags/hive_msck.py","lineno":3,"logger":"py.warnings"}
{"timestamp":"2026-04-22T01:41:11.918331Z","level":"info","event":"ssh_hook is not provided or invalid. Trying ssh_conn_id to create SSHHook.","logger":"airflow.task.operators.airflow.providers.ssh.operators.ssh.SSHOperator","filename":"ssh.py","lineno":127}
{"timestamp":"2026-04-22T01:41:11.945233Z","level":"warning","event":"No Host Key Verification. This won't protect against Man-In-The-Middle attacks","logger":"airflow.task.hooks.airflow.providers.ssh.hooks.ssh.SSHHook","filename":"ssh.py","lineno":298}
{"timestamp":"2026-04-22T01:41:11.964435Z","level":"info","event":"Connected (version 2.0, client OpenSSH_8.9p1)","logger":"paramiko.transport","filename":"transport.py","lineno":1944}
{"timestamp":"2026-04-22T01:41:12.037525Z","level":"info","event":"Authentication (password) successful!","logger":"paramiko.transport","filename":"transport.py","lineno":1944}
{"timestamp":"2026-04-22T01:41:12.038541Z","level":"info","event":"Running command: \n            bash -lc '\n\n            echo \"===== DEBUG START =====\"\n            echo \"JAVA_HOME=$JAVA_HOME\"\n            echo \"PATH=$PATH\"\n\n            which spark-class\n            which beeline\n            echo \"===== DEBUG END =====\"\n\n            echo \"===== MSCK START: raw_auth =====\";\n            beeline -u jdbc:hive2://localhost:10000/default             -e \"MSCK REPAIR TABLE raw_auth\";\n            echo \"===== MSCK END: raw_auth =====\"\n\n            echo \"===== SHOW PARTITIONS START: raw_auth =====\"\n            beeline -u jdbc:hive2://localhost:10000/default             -e \"SHOW PARTITIONS raw_auth\";\n            echo \"===== SHOW PARTITIONS END: raw_auth =====\"\n      \n            '\n            ","logger":"airflow.task.hooks.airflow.providers.ssh.hooks.ssh.SSHHook","filename":"ssh.py","lineno":449}
{"timestamp":"2026-04-22T01:41:12.258087Z","level":"info","event":"===== DEBUG START =====","logger":"airflow.task.hooks.airflow.providers.ssh.hooks.ssh.SSHHook","filename":"ssh.py","lineno":495}
{"timestamp":"2026-04-22T01:41:12.258387Z","level":"info","event":"JAVA_HOME=/usr/lib/jvm/java-8-openjdk-amd64","logger":"airflow.task.hooks.airflow.providers.ssh.hooks.ssh.SSHHook","filename":"ssh.py","lineno":495}
{"timestamp":"2026-04-22T01:41:12.258505Z","level":"info","event":"PATH=/usr/lib/jvm/java-8-openjdk-amd64/bin:/application/hadoop/sbin:/application/hadoop/bin:/application/hive/bin:/application/hive/aux/bin:/application/kafka/bin:/application/zookeeper/bin:/application/spark/bin:/usr/lib/jvm/java-8-openjdk-amd64/bin:/application/hadoop/sbin:/application/hadoop/bin:/application/hive/bin:/application/hive/aux/bin:/application/kafka/bin:/application/zookeeper/bin:/application/spark/bin:/usr/local/sbin:/usr/local/bin:/usr/sbin:/usr/bin:/sbin:/bin:/usr/games:/usr/local/games:/snap/bin","logger":"airflow.task.hooks.airflow.providers.ssh.hooks.ssh.SSHHook","filename":"ssh.py","lineno":495}
{"timestamp":"2026-04-22T01:41:12.261052Z","level":"info","event":"/application/spark/bin/spark-class","logger":"airflow.task.hooks.airflow.providers.ssh.hooks.ssh.SSHHook","filename":"ssh.py","lineno":495}
{"timestamp":"2026-04-22T01:41:12.267024Z","level":"info","event":"/application/hive/bin/beeline","logger":"airflow.task.hooks.airflow.providers.ssh.hooks.ssh.SSHHook","filename":"ssh.py","lineno":495}
{"timestamp":"2026-04-22T01:41:12.267560Z","level":"info","event":"===== DEBUG END =====","logger":"airflow.task.hooks.airflow.providers.ssh.hooks.ssh.SSHHook","filename":"ssh.py","lineno":495}
{"timestamp":"2026-04-22T01:41:12.267699Z","level":"info","event":"===== MSCK START: raw_auth =====","logger":"airflow.task.hooks.airflow.providers.ssh.hooks.ssh.SSHHook","filename":"ssh.py","lineno":495}
{"timestamp":"2026-04-22T01:41:13.918470Z","level":"warning","event":"SLF4J: Class path contains multiple SLF4J bindings.","logger":"airflow.task.hooks.airflow.providers.ssh.hooks.ssh.SSHHook","filename":"ssh.py","lineno":500}
{"timestamp":"2026-04-22T01:41:13.919475Z","level":"warning","event":"SLF4J: Found binding in [jar:file:/application/apache-hive-3.1.3-bin/lib/log4j-slf4j-impl-2.17.1.jar!/org/slf4j/impl/StaticLoggerBinder.class]","logger":"airflow.task.hooks.airflow.providers.ssh.hooks.ssh.SSHHook","filename":"ssh.py","lineno":500}
{"timestamp":"2026-04-22T01:41:13.919641Z","level":"warning","event":"SLF4J: Found binding in [jar:file:/application/hadoop-3.2.4/share/hadoop/common/lib/slf4j-reload4j-1.7.35.jar!/org/slf4j/impl/StaticLoggerBinder.class]","logger":"airflow.task.hooks.airflow.providers.ssh.hooks.ssh.SSHHook","filename":"ssh.py","lineno":500}
{"timestamp":"2026-04-22T01:41:13.919729Z","level":"warning","event":"SLF4J: See http://www.slf4j.org/codes.html#multiple_bindings for an explanation.","logger":"airflow.task.hooks.airflow.providers.ssh.hooks.ssh.SSHHook","filename":"ssh.py","lineno":500}
{"timestamp":"2026-04-22T01:41:14.050710Z","level":"warning","event":"SLF4J: Actual binding is of type [org.apache.logging.slf4j.Log4jLoggerFactory]","logger":"airflow.task.hooks.airflow.providers.ssh.hooks.ssh.SSHHook","filename":"ssh.py","lineno":500}
{"timestamp":"2026-04-22T01:41:15.330020Z","level":"warning","event":"Connecting to jdbc:hive2://localhost:10000/default","logger":"airflow.task.hooks.airflow.providers.ssh.hooks.ssh.SSHHook","filename":"ssh.py","lineno":500}
{"timestamp":"2026-04-22T01:41:15.626331Z","level":"warning","event":"Connected to: Apache Hive (version 3.1.3)","logger":"airflow.task.hooks.airflow.providers.ssh.hooks.ssh.SSHHook","filename":"ssh.py","lineno":500}
{"timestamp":"2026-04-22T01:41:15.627683Z","level":"warning","event":"Driver: Hive JDBC (version 3.1.3)","logger":"airflow.task.hooks.airflow.providers.ssh.hooks.ssh.SSHHook","filename":"ssh.py","lineno":500}
{"timestamp":"2026-04-22T01:41:15.628525Z","level":"warning","event":"Transaction isolation: TRANSACTION_REPEATABLE_READ","logger":"airflow.task.hooks.airflow.providers.ssh.hooks.ssh.SSHHook","filename":"ssh.py","lineno":500}
{"timestamp":"2026-04-22T01:41:16.179206Z","level":"warning","event":"INFO  : Compiling command(queryId=root_20260422104115_ceb7cf8e-d5c3-497b-afe1-275fa0261cef): MSCK REPAIR TABLE raw_auth","logger":"airflow.task.hooks.airflow.providers.ssh.hooks.ssh.SSHHook","filename":"ssh.py","lineno":500}
{"timestamp":"2026-04-22T01:41:16.179421Z","level":"warning","event":"INFO  : Concurrency mode is disabled, not creating a lock manager","logger":"airflow.task.hooks.airflow.providers.ssh.hooks.ssh.SSHHook","filename":"ssh.py","lineno":500}
{"timestamp":"2026-04-22T01:41:16.179510Z","level":"warning","event":"INFO  : Semantic Analysis Completed (retrial = false)","logger":"airflow.task.hooks.airflow.providers.ssh.hooks.ssh.SSHHook","filename":"ssh.py","lineno":500}
{"timestamp":"2026-04-22T01:41:16.179586Z","level":"warning","event":"INFO  : Returning Hive schema: Schema(fieldSchemas:null, properties:null)","logger":"airflow.task.hooks.airflow.providers.ssh.hooks.ssh.SSHHook","filename":"ssh.py","lineno":500}
{"timestamp":"2026-04-22T01:41:16.179913Z","level":"warning","event":"INFO  : Completed compiling command(queryId=root_20260422104115_ceb7cf8e-d5c3-497b-afe1-275fa0261cef); Time taken: 0.303 seconds","logger":"airflow.task.hooks.airflow.providers.ssh.hooks.ssh.SSHHook","filename":"ssh.py","lineno":500}
{"timestamp":"2026-04-22T01:41:16.179999Z","level":"warning","event":"INFO  : Concurrency mode is disabled, not creating a lock manager","logger":"airflow.task.hooks.airflow.providers.ssh.hooks.ssh.SSHHook","filename":"ssh.py","lineno":500}
{"timestamp":"2026-04-22T01:41:16.180563Z","level":"warning","event":"INFO  : Executing command(queryId=root_20260422104115_ceb7cf8e-d5c3-497b-afe1-275fa0261cef): MSCK REPAIR TABLE raw_auth","logger":"airflow.task.hooks.airflow.providers.ssh.hooks.ssh.SSHHook","filename":"ssh.py","lineno":500}
{"timestamp":"2026-04-22T01:41:16.180664Z","level":"warning","event":"INFO  : Starting task [Stage-0:DDL] in serial mode","logger":"airflow.task.hooks.airflow.providers.ssh.hooks.ssh.SSHHook","filename":"ssh.py","lineno":500}
{"timestamp":"2026-04-22T01:41:16.180766Z","level":"warning","event":"INFO  : Completed executing command(queryId=root_20260422104115_ceb7cf8e-d5c3-497b-afe1-275fa0261cef); Time taken: 0.139 seconds","logger":"airflow.task.hooks.airflow.providers.ssh.hooks.ssh.SSHHook","filename":"ssh.py","lineno":500}
{"timestamp":"2026-04-22T01:41:16.180835Z","level":"warning","event":"INFO  : OK","logger":"airflow.task.hooks.airflow.providers.ssh.hooks.ssh.SSHHook","filename":"ssh.py","lineno":500}
{"timestamp":"2026-04-22T01:41:16.180894Z","level":"warning","event":"INFO  : Concurrency mode is disabled, not creating a lock manager","logger":"airflow.task.hooks.airflow.providers.ssh.hooks.ssh.SSHHook","filename":"ssh.py","lineno":500}
{"timestamp":"2026-04-22T01:41:16.182785Z","level":"warning","event":"No rows affected (0.532 seconds)","logger":"airflow.task.hooks.airflow.providers.ssh.hooks.ssh.SSHHook","filename":"ssh.py","lineno":500}
{"timestamp":"2026-04-22T01:41:16.194195Z","level":"warning","event":"Beeline version 3.1.3 by Apache Hive","logger":"airflow.task.hooks.airflow.providers.ssh.hooks.ssh.SSHHook","filename":"ssh.py","lineno":500}
{"timestamp":"2026-04-22T01:41:16.245684Z","level":"warning","event":"Closing: 0: jdbc:hive2://localhost:10000/default","logger":"airflow.task.hooks.airflow.providers.ssh.hooks.ssh.SSHHook","filename":"ssh.py","lineno":500}
{"timestamp":"2026-04-22T01:41:16.332343Z","level":"info","event":"===== MSCK END: raw_auth =====","logger":"airflow.task.hooks.airflow.providers.ssh.hooks.ssh.SSHHook","filename":"ssh.py","lineno":495}
{"timestamp":"2026-04-22T01:41:16.332545Z","level":"info","event":"===== SHOW PARTITIONS START: raw_auth =====","logger":"airflow.task.hooks.airflow.providers.ssh.hooks.ssh.SSHHook","filename":"ssh.py","lineno":495}
{"timestamp":"2026-04-22T01:41:17.785411Z","level":"warning","event":"SLF4J: Class path contains multiple SLF4J bindings.","logger":"airflow.task.hooks.airflow.providers.ssh.hooks.ssh.SSHHook","filename":"ssh.py","lineno":500}
{"timestamp":"2026-04-22T01:41:17.786206Z","level":"warning","event":"SLF4J: Found binding in [jar:file:/application/apache-hive-3.1.3-bin/lib/log4j-slf4j-impl-2.17.1.jar!/org/slf4j/impl/StaticLoggerBinder.class]","logger":"airflow.task.hooks.airflow.providers.ssh.hooks.ssh.SSHHook","filename":"ssh.py","lineno":500}
{"timestamp":"2026-04-22T01:41:17.786612Z","level":"warning","event":"SLF4J: Found binding in [jar:file:/application/hadoop-3.2.4/share/hadoop/common/lib/slf4j-reload4j-1.7.35.jar!/org/slf4j/impl/StaticLoggerBinder.class]","logger":"airflow.task.hooks.airflow.providers.ssh.hooks.ssh.SSHHook","filename":"ssh.py","lineno":500}
{"timestamp":"2026-04-22T01:41:17.786733Z","level":"warning","event":"SLF4J: See http://www.slf4j.org/codes.html#multiple_bindings for an explanation.","logger":"airflow.task.hooks.airflow.providers.ssh.hooks.ssh.SSHHook","filename":"ssh.py","lineno":500}
{"timestamp":"2026-04-22T01:41:17.975178Z","level":"warning","event":"SLF4J: Actual binding is of type [org.apache.logging.slf4j.Log4jLoggerFactory]","logger":"airflow.task.hooks.airflow.providers.ssh.hooks.ssh.SSHHook","filename":"ssh.py","lineno":500}
{"timestamp":"2026-04-22T01:41:19.532174Z","level":"warning","event":"Connecting to jdbc:hive2://localhost:10000/default","logger":"airflow.task.hooks.airflow.providers.ssh.hooks.ssh.SSHHook","filename":"ssh.py","lineno":500}
{"timestamp":"2026-04-22T01:41:19.875270Z","level":"warning","event":"Connected to: Apache Hive (version 3.1.3)","logger":"airflow.task.hooks.airflow.providers.ssh.hooks.ssh.SSHHook","filename":"ssh.py","lineno":500}
{"timestamp":"2026-04-22T01:41:19.876401Z","level":"warning","event":"Driver: Hive JDBC (version 3.1.3)","logger":"airflow.task.hooks.airflow.providers.ssh.hooks.ssh.SSHHook","filename":"ssh.py","lineno":500}
{"timestamp":"2026-04-22T01:41:19.877175Z","level":"warning","event":"Transaction isolation: TRANSACTION_REPEATABLE_READ","logger":"airflow.task.hooks.airflow.providers.ssh.hooks.ssh.SSHHook","filename":"ssh.py","lineno":500}
{"timestamp":"2026-04-22T01:41:20.224158Z","level":"warning","event":"INFO  : Compiling command(queryId=root_20260422104119_208f89a3-d570-49e1-9039-ba1b66bccb66): SHOW PARTITIONS raw_auth","logger":"airflow.task.hooks.airflow.providers.ssh.hooks.ssh.SSHHook","filename":"ssh.py","lineno":500}
{"timestamp":"2026-04-22T01:41:20.225799Z","level":"warning","event":"INFO  : Concurrency mode is disabled, not creating a lock manager","logger":"airflow.task.hooks.airflow.providers.ssh.hooks.ssh.SSHHook","filename":"ssh.py","lineno":500}
{"timestamp":"2026-04-22T01:41:20.226566Z","level":"warning","event":"INFO  : Semantic Analysis Completed (retrial = false)","logger":"airflow.task.hooks.airflow.providers.ssh.hooks.ssh.SSHHook","filename":"ssh.py","lineno":500}
{"timestamp":"2026-04-22T01:41:20.227409Z","level":"warning","event":"INFO  : Returning Hive schema: Schema(fieldSchemas:[FieldSchema(name:partition, type:string, comment:from deserializer)], properties:null)","logger":"airflow.task.hooks.airflow.providers.ssh.hooks.ssh.SSHHook","filename":"ssh.py","lineno":500}
{"timestamp":"2026-04-22T01:41:20.228216Z","level":"warning","event":"INFO  : Completed compiling command(queryId=root_20260422104119_208f89a3-d570-49e1-9039-ba1b66bccb66); Time taken: 0.121 seconds","logger":"airflow.task.hooks.airflow.providers.ssh.hooks.ssh.SSHHook","filename":"ssh.py","lineno":500}
{"timestamp":"2026-04-22T01:41:20.228941Z","level":"warning","event":"INFO  : Concurrency mode is disabled, not creating a lock manager","logger":"airflow.task.hooks.airflow.providers.ssh.hooks.ssh.SSHHook","filename":"ssh.py","lineno":500}
{"timestamp":"2026-04-22T01:41:20.229654Z","level":"warning","event":"INFO  : Executing command(queryId=root_20260422104119_208f89a3-d570-49e1-9039-ba1b66bccb66): SHOW PARTITIONS raw_auth","logger":"airflow.task.hooks.airflow.providers.ssh.hooks.ssh.SSHHook","filename":"ssh.py","lineno":500}
{"timestamp":"2026-04-22T01:41:20.230366Z","level":"warning","event":"INFO  : Starting task [Stage-0:DDL] in serial mode","logger":"airflow.task.hooks.airflow.providers.ssh.hooks.ssh.SSHHook","filename":"ssh.py","lineno":500}
{"timestamp":"2026-04-22T01:41:20.231113Z","level":"warning","event":"INFO  : Completed executing command(queryId=root_20260422104119_208f89a3-d570-49e1-9039-ba1b66bccb66); Time taken: 0.065 seconds","logger":"airflow.task.hooks.airflow.providers.ssh.hooks.ssh.SSHHook","filename":"ssh.py","lineno":500}
{"timestamp":"2026-04-22T01:41:20.231837Z","level":"warning","event":"INFO  : OK","logger":"airflow.task.hooks.airflow.providers.ssh.hooks.ssh.SSHHook","filename":"ssh.py","lineno":500}
{"timestamp":"2026-04-22T01:41:20.232599Z","level":"warning","event":"INFO  : Concurrency mode is disabled, not creating a lock manager","logger":"airflow.task.hooks.airflow.providers.ssh.hooks.ssh.SSHHook","filename":"ssh.py","lineno":500}
{"timestamp":"2026-04-22T01:41:20.237985Z","level":"info","event":"+--------------+","logger":"airflow.task.hooks.airflow.providers.ssh.hooks.ssh.SSHHook","filename":"ssh.py","lineno":495}
{"timestamp":"2026-04-22T01:41:20.238931Z","level":"info","event":"|  partition   |","logger":"airflow.task.hooks.airflow.providers.ssh.hooks.ssh.SSHHook","filename":"ssh.py","lineno":495}
{"timestamp":"2026-04-22T01:41:20.239739Z","level":"info","event":"+--------------+","logger":"airflow.task.hooks.airflow.providers.ssh.hooks.ssh.SSHHook","filename":"ssh.py","lineno":495}
{"timestamp":"2026-04-22T01:41:20.241469Z","level":"info","event":"| dt=20260412  |","logger":"airflow.task.hooks.airflow.providers.ssh.hooks.ssh.SSHHook","filename":"ssh.py","lineno":495}
{"timestamp":"2026-04-22T01:41:20.241604Z","level":"info","event":"| dt=20260413  |","logger":"airflow.task.hooks.airflow.providers.ssh.hooks.ssh.SSHHook","filename":"ssh.py","lineno":495}
{"timestamp":"2026-04-22T01:41:20.241694Z","level":"info","event":"| dt=20260414  |","logger":"airflow.task.hooks.airflow.providers.ssh.hooks.ssh.SSHHook","filename":"ssh.py","lineno":495}
{"timestamp":"2026-04-22T01:41:20.241780Z","level":"info","event":"| dt=20260415  |","logger":"airflow.task.hooks.airflow.providers.ssh.hooks.ssh.SSHHook","filename":"ssh.py","lineno":495}
{"timestamp":"2026-04-22T01:41:20.242192Z","level":"info","event":"| dt=20260416  |","logger":"airflow.task.hooks.airflow.providers.ssh.hooks.ssh.SSHHook","filename":"ssh.py","lineno":495}
{"timestamp":"2026-04-22T01:41:20.242883Z","level":"info","event":"| dt=20260417  |","logger":"airflow.task.hooks.airflow.providers.ssh.hooks.ssh.SSHHook","filename":"ssh.py","lineno":495}
{"timestamp":"2026-04-22T01:41:20.243537Z","level":"info","event":"| dt=20260418  |","logger":"airflow.task.hooks.airflow.providers.ssh.hooks.ssh.SSHHook","filename":"ssh.py","lineno":495}
{"timestamp":"2026-04-22T01:41:20.246007Z","level":"info","event":"| dt=20260419  |","logger":"airflow.task.hooks.airflow.providers.ssh.hooks.ssh.SSHHook","filename":"ssh.py","lineno":495}
{"timestamp":"2026-04-22T01:41:20.246142Z","level":"info","event":"| dt=20260420  |","logger":"airflow.task.hooks.airflow.providers.ssh.hooks.ssh.SSHHook","filename":"ssh.py","lineno":495}
{"timestamp":"2026-04-22T01:41:20.246215Z","level":"info","event":"| dt=20260421  |","logger":"airflow.task.hooks.airflow.providers.ssh.hooks.ssh.SSHHook","filename":"ssh.py","lineno":495}
{"timestamp":"2026-04-22T01:41:20.246273Z","level":"info","event":"+--------------+","logger":"airflow.task.hooks.airflow.providers.ssh.hooks.ssh.SSHHook","filename":"ssh.py","lineno":495}
{"timestamp":"2026-04-22T01:41:20.246349Z","level":"warning","event":"10 rows selected (0.344 seconds)","logger":"airflow.task.hooks.airflow.providers.ssh.hooks.ssh.SSHHook","filename":"ssh.py","lineno":500}
{"timestamp":"2026-04-22T01:41:20.249701Z","level":"warning","event":"Beeline version 3.1.3 by Apache Hive","logger":"airflow.task.hooks.airflow.providers.ssh.hooks.ssh.SSHHook","filename":"ssh.py","lineno":500}
{"timestamp":"2026-04-22T01:41:20.268650Z","level":"warning","event":"Closing: 0: jdbc:hive2://localhost:10000/default","logger":"airflow.task.hooks.airflow.providers.ssh.hooks.ssh.SSHHook","filename":"ssh.py","lineno":500}
{"timestamp":"2026-04-22T01:41:20.343721Z","level":"info","event":"===== SHOW PARTITIONS END: raw_auth =====","logger":"airflow.task.hooks.airflow.providers.ssh.hooks.ssh.SSHHook","filename":"ssh.py","lineno":495}
{"timestamp":"2026-04-22T01:41:20.376563Z","level":"info","event":"Pushing xcom","ti":"RuntimeTaskInstance(id=UUID('019db2d8-fb16-7579-ae56-155c02e5a200'), task_id='msck_repair', dag_id='hive_msck_repair', run_id='scheduled__2026-04-22T01:00:00+00:00', try_number=1, dag_version_id=UUID('019db2d2-563e-7247-add8-78b55dfa2b7d'), map_index=3, hostname='a2cb2e465417', context_carrier={}, task=<Task(SSHOperator): msck_repair>, bundle_instance=LocalDagBundle(name=dags-folder), max_tries=0, start_date=datetime.datetime(2026, 4, 22, 1, 41, 11, 596641, tzinfo=datetime.timezone.utc), end_date=None, state=<TaskInstanceState.RUNNING: 'running'>, is_mapped=True, rendered_map_index=None)","logger":"task","filename":"task_runner.py","lineno":1370}
