{"timestamp":"2026-04-25T07:47:07.151332Z","level":"info","event":"DAG bundles loaded: dags-folder","logger":"airflow.dag_processing.bundles.manager.DagBundlesManager","filename":"manager.py","lineno":179}
{"timestamp":"2026-04-25T07:47:07.154772Z","level":"info","event":"Filling up the DagBag from /opt/airflow/dags/hive_msck.py","logger":"airflow.models.dagbag.DagBag","filename":"dagbag.py","lineno":593}
{"timestamp":"2026-04-25T07:47:07.261448Z","level":"warning","event":"The `airflow.decorators.dag` attribute is deprecated. Please use `'airflow.sdk.dag'`.","category":"DeprecatedImportWarning","filename":"/opt/airflow/dags/hive_msck.py","lineno":3,"logger":"py.warnings"}
{"timestamp":"2026-04-25T07:47:07.262313Z","level":"warning","event":"The `airflow.decorators.task` attribute is deprecated. Please use `'airflow.sdk.task'`.","category":"DeprecatedImportWarning","filename":"/opt/airflow/dags/hive_msck.py","lineno":3,"logger":"py.warnings"}
{"timestamp":"2026-04-25T07:47:07.262955Z","level":"warning","event":"The `airflow.utils.task_group.TaskGroup` attribute is deprecated. Please use `'airflow.sdk.TaskGroup'`.","category":"DeprecatedImportWarning","filename":"/opt/airflow/dags/hive_msck.py","lineno":5,"logger":"py.warnings"}
{"timestamp":"2026-04-25T07:47:07.322156Z","level":"info","event":"ssh_hook is not provided or invalid. Trying ssh_conn_id to create SSHHook.","logger":"airflow.task.operators.airflow.providers.ssh.operators.ssh.SSHOperator","filename":"ssh.py","lineno":127}
{"timestamp":"2026-04-25T07:47:07.350055Z","level":"warning","event":"No Host Key Verification. This won't protect against Man-In-The-Middle attacks","logger":"airflow.task.hooks.airflow.providers.ssh.hooks.ssh.SSHHook","filename":"ssh.py","lineno":298}
{"timestamp":"2026-04-25T07:47:07.380647Z","level":"info","event":"Connected (version 2.0, client OpenSSH_8.9p1)","logger":"paramiko.transport","filename":"transport.py","lineno":1944}
{"timestamp":"2026-04-25T07:47:07.474237Z","level":"info","event":"Authentication (password) successful!","logger":"paramiko.transport","filename":"transport.py","lineno":1944}
{"timestamp":"2026-04-25T07:47:07.475906Z","level":"info","event":"Running command: bash -lc 'beeline -u jdbc:hive2://localhost:10000/default -e \"ADD JAR /application/apache-hive-3.1.3-bin/lib/hive-hcatalog-core-3.1.3.jar;             SET hive.exec.dynamic.partition=true;             SET hive.exec.dynamic.partition.mode=nonstrict;              INSERT OVERWRITE TABLE auth PARTITION (dt=20260421)             SELECT hostname, log_type, priority, version, \\`timestamp\\`, program, pid, msgid, structured_data, message, event_timestamp, event_time, priority_int, facility, severity             FROM raw_auth             WHERE dt=20260421;\"'","logger":"airflow.task.hooks.airflow.providers.ssh.hooks.ssh.SSHHook","filename":"ssh.py","lineno":449}
{"timestamp":"2026-04-25T07:47:10.111568Z","level":"warning","event":"SLF4J: Class path contains multiple SLF4J bindings.","logger":"airflow.task.hooks.airflow.providers.ssh.hooks.ssh.SSHHook","filename":"ssh.py","lineno":500}
{"timestamp":"2026-04-25T07:47:10.113017Z","level":"warning","event":"SLF4J: Found binding in [jar:file:/application/apache-hive-3.1.3-bin/lib/log4j-slf4j-impl-2.17.1.jar!/org/slf4j/impl/StaticLoggerBinder.class]","logger":"airflow.task.hooks.airflow.providers.ssh.hooks.ssh.SSHHook","filename":"ssh.py","lineno":500}
{"timestamp":"2026-04-25T07:47:10.113192Z","level":"warning","event":"SLF4J: Found binding in [jar:file:/application/hadoop-3.2.4/share/hadoop/common/lib/slf4j-reload4j-1.7.35.jar!/org/slf4j/impl/StaticLoggerBinder.class]","logger":"airflow.task.hooks.airflow.providers.ssh.hooks.ssh.SSHHook","filename":"ssh.py","lineno":500}
{"timestamp":"2026-04-25T07:47:10.114198Z","level":"warning","event":"SLF4J: See http://www.slf4j.org/codes.html#multiple_bindings for an explanation.","logger":"airflow.task.hooks.airflow.providers.ssh.hooks.ssh.SSHHook","filename":"ssh.py","lineno":500}
{"timestamp":"2026-04-25T07:47:10.287240Z","level":"warning","event":"SLF4J: Actual binding is of type [org.apache.logging.slf4j.Log4jLoggerFactory]","logger":"airflow.task.hooks.airflow.providers.ssh.hooks.ssh.SSHHook","filename":"ssh.py","lineno":500}
{"timestamp":"2026-04-25T07:47:11.923297Z","level":"warning","event":"Connecting to jdbc:hive2://localhost:10000/default","logger":"airflow.task.hooks.airflow.providers.ssh.hooks.ssh.SSHHook","filename":"ssh.py","lineno":500}
{"timestamp":"2026-04-25T07:47:12.266861Z","level":"warning","event":"Connected to: Apache Hive (version 3.1.3)","logger":"airflow.task.hooks.airflow.providers.ssh.hooks.ssh.SSHHook","filename":"ssh.py","lineno":500}
{"timestamp":"2026-04-25T07:47:12.269824Z","level":"warning","event":"Driver: Hive JDBC (version 3.1.3)","logger":"airflow.task.hooks.airflow.providers.ssh.hooks.ssh.SSHHook","filename":"ssh.py","lineno":500}
{"timestamp":"2026-04-25T07:47:12.270017Z","level":"warning","event":"Transaction isolation: TRANSACTION_REPEATABLE_READ","logger":"airflow.task.hooks.airflow.providers.ssh.hooks.ssh.SSHHook","filename":"ssh.py","lineno":500}
{"timestamp":"2026-04-25T07:47:12.382970Z","level":"warning","event":"INFO  : Added [/application/apache-hive-3.1.3-bin/lib/hive-hcatalog-core-3.1.3.jar] to class path","logger":"airflow.task.hooks.airflow.providers.ssh.hooks.ssh.SSHHook","filename":"ssh.py","lineno":500}
{"timestamp":"2026-04-25T07:47:12.383279Z","level":"warning","event":"INFO  : Added resources: [/application/apache-hive-3.1.3-bin/lib/hive-hcatalog-core-3.1.3.jar]","logger":"airflow.task.hooks.airflow.providers.ssh.hooks.ssh.SSHHook","filename":"ssh.py","lineno":500}
{"timestamp":"2026-04-25T07:47:12.385905Z","level":"warning","event":"No rows affected (0.084 seconds)","logger":"airflow.task.hooks.airflow.providers.ssh.hooks.ssh.SSHHook","filename":"ssh.py","lineno":500}
{"timestamp":"2026-04-25T07:47:12.455705Z","level":"warning","event":"No rows affected (0.056 seconds)","logger":"airflow.task.hooks.airflow.providers.ssh.hooks.ssh.SSHHook","filename":"ssh.py","lineno":500}
{"timestamp":"2026-04-25T07:47:12.466158Z","level":"warning","event":"No rows affected (0.006 seconds)","logger":"airflow.task.hooks.airflow.providers.ssh.hooks.ssh.SSHHook","filename":"ssh.py","lineno":500}
{"timestamp":"2026-04-25T07:47:13.597613Z","level":"warning","event":"INFO  : Compiling command(queryId=root_20260425164712_5a344249-2d90-48b7-b0b3-9d07e5c33532): INSERT OVERWRITE TABLE auth PARTITION (dt=20260421)             SELECT hostname, log_type, priority, version, `timestamp`, program, pid, msgid, structured_data, message, event_timestamp, event_time, priority_int, facility, severity             FROM raw_auth             WHERE dt=20260421","logger":"airflow.task.hooks.airflow.providers.ssh.hooks.ssh.SSHHook","filename":"ssh.py","lineno":500}
{"timestamp":"2026-04-25T07:47:13.598661Z","level":"warning","event":"INFO  : Concurrency mode is disabled, not creating a lock manager","logger":"airflow.task.hooks.airflow.providers.ssh.hooks.ssh.SSHHook","filename":"ssh.py","lineno":500}
{"timestamp":"2026-04-25T07:47:13.598884Z","level":"warning","event":"INFO  : Semantic Analysis Completed (retrial = false)","logger":"airflow.task.hooks.airflow.providers.ssh.hooks.ssh.SSHHook","filename":"ssh.py","lineno":500}
{"timestamp":"2026-04-25T07:47:13.599152Z","level":"warning","event":"INFO  : Returning Hive schema: Schema(fieldSchemas:[FieldSchema(name:hostname, type:string, comment:null), FieldSchema(name:log_type, type:string, comment:null), FieldSchema(name:priority, type:string, comment:null), FieldSchema(name:version, type:string, comment:null), FieldSchema(name:timestamp, type:string, comment:null), FieldSchema(name:program, type:string, comment:null), FieldSchema(name:pid, type:string, comment:null), FieldSchema(name:msgid, type:string, comment:null), FieldSchema(name:structured_data, type:string, comment:null), FieldSchema(name:message, type:string, comment:null), FieldSchema(name:event_timestamp, type:string, comment:null), FieldSchema(name:event_time, type:string, comment:null), FieldSchema(name:priority_int, type:int, comment:null), FieldSchema(name:facility, type:int, comment:null), FieldSchema(name:severity, type:int, comment:null)], properties:null)","logger":"airflow.task.hooks.airflow.providers.ssh.hooks.ssh.SSHHook","filename":"ssh.py","lineno":500}
{"timestamp":"2026-04-25T07:47:13.599397Z","level":"warning","event":"INFO  : Completed compiling command(queryId=root_20260425164712_5a344249-2d90-48b7-b0b3-9d07e5c33532); Time taken: 0.599 seconds","logger":"airflow.task.hooks.airflow.providers.ssh.hooks.ssh.SSHHook","filename":"ssh.py","lineno":500}
{"timestamp":"2026-04-25T07:47:13.599623Z","level":"warning","event":"INFO  : Concurrency mode is disabled, not creating a lock manager","logger":"airflow.task.hooks.airflow.providers.ssh.hooks.ssh.SSHHook","filename":"ssh.py","lineno":500}
{"timestamp":"2026-04-25T07:47:13.599813Z","level":"warning","event":"INFO  : Executing command(queryId=root_20260425164712_5a344249-2d90-48b7-b0b3-9d07e5c33532): INSERT OVERWRITE TABLE auth PARTITION (dt=20260421)             SELECT hostname, log_type, priority, version, `timestamp`, program, pid, msgid, structured_data, message, event_timestamp, event_time, priority_int, facility, severity             FROM raw_auth             WHERE dt=20260421","logger":"airflow.task.hooks.airflow.providers.ssh.hooks.ssh.SSHHook","filename":"ssh.py","lineno":500}
{"timestamp":"2026-04-25T07:47:13.599970Z","level":"warning","event":"WARN  : Hive-on-MR is deprecated in Hive 2 and may not be available in the future versions. Consider using a different execution engine (i.e. spark, tez) or using Hive 1.X releases.","logger":"airflow.task.hooks.airflow.providers.ssh.hooks.ssh.SSHHook","filename":"ssh.py","lineno":500}
{"timestamp":"2026-04-25T07:47:13.600108Z","level":"warning","event":"INFO  : Query ID = root_20260425164712_5a344249-2d90-48b7-b0b3-9d07e5c33532","logger":"airflow.task.hooks.airflow.providers.ssh.hooks.ssh.SSHHook","filename":"ssh.py","lineno":500}
{"timestamp":"2026-04-25T07:47:13.600309Z","level":"warning","event":"INFO  : Total jobs = 3","logger":"airflow.task.hooks.airflow.providers.ssh.hooks.ssh.SSHHook","filename":"ssh.py","lineno":500}
{"timestamp":"2026-04-25T07:47:13.600494Z","level":"warning","event":"INFO  : Launching Job 1 out of 3","logger":"airflow.task.hooks.airflow.providers.ssh.hooks.ssh.SSHHook","filename":"ssh.py","lineno":500}
{"timestamp":"2026-04-25T07:47:13.600631Z","level":"warning","event":"INFO  : Starting task [Stage-1:MAPRED] in serial mode","logger":"airflow.task.hooks.airflow.providers.ssh.hooks.ssh.SSHHook","filename":"ssh.py","lineno":500}
{"timestamp":"2026-04-25T07:47:13.600767Z","level":"warning","event":"INFO  : Number of reduce tasks not specified. Estimated from input data size: 1","logger":"airflow.task.hooks.airflow.providers.ssh.hooks.ssh.SSHHook","filename":"ssh.py","lineno":500}
{"timestamp":"2026-04-25T07:47:13.600899Z","level":"warning","event":"INFO  : In order to change the average load for a reducer (in bytes):","logger":"airflow.task.hooks.airflow.providers.ssh.hooks.ssh.SSHHook","filename":"ssh.py","lineno":500}
{"timestamp":"2026-04-25T07:47:13.601111Z","level":"warning","event":"INFO  :   set hive.exec.reducers.bytes.per.reducer=<number>","logger":"airflow.task.hooks.airflow.providers.ssh.hooks.ssh.SSHHook","filename":"ssh.py","lineno":500}
{"timestamp":"2026-04-25T07:47:13.601238Z","level":"warning","event":"INFO  : In order to limit the maximum number of reducers:","logger":"airflow.task.hooks.airflow.providers.ssh.hooks.ssh.SSHHook","filename":"ssh.py","lineno":500}
{"timestamp":"2026-04-25T07:47:13.601347Z","level":"warning","event":"INFO  :   set hive.exec.reducers.max=<number>","logger":"airflow.task.hooks.airflow.providers.ssh.hooks.ssh.SSHHook","filename":"ssh.py","lineno":500}
{"timestamp":"2026-04-25T07:47:13.601478Z","level":"warning","event":"INFO  : In order to set a constant number of reducers:","logger":"airflow.task.hooks.airflow.providers.ssh.hooks.ssh.SSHHook","filename":"ssh.py","lineno":500}
{"timestamp":"2026-04-25T07:47:13.601600Z","level":"warning","event":"INFO  :   set mapreduce.job.reduces=<number>","logger":"airflow.task.hooks.airflow.providers.ssh.hooks.ssh.SSHHook","filename":"ssh.py","lineno":500}
{"timestamp":"2026-04-25T07:47:14.606497Z","level":"warning","event":"INFO  : number of splits:1","logger":"airflow.task.hooks.airflow.providers.ssh.hooks.ssh.SSHHook","filename":"ssh.py","lineno":500}
{"timestamp":"2026-04-25T07:47:14.606818Z","level":"warning","event":"INFO  : Submitting tokens for job: job_1773931628321_0090","logger":"airflow.task.hooks.airflow.providers.ssh.hooks.ssh.SSHHook","filename":"ssh.py","lineno":500}
{"timestamp":"2026-04-25T07:47:14.607036Z","level":"warning","event":"INFO  : Executing with tokens: []","logger":"airflow.task.hooks.airflow.providers.ssh.hooks.ssh.SSHHook","filename":"ssh.py","lineno":500}
{"timestamp":"2026-04-25T07:47:14.607202Z","level":"warning","event":"INFO  : The url to track the job: http://m2:8088/proxy/application_1773931628321_0090/","logger":"airflow.task.hooks.airflow.providers.ssh.hooks.ssh.SSHHook","filename":"ssh.py","lineno":500}
{"timestamp":"2026-04-25T07:47:14.607321Z","level":"warning","event":"INFO  : Starting Job = job_1773931628321_0090, Tracking URL = http://m2:8088/proxy/application_1773931628321_0090/","logger":"airflow.task.hooks.airflow.providers.ssh.hooks.ssh.SSHHook","filename":"ssh.py","lineno":500}
{"timestamp":"2026-04-25T07:47:14.607427Z","level":"warning","event":"INFO  : Kill Command = /application/hadoop/bin/mapred job  -kill job_1773931628321_0090","logger":"airflow.task.hooks.airflow.providers.ssh.hooks.ssh.SSHHook","filename":"ssh.py","lineno":500}
{"timestamp":"2026-04-25T07:47:23.689899Z","level":"warning","event":"INFO  : Hadoop job information for Stage-1: number of mappers: 1; number of reducers: 1","logger":"airflow.task.hooks.airflow.providers.ssh.hooks.ssh.SSHHook","filename":"ssh.py","lineno":500}
{"timestamp":"2026-04-25T07:47:23.690200Z","level":"warning","event":"INFO  : 2026-04-25 16:47:23,675 Stage-1 map = 0%,  reduce = 0%","logger":"airflow.task.hooks.airflow.providers.ssh.hooks.ssh.SSHHook","filename":"ssh.py","lineno":500}
{"timestamp":"2026-04-25T07:47:35.748315Z","level":"warning","event":"INFO  : 2026-04-25 16:47:35,480 Stage-1 map = 100%,  reduce = 0%, Cumulative CPU 12.75 sec","logger":"airflow.task.hooks.airflow.providers.ssh.hooks.ssh.SSHHook","filename":"ssh.py","lineno":500}
{"timestamp":"2026-04-25T07:47:45.276061Z","level":"warning","event":"INFO  : 2026-04-25 16:47:44,997 Stage-1 map = 100%,  reduce = 100%, Cumulative CPU 16.48 sec","logger":"airflow.task.hooks.airflow.providers.ssh.hooks.ssh.SSHHook","filename":"ssh.py","lineno":500}
{"timestamp":"2026-04-25T07:47:46.769338Z","level":"warning","event":"INFO  : MapReduce Total cumulative CPU time: 16 seconds 480 msec","logger":"airflow.task.hooks.airflow.providers.ssh.hooks.ssh.SSHHook","filename":"ssh.py","lineno":500}
{"timestamp":"2026-04-25T07:47:46.769741Z","level":"warning","event":"INFO  : Ended Job = job_1773931628321_0090","logger":"airflow.task.hooks.airflow.providers.ssh.hooks.ssh.SSHHook","filename":"ssh.py","lineno":500}
{"timestamp":"2026-04-25T07:47:46.769935Z","level":"warning","event":"INFO  : Starting task [Stage-7:CONDITIONAL] in serial mode","logger":"airflow.task.hooks.airflow.providers.ssh.hooks.ssh.SSHHook","filename":"ssh.py","lineno":500}
{"timestamp":"2026-04-25T07:47:46.770065Z","level":"warning","event":"INFO  : Stage-4 is selected by condition resolver.","logger":"airflow.task.hooks.airflow.providers.ssh.hooks.ssh.SSHHook","filename":"ssh.py","lineno":500}
{"timestamp":"2026-04-25T07:47:46.770176Z","level":"warning","event":"INFO  : Stage-3 is filtered out by condition resolver.","logger":"airflow.task.hooks.airflow.providers.ssh.hooks.ssh.SSHHook","filename":"ssh.py","lineno":500}
{"timestamp":"2026-04-25T07:47:46.770281Z","level":"warning","event":"INFO  : Stage-5 is filtered out by condition resolver.","logger":"airflow.task.hooks.airflow.providers.ssh.hooks.ssh.SSHHook","filename":"ssh.py","lineno":500}
{"timestamp":"2026-04-25T07:47:46.770382Z","level":"warning","event":"INFO  : Starting task [Stage-4:MOVE] in serial mode","logger":"airflow.task.hooks.airflow.providers.ssh.hooks.ssh.SSHHook","filename":"ssh.py","lineno":500}
{"timestamp":"2026-04-25T07:47:46.770512Z","level":"warning","event":"INFO  : Moving data to directory hdfs://job-cluster/hive/auth/dt=20260421/.hive-staging_hive_2026-04-25_16-47-12_557_5383641897111896608-3/-ext-10000 from hdfs://job-cluster/hive/auth/dt=20260421/.hive-staging_hive_2026-04-25_16-47-12_557_5383641897111896608-3/-ext-10002","logger":"airflow.task.hooks.airflow.providers.ssh.hooks.ssh.SSHHook","filename":"ssh.py","lineno":500}
{"timestamp":"2026-04-25T07:47:46.770636Z","level":"warning","event":"INFO  : Starting task [Stage-0:MOVE] in serial mode","logger":"airflow.task.hooks.airflow.providers.ssh.hooks.ssh.SSHHook","filename":"ssh.py","lineno":500}
{"timestamp":"2026-04-25T07:47:46.770741Z","level":"warning","event":"INFO  : Loading data to table default.auth partition (dt=20260421) from hdfs://job-cluster/hive/auth/dt=20260421/.hive-staging_hive_2026-04-25_16-47-12_557_5383641897111896608-3/-ext-10000","logger":"airflow.task.hooks.airflow.providers.ssh.hooks.ssh.SSHHook","filename":"ssh.py","lineno":500}
{"timestamp":"2026-04-25T07:47:46.770883Z","level":"warning","event":"INFO  : Starting task [Stage-2:STATS] in serial mode","logger":"airflow.task.hooks.airflow.providers.ssh.hooks.ssh.SSHHook","filename":"ssh.py","lineno":500}
{"timestamp":"2026-04-25T07:47:46.771031Z","level":"warning","event":"INFO  : MapReduce Jobs Launched: ","logger":"airflow.task.hooks.airflow.providers.ssh.hooks.ssh.SSHHook","filename":"ssh.py","lineno":500}
{"timestamp":"2026-04-25T07:47:46.771191Z","level":"warning","event":"INFO  : Stage-Stage-1: Map: 1  Reduce: 1   Cumulative CPU: 16.48 sec   HDFS Read: 6715691 HDFS Write: 1400164 SUCCESS","logger":"airflow.task.hooks.airflow.providers.ssh.hooks.ssh.SSHHook","filename":"ssh.py","lineno":500}
{"timestamp":"2026-04-25T07:47:46.771316Z","level":"warning","event":"INFO  : Total MapReduce CPU Time Spent: 16 seconds 480 msec","logger":"airflow.task.hooks.airflow.providers.ssh.hooks.ssh.SSHHook","filename":"ssh.py","lineno":500}
{"timestamp":"2026-04-25T07:47:46.771422Z","level":"warning","event":"INFO  : Completed executing command(queryId=root_20260425164712_5a344249-2d90-48b7-b0b3-9d07e5c33532); Time taken: 33.67 seconds","logger":"airflow.task.hooks.airflow.providers.ssh.hooks.ssh.SSHHook","filename":"ssh.py","lineno":500}
{"timestamp":"2026-04-25T07:47:46.771549Z","level":"warning","event":"INFO  : OK","logger":"airflow.task.hooks.airflow.providers.ssh.hooks.ssh.SSHHook","filename":"ssh.py","lineno":500}
{"timestamp":"2026-04-25T07:47:46.771638Z","level":"warning","event":"INFO  : Concurrency mode is disabled, not creating a lock manager","logger":"airflow.task.hooks.airflow.providers.ssh.hooks.ssh.SSHHook","filename":"ssh.py","lineno":500}
{"timestamp":"2026-04-25T07:47:46.772643Z","level":"warning","event":"No rows affected (34.303 seconds)","logger":"airflow.task.hooks.airflow.providers.ssh.hooks.ssh.SSHHook","filename":"ssh.py","lineno":500}
{"timestamp":"2026-04-25T07:47:46.794984Z","level":"warning","event":"Beeline version 3.1.3 by Apache Hive","logger":"airflow.task.hooks.airflow.providers.ssh.hooks.ssh.SSHHook","filename":"ssh.py","lineno":500}
{"timestamp":"2026-04-25T07:47:46.831710Z","level":"warning","event":"Closing: 0: jdbc:hive2://localhost:10000/default","logger":"airflow.task.hooks.airflow.providers.ssh.hooks.ssh.SSHHook","filename":"ssh.py","lineno":500}
{"timestamp":"2026-04-25T07:47:46.929110Z","level":"info","event":"Pushing xcom","ti":"RuntimeTaskInstance(id=UUID('019dc39b-3f03-77cf-966b-657b8ce92c26'), task_id='insert_group.insert', dag_id='hive_msck_repair_v2', run_id='manual__2026-04-21T07:43:16+00:00', try_number=1, dag_version_id=UUID('019dc397-46d6-7768-b5b3-64121da88f4a'), map_index=0, hostname='d70869c01b70', context_carrier={}, task=<Task(SSHOperator): insert_group.insert>, bundle_instance=LocalDagBundle(name=dags-folder), max_tries=0, start_date=datetime.datetime(2026, 4, 25, 7, 47, 7, 74574, tzinfo=datetime.timezone.utc), end_date=None, state=<TaskInstanceState.RUNNING: 'running'>, is_mapped=True, rendered_map_index=None)","logger":"task","filename":"task_runner.py","lineno":1370}
