{"timestamp":"2026-04-22T00:46:51.134369Z","level":"info","event":"DAG bundles loaded: dags-folder","logger":"airflow.dag_processing.bundles.manager.DagBundlesManager","filename":"manager.py","lineno":179}
{"timestamp":"2026-04-22T00:46:51.137995Z","level":"info","event":"Filling up the DagBag from /opt/airflow/dags/hive_msck.py","logger":"airflow.models.dagbag.DagBag","filename":"dagbag.py","lineno":593}
{"timestamp":"2026-04-22T00:46:51.233860Z","level":"warning","event":"The `airflow.decorators.dag` attribute is deprecated. Please use `'airflow.sdk.dag'`.","category":"DeprecatedImportWarning","filename":"/opt/airflow/dags/hive_msck.py","lineno":3,"logger":"py.warnings"}
{"timestamp":"2026-04-22T00:46:51.234033Z","level":"warning","event":"The `airflow.decorators.task` attribute is deprecated. Please use `'airflow.sdk.task'`.","category":"DeprecatedImportWarning","filename":"/opt/airflow/dags/hive_msck.py","lineno":3,"logger":"py.warnings"}
{"timestamp":"2026-04-22T00:46:51.299751Z","level":"info","event":"ssh_hook is not provided or invalid. Trying ssh_conn_id to create SSHHook.","logger":"airflow.task.operators.airflow.providers.ssh.operators.ssh.SSHOperator","filename":"ssh.py","lineno":127}
{"timestamp":"2026-04-22T00:46:51.327215Z","level":"warning","event":"No Host Key Verification. This won't protect against Man-In-The-Middle attacks","logger":"airflow.task.hooks.airflow.providers.ssh.hooks.ssh.SSHHook","filename":"ssh.py","lineno":298}
{"timestamp":"2026-04-22T00:46:51.343791Z","level":"info","event":"Connected (version 2.0, client OpenSSH_8.9p1)","logger":"paramiko.transport","filename":"transport.py","lineno":1944}
{"timestamp":"2026-04-22T00:46:51.417349Z","level":"info","event":"Authentication (password) successful!","logger":"paramiko.transport","filename":"transport.py","lineno":1944}
{"timestamp":"2026-04-22T00:46:51.418145Z","level":"info","event":"Running command: \n            bash -lc '\n            echo \"===== MSCK START: raw_kern =====\";\n\n            beeline -u jdbc:hive2://localhost:10000/default             -e \"MSCK REPAIR TABLE raw_kern\";\n\n            if [ $? -eq 0 ]; then\n                echo \"[SUCCESS] raw_kern\";\n            else\n                echo \"[FAIL] raw_kern\";\n                exit 1;\n            fi\n\n            echo \"===== MSCK END: raw_kern =====\"            \n            '\n            ","logger":"airflow.task.hooks.airflow.providers.ssh.hooks.ssh.SSHHook","filename":"ssh.py","lineno":449}
{"timestamp":"2026-04-22T00:46:51.599508Z","level":"info","event":"===== MSCK START: raw_kern =====","logger":"airflow.task.hooks.airflow.providers.ssh.hooks.ssh.SSHHook","filename":"ssh.py","lineno":495}
{"timestamp":"2026-04-22T00:46:51.856299Z","level":"warning","event":"Error: A JNI error has occurred, please check your installation and try again","logger":"airflow.task.hooks.airflow.providers.ssh.hooks.ssh.SSHHook","filename":"ssh.py","lineno":500}
{"timestamp":"2026-04-22T00:46:51.856714Z","level":"warning","event":"Exception in thread \"main\" ","logger":"airflow.task.hooks.airflow.providers.ssh.hooks.ssh.SSHHook","filename":"ssh.py","lineno":500}
{"timestamp":"2026-04-22T00:46:51.856986Z","level":"warning","event":"java.lang.UnsupportedClassVersionError: org/apache/spark/launcher/Main has been compiled by a more recent version of the Java Runtime (class file version 61.0), this version of the Java Runtime only recognizes class file versions up to 52.0","logger":"airflow.task.hooks.airflow.providers.ssh.hooks.ssh.SSHHook","filename":"ssh.py","lineno":500}
{"timestamp":"2026-04-22T00:46:51.857779Z","level":"warning","event":"\tat java.lang.ClassLoader.defineClass1(Native Method)","logger":"airflow.task.hooks.airflow.providers.ssh.hooks.ssh.SSHHook","filename":"ssh.py","lineno":500}
{"timestamp":"2026-04-22T00:46:51.858395Z","level":"warning","event":"\tat java.lang.ClassLoader.defineClass(ClassLoader.java:756)","logger":"airflow.task.hooks.airflow.providers.ssh.hooks.ssh.SSHHook","filename":"ssh.py","lineno":500}
{"timestamp":"2026-04-22T00:46:51.858987Z","level":"warning","event":"\tat java.security.SecureClassLoader.defineClass(SecureClassLoader.java:142)","logger":"airflow.task.hooks.airflow.providers.ssh.hooks.ssh.SSHHook","filename":"ssh.py","lineno":500}
{"timestamp":"2026-04-22T00:46:51.859311Z","level":"warning","event":"\tat java.net.URLClassLoader.defineClass(URLClassLoader.java:473)","logger":"airflow.task.hooks.airflow.providers.ssh.hooks.ssh.SSHHook","filename":"ssh.py","lineno":500}
{"timestamp":"2026-04-22T00:46:51.859904Z","level":"warning","event":"\tat java.net.URLClassLoader.access$100(URLClassLoader.java:74)","logger":"airflow.task.hooks.airflow.providers.ssh.hooks.ssh.SSHHook","filename":"ssh.py","lineno":500}
{"timestamp":"2026-04-22T00:46:51.860672Z","level":"warning","event":"\tat java.net.URLClassLoader$1.run(URLClassLoader.java:369)","logger":"airflow.task.hooks.airflow.providers.ssh.hooks.ssh.SSHHook","filename":"ssh.py","lineno":500}
{"timestamp":"2026-04-22T00:46:51.860979Z","level":"warning","event":"\tat java.net.URLClassLoader$1.run(URLClassLoader.java:363)","logger":"airflow.task.hooks.airflow.providers.ssh.hooks.ssh.SSHHook","filename":"ssh.py","lineno":500}
{"timestamp":"2026-04-22T00:46:51.861176Z","level":"warning","event":"\tat java.security.AccessController.doPrivileged(Native Method)","logger":"airflow.task.hooks.airflow.providers.ssh.hooks.ssh.SSHHook","filename":"ssh.py","lineno":500}
{"timestamp":"2026-04-22T00:46:51.861308Z","level":"warning","event":"\tat java.net.URLClassLoader.findClass(URLClassLoader.java:362)","logger":"airflow.task.hooks.airflow.providers.ssh.hooks.ssh.SSHHook","filename":"ssh.py","lineno":500}
{"timestamp":"2026-04-22T00:46:51.861549Z","level":"warning","event":"\tat java.lang.ClassLoader.loadClass(ClassLoader.java:418)","logger":"airflow.task.hooks.airflow.providers.ssh.hooks.ssh.SSHHook","filename":"ssh.py","lineno":500}
{"timestamp":"2026-04-22T00:46:51.862039Z","level":"warning","event":"\tat sun.misc.Launcher$AppClassLoader.loadClass(Launcher.java:352)","logger":"airflow.task.hooks.airflow.providers.ssh.hooks.ssh.SSHHook","filename":"ssh.py","lineno":500}
{"timestamp":"2026-04-22T00:46:51.862214Z","level":"warning","event":"\tat java.lang.ClassLoader.loadClass(ClassLoader.java:351)","logger":"airflow.task.hooks.airflow.providers.ssh.hooks.ssh.SSHHook","filename":"ssh.py","lineno":500}
{"timestamp":"2026-04-22T00:46:51.862435Z","level":"warning","event":"\tat sun.launcher.LauncherHelper.checkAndLoadMain(LauncherHelper.java:621)","logger":"airflow.task.hooks.airflow.providers.ssh.hooks.ssh.SSHHook","filename":"ssh.py","lineno":500}
{"timestamp":"2026-04-22T00:46:51.867440Z","level":"warning","event":"/usr/local/lib/python3.10/dist-packages/pyspark/bin/spark-class: 줄 97: CMD: 잘못된 배열 첨자","logger":"airflow.task.hooks.airflow.providers.ssh.hooks.ssh.SSHHook","filename":"ssh.py","lineno":500}
{"timestamp":"2026-04-22T00:46:51.873920Z","level":"info","event":"[FAIL] raw_kern","logger":"airflow.task.hooks.airflow.providers.ssh.hooks.ssh.SSHHook","filename":"ssh.py","lineno":495}
{"timestamp":"2026-04-22T00:46:51.891499Z","level":"error","event":"Task failed with exception","logger":"task","filename":"task_runner.py","lineno":986,"error_detail":[{"exc_type":"AirflowException","exc_value":"SSH operator error: exit status = 1","exc_notes":[],"syntax_error":null,"is_cause":false,"frames":[{"filename":"/home/airflow/.local/lib/python3.12/site-packages/airflow/sdk/execution_time/task_runner.py","lineno":934,"name":"run"},{"filename":"/home/airflow/.local/lib/python3.12/site-packages/airflow/sdk/execution_time/task_runner.py","lineno":1325,"name":"_execute_task"},{"filename":"/home/airflow/.local/lib/python3.12/site-packages/airflow/sdk/bases/operator.py","lineno":417,"name":"wrapper"},{"filename":"/home/airflow/.local/lib/python3.12/site-packages/airflow/providers/ssh/operators/ssh.py","lineno":177,"name":"execute"},{"filename":"/home/airflow/.local/lib/python3.12/site-packages/airflow/providers/ssh/operators/ssh.py","lineno":165,"name":"run_ssh_client_command"},{"filename":"/home/airflow/.local/lib/python3.12/site-packages/airflow/providers/ssh/operators/ssh.py","lineno":159,"name":"raise_for_status"}],"is_group":false,"exceptions":[]}]}
