{"timestamp":"2026-04-22T03:51:05.090063Z","level":"info","event":"DAG bundles loaded: dags-folder","logger":"airflow.dag_processing.bundles.manager.DagBundlesManager","filename":"manager.py","lineno":179}
{"timestamp":"2026-04-22T03:51:05.103350Z","level":"info","event":"Filling up the DagBag from /opt/airflow/dags/hive_msck.py","logger":"airflow.models.dagbag.DagBag","filename":"dagbag.py","lineno":593}
{"timestamp":"2026-04-22T03:51:05.228183Z","level":"warning","event":"The `airflow.decorators.dag` attribute is deprecated. Please use `'airflow.sdk.dag'`.","category":"DeprecatedImportWarning","filename":"/opt/airflow/dags/hive_msck.py","lineno":3,"logger":"py.warnings"}
{"timestamp":"2026-04-22T03:51:05.228857Z","level":"warning","event":"The `airflow.decorators.task` attribute is deprecated. Please use `'airflow.sdk.task'`.","category":"DeprecatedImportWarning","filename":"/opt/airflow/dags/hive_msck.py","lineno":3,"logger":"py.warnings"}
{"timestamp":"2026-04-22T03:51:05.299463Z","level":"info","event":"ssh_hook is not provided or invalid. Trying ssh_conn_id to create SSHHook.","logger":"airflow.task.operators.airflow.providers.ssh.operators.ssh.SSHOperator","filename":"ssh.py","lineno":127}
{"timestamp":"2026-04-22T03:51:05.323205Z","level":"warning","event":"No Host Key Verification. This won't protect against Man-In-The-Middle attacks","logger":"airflow.task.hooks.airflow.providers.ssh.hooks.ssh.SSHHook","filename":"ssh.py","lineno":298}
{"timestamp":"2026-04-22T03:51:05.343275Z","level":"info","event":"Connected (version 2.0, client OpenSSH_8.9p1)","logger":"paramiko.transport","filename":"transport.py","lineno":1944}
{"timestamp":"2026-04-22T03:51:05.465762Z","level":"info","event":"Authentication (password) successful!","logger":"paramiko.transport","filename":"transport.py","lineno":1944}
{"timestamp":"2026-04-22T03:51:05.466477Z","level":"info","event":"Running command: \n            bash -lc '\n            echo \"==============================\"\n            echo \"TABLE START: auth\"\n            echo \"==============================\"\n\n            # --------------------------------------------------\n            # 1. HDFS partition directory 생성 (-3 ~ +3)\n            # --------------------------------------------------\n            for i in $(seq -3 3);\n            do\n                date=$(date -d \"$i days\" +%Y%m%d)\n                echo \"CREATE HDFS: /hive/auth/dt=$date\"\n\n                hdfs dfs -mkdir -p /hive/auth/dt=$date\n            done\n\n            # --------------------------------------------------\n            # 2. MSCK REPAIR\n            # --------------------------------------------------\n            echo \"MSCK START: auth\"\n\n            beeline -u jdbc:hive2://localhost:10000/default             -e \"MSCK REPAIR TABLE auth\";\n\n            # --------------------------------------------------\n            # 3. VERIFY\n            # --------------------------------------------------\n            echo \"SHOW PARTITIONS: auth\"\n\n            beeline -u jdbc:hive2://localhost:10000/default             -e \"SHOW PARTITIONS auth\";\n\n            echo \"==============================\"\n            echo \"TABLE END: auth\"\n            echo \"==============================\"\n            '\n            ","logger":"airflow.task.hooks.airflow.providers.ssh.hooks.ssh.SSHHook","filename":"ssh.py","lineno":449}
{"timestamp":"2026-04-22T03:51:06.159702Z","level":"info","event":"==============================","logger":"airflow.task.hooks.airflow.providers.ssh.hooks.ssh.SSHHook","filename":"ssh.py","lineno":495}
{"timestamp":"2026-04-22T03:51:06.160003Z","level":"info","event":"TABLE START: auth","logger":"airflow.task.hooks.airflow.providers.ssh.hooks.ssh.SSHHook","filename":"ssh.py","lineno":495}
{"timestamp":"2026-04-22T03:51:06.160137Z","level":"info","event":"==============================","logger":"airflow.task.hooks.airflow.providers.ssh.hooks.ssh.SSHHook","filename":"ssh.py","lineno":495}
{"timestamp":"2026-04-22T03:51:06.163298Z","level":"info","event":"CREATE HDFS: /hive/auth/dt=20260419","logger":"airflow.task.hooks.airflow.providers.ssh.hooks.ssh.SSHHook","filename":"ssh.py","lineno":495}
{"timestamp":"2026-04-22T03:51:08.959057Z","level":"info","event":"CREATE HDFS: /hive/auth/dt=20260420","logger":"airflow.task.hooks.airflow.providers.ssh.hooks.ssh.SSHHook","filename":"ssh.py","lineno":495}
{"timestamp":"2026-04-22T03:51:11.601067Z","level":"info","event":"CREATE HDFS: /hive/auth/dt=20260421","logger":"airflow.task.hooks.airflow.providers.ssh.hooks.ssh.SSHHook","filename":"ssh.py","lineno":495}
{"timestamp":"2026-04-22T03:51:14.235577Z","level":"info","event":"CREATE HDFS: /hive/auth/dt=20260422","logger":"airflow.task.hooks.airflow.providers.ssh.hooks.ssh.SSHHook","filename":"ssh.py","lineno":495}
{"timestamp":"2026-04-22T03:51:17.188897Z","level":"info","event":"CREATE HDFS: /hive/auth/dt=20260423","logger":"airflow.task.hooks.airflow.providers.ssh.hooks.ssh.SSHHook","filename":"ssh.py","lineno":495}
{"timestamp":"2026-04-22T03:51:19.848064Z","level":"info","event":"CREATE HDFS: /hive/auth/dt=20260424","logger":"airflow.task.hooks.airflow.providers.ssh.hooks.ssh.SSHHook","filename":"ssh.py","lineno":495}
{"timestamp":"2026-04-22T03:51:22.135882Z","level":"info","event":"CREATE HDFS: /hive/auth/dt=20260425","logger":"airflow.task.hooks.airflow.providers.ssh.hooks.ssh.SSHHook","filename":"ssh.py","lineno":495}
{"timestamp":"2026-04-22T03:51:24.509504Z","level":"info","event":"MSCK START: auth","logger":"airflow.task.hooks.airflow.providers.ssh.hooks.ssh.SSHHook","filename":"ssh.py","lineno":495}
{"timestamp":"2026-04-22T03:51:26.154913Z","level":"warning","event":"SLF4J: Class path contains multiple SLF4J bindings.","logger":"airflow.task.hooks.airflow.providers.ssh.hooks.ssh.SSHHook","filename":"ssh.py","lineno":500}
{"timestamp":"2026-04-22T03:51:26.156612Z","level":"warning","event":"SLF4J: Found binding in [jar:file:/application/apache-hive-3.1.3-bin/lib/log4j-slf4j-impl-2.17.1.jar!/org/slf4j/impl/StaticLoggerBinder.class]","logger":"airflow.task.hooks.airflow.providers.ssh.hooks.ssh.SSHHook","filename":"ssh.py","lineno":500}
{"timestamp":"2026-04-22T03:51:26.157728Z","level":"warning","event":"SLF4J: Found binding in [jar:file:/application/hadoop-3.2.4/share/hadoop/common/lib/slf4j-reload4j-1.7.35.jar!/org/slf4j/impl/StaticLoggerBinder.class]","logger":"airflow.task.hooks.airflow.providers.ssh.hooks.ssh.SSHHook","filename":"ssh.py","lineno":500}
{"timestamp":"2026-04-22T03:51:26.158861Z","level":"warning","event":"SLF4J: See http://www.slf4j.org/codes.html#multiple_bindings for an explanation.","logger":"airflow.task.hooks.airflow.providers.ssh.hooks.ssh.SSHHook","filename":"ssh.py","lineno":500}
{"timestamp":"2026-04-22T03:51:26.357143Z","level":"warning","event":"SLF4J: Actual binding is of type [org.apache.logging.slf4j.Log4jLoggerFactory]","logger":"airflow.task.hooks.airflow.providers.ssh.hooks.ssh.SSHHook","filename":"ssh.py","lineno":500}
{"timestamp":"2026-04-22T03:51:27.872559Z","level":"warning","event":"Connecting to jdbc:hive2://localhost:10000/default","logger":"airflow.task.hooks.airflow.providers.ssh.hooks.ssh.SSHHook","filename":"ssh.py","lineno":500}
{"timestamp":"2026-04-22T03:51:28.160371Z","level":"warning","event":"Connected to: Apache Hive (version 3.1.3)","logger":"airflow.task.hooks.airflow.providers.ssh.hooks.ssh.SSHHook","filename":"ssh.py","lineno":500}
{"timestamp":"2026-04-22T03:51:28.162628Z","level":"warning","event":"Driver: Hive JDBC (version 3.1.3)","logger":"airflow.task.hooks.airflow.providers.ssh.hooks.ssh.SSHHook","filename":"ssh.py","lineno":500}
{"timestamp":"2026-04-22T03:51:28.163387Z","level":"warning","event":"Transaction isolation: TRANSACTION_REPEATABLE_READ","logger":"airflow.task.hooks.airflow.providers.ssh.hooks.ssh.SSHHook","filename":"ssh.py","lineno":500}
{"timestamp":"2026-04-22T03:51:28.471056Z","level":"warning","event":"INFO  : Compiling command(queryId=root_20260422125128_135548fa-f179-4f9e-945e-a5508abee662): MSCK REPAIR TABLE auth","logger":"airflow.task.hooks.airflow.providers.ssh.hooks.ssh.SSHHook","filename":"ssh.py","lineno":500}
{"timestamp":"2026-04-22T03:51:28.472250Z","level":"warning","event":"INFO  : Concurrency mode is disabled, not creating a lock manager","logger":"airflow.task.hooks.airflow.providers.ssh.hooks.ssh.SSHHook","filename":"ssh.py","lineno":500}
{"timestamp":"2026-04-22T03:51:28.473013Z","level":"warning","event":"INFO  : Semantic Analysis Completed (retrial = false)","logger":"airflow.task.hooks.airflow.providers.ssh.hooks.ssh.SSHHook","filename":"ssh.py","lineno":500}
{"timestamp":"2026-04-22T03:51:28.473871Z","level":"warning","event":"INFO  : Returning Hive schema: Schema(fieldSchemas:null, properties:null)","logger":"airflow.task.hooks.airflow.providers.ssh.hooks.ssh.SSHHook","filename":"ssh.py","lineno":500}
{"timestamp":"2026-04-22T03:51:28.474464Z","level":"warning","event":"INFO  : Completed compiling command(queryId=root_20260422125128_135548fa-f179-4f9e-945e-a5508abee662); Time taken: 0.147 seconds","logger":"airflow.task.hooks.airflow.providers.ssh.hooks.ssh.SSHHook","filename":"ssh.py","lineno":500}
{"timestamp":"2026-04-22T03:51:28.475123Z","level":"warning","event":"INFO  : Concurrency mode is disabled, not creating a lock manager","logger":"airflow.task.hooks.airflow.providers.ssh.hooks.ssh.SSHHook","filename":"ssh.py","lineno":500}
{"timestamp":"2026-04-22T03:51:28.475756Z","level":"warning","event":"INFO  : Executing command(queryId=root_20260422125128_135548fa-f179-4f9e-945e-a5508abee662): MSCK REPAIR TABLE auth","logger":"airflow.task.hooks.airflow.providers.ssh.hooks.ssh.SSHHook","filename":"ssh.py","lineno":500}
{"timestamp":"2026-04-22T03:51:28.476371Z","level":"warning","event":"INFO  : Starting task [Stage-0:DDL] in serial mode","logger":"airflow.task.hooks.airflow.providers.ssh.hooks.ssh.SSHHook","filename":"ssh.py","lineno":500}
{"timestamp":"2026-04-22T03:51:28.477024Z","level":"warning","event":"INFO  : Completed executing command(queryId=root_20260422125128_135548fa-f179-4f9e-945e-a5508abee662); Time taken: 0.072 seconds","logger":"airflow.task.hooks.airflow.providers.ssh.hooks.ssh.SSHHook","filename":"ssh.py","lineno":500}
{"timestamp":"2026-04-22T03:51:28.477588Z","level":"warning","event":"INFO  : OK","logger":"airflow.task.hooks.airflow.providers.ssh.hooks.ssh.SSHHook","filename":"ssh.py","lineno":500}
{"timestamp":"2026-04-22T03:51:28.478196Z","level":"warning","event":"INFO  : Concurrency mode is disabled, not creating a lock manager","logger":"airflow.task.hooks.airflow.providers.ssh.hooks.ssh.SSHHook","filename":"ssh.py","lineno":500}
{"timestamp":"2026-04-22T03:51:28.478956Z","level":"warning","event":"No rows affected (0.292 seconds)","logger":"airflow.task.hooks.airflow.providers.ssh.hooks.ssh.SSHHook","filename":"ssh.py","lineno":500}
{"timestamp":"2026-04-22T03:51:28.490263Z","level":"warning","event":"Beeline version 3.1.3 by Apache Hive","logger":"airflow.task.hooks.airflow.providers.ssh.hooks.ssh.SSHHook","filename":"ssh.py","lineno":500}
{"timestamp":"2026-04-22T03:51:28.551810Z","level":"warning","event":"Closing: 0: jdbc:hive2://localhost:10000/default","logger":"airflow.task.hooks.airflow.providers.ssh.hooks.ssh.SSHHook","filename":"ssh.py","lineno":500}
{"timestamp":"2026-04-22T03:51:28.608564Z","level":"info","event":"SHOW PARTITIONS: auth","logger":"airflow.task.hooks.airflow.providers.ssh.hooks.ssh.SSHHook","filename":"ssh.py","lineno":495}
{"timestamp":"2026-04-22T03:51:30.087580Z","level":"warning","event":"SLF4J: Class path contains multiple SLF4J bindings.","logger":"airflow.task.hooks.airflow.providers.ssh.hooks.ssh.SSHHook","filename":"ssh.py","lineno":500}
{"timestamp":"2026-04-22T03:51:30.088040Z","level":"warning","event":"SLF4J: Found binding in [jar:file:/application/apache-hive-3.1.3-bin/lib/log4j-slf4j-impl-2.17.1.jar!/org/slf4j/impl/StaticLoggerBinder.class]","logger":"airflow.task.hooks.airflow.providers.ssh.hooks.ssh.SSHHook","filename":"ssh.py","lineno":500}
{"timestamp":"2026-04-22T03:51:30.088139Z","level":"warning","event":"SLF4J: Found binding in [jar:file:/application/hadoop-3.2.4/share/hadoop/common/lib/slf4j-reload4j-1.7.35.jar!/org/slf4j/impl/StaticLoggerBinder.class]","logger":"airflow.task.hooks.airflow.providers.ssh.hooks.ssh.SSHHook","filename":"ssh.py","lineno":500}
{"timestamp":"2026-04-22T03:51:30.088417Z","level":"warning","event":"SLF4J: See http://www.slf4j.org/codes.html#multiple_bindings for an explanation.","logger":"airflow.task.hooks.airflow.providers.ssh.hooks.ssh.SSHHook","filename":"ssh.py","lineno":500}
{"timestamp":"2026-04-22T03:51:30.396496Z","level":"warning","event":"SLF4J: Actual binding is of type [org.apache.logging.slf4j.Log4jLoggerFactory]","logger":"airflow.task.hooks.airflow.providers.ssh.hooks.ssh.SSHHook","filename":"ssh.py","lineno":500}
{"timestamp":"2026-04-22T03:51:31.905493Z","level":"warning","event":"Connecting to jdbc:hive2://localhost:10000/default","logger":"airflow.task.hooks.airflow.providers.ssh.hooks.ssh.SSHHook","filename":"ssh.py","lineno":500}
{"timestamp":"2026-04-22T03:51:32.157552Z","level":"warning","event":"Connected to: Apache Hive (version 3.1.3)","logger":"airflow.task.hooks.airflow.providers.ssh.hooks.ssh.SSHHook","filename":"ssh.py","lineno":500}
{"timestamp":"2026-04-22T03:51:32.158118Z","level":"warning","event":"Driver: Hive JDBC (version 3.1.3)","logger":"airflow.task.hooks.airflow.providers.ssh.hooks.ssh.SSHHook","filename":"ssh.py","lineno":500}
{"timestamp":"2026-04-22T03:51:32.159000Z","level":"warning","event":"Transaction isolation: TRANSACTION_REPEATABLE_READ","logger":"airflow.task.hooks.airflow.providers.ssh.hooks.ssh.SSHHook","filename":"ssh.py","lineno":500}
{"timestamp":"2026-04-22T03:51:32.504251Z","level":"warning","event":"INFO  : Compiling command(queryId=root_20260422125132_83ef5a4f-128d-4a53-b33a-504ef46ef40f): SHOW PARTITIONS auth","logger":"airflow.task.hooks.airflow.providers.ssh.hooks.ssh.SSHHook","filename":"ssh.py","lineno":500}
{"timestamp":"2026-04-22T03:51:32.504676Z","level":"warning","event":"INFO  : Concurrency mode is disabled, not creating a lock manager","logger":"airflow.task.hooks.airflow.providers.ssh.hooks.ssh.SSHHook","filename":"ssh.py","lineno":500}
{"timestamp":"2026-04-22T03:51:32.504787Z","level":"warning","event":"INFO  : Semantic Analysis Completed (retrial = false)","logger":"airflow.task.hooks.airflow.providers.ssh.hooks.ssh.SSHHook","filename":"ssh.py","lineno":500}
{"timestamp":"2026-04-22T03:51:32.504857Z","level":"warning","event":"INFO  : Returning Hive schema: Schema(fieldSchemas:[FieldSchema(name:partition, type:string, comment:from deserializer)], properties:null)","logger":"airflow.task.hooks.airflow.providers.ssh.hooks.ssh.SSHHook","filename":"ssh.py","lineno":500}
{"timestamp":"2026-04-22T03:51:32.505132Z","level":"warning","event":"INFO  : Completed compiling command(queryId=root_20260422125132_83ef5a4f-128d-4a53-b33a-504ef46ef40f); Time taken: 0.118 seconds","logger":"airflow.task.hooks.airflow.providers.ssh.hooks.ssh.SSHHook","filename":"ssh.py","lineno":500}
{"timestamp":"2026-04-22T03:51:32.505221Z","level":"warning","event":"INFO  : Concurrency mode is disabled, not creating a lock manager","logger":"airflow.task.hooks.airflow.providers.ssh.hooks.ssh.SSHHook","filename":"ssh.py","lineno":500}
{"timestamp":"2026-04-22T03:51:32.506010Z","level":"warning","event":"INFO  : Executing command(queryId=root_20260422125132_83ef5a4f-128d-4a53-b33a-504ef46ef40f): SHOW PARTITIONS auth","logger":"airflow.task.hooks.airflow.providers.ssh.hooks.ssh.SSHHook","filename":"ssh.py","lineno":500}
{"timestamp":"2026-04-22T03:51:32.506124Z","level":"warning","event":"INFO  : Starting task [Stage-0:DDL] in serial mode","logger":"airflow.task.hooks.airflow.providers.ssh.hooks.ssh.SSHHook","filename":"ssh.py","lineno":500}
{"timestamp":"2026-04-22T03:51:32.506219Z","level":"warning","event":"INFO  : Completed executing command(queryId=root_20260422125132_83ef5a4f-128d-4a53-b33a-504ef46ef40f); Time taken: 0.026 seconds","logger":"airflow.task.hooks.airflow.providers.ssh.hooks.ssh.SSHHook","filename":"ssh.py","lineno":500}
{"timestamp":"2026-04-22T03:51:32.506280Z","level":"warning","event":"INFO  : OK","logger":"airflow.task.hooks.airflow.providers.ssh.hooks.ssh.SSHHook","filename":"ssh.py","lineno":500}
{"timestamp":"2026-04-22T03:51:32.506337Z","level":"warning","event":"INFO  : Concurrency mode is disabled, not creating a lock manager","logger":"airflow.task.hooks.airflow.providers.ssh.hooks.ssh.SSHHook","filename":"ssh.py","lineno":500}
{"timestamp":"2026-04-22T03:51:32.519956Z","level":"info","event":"+--------------+","logger":"airflow.task.hooks.airflow.providers.ssh.hooks.ssh.SSHHook","filename":"ssh.py","lineno":495}
{"timestamp":"2026-04-22T03:51:32.521029Z","level":"info","event":"|  partition   |","logger":"airflow.task.hooks.airflow.providers.ssh.hooks.ssh.SSHHook","filename":"ssh.py","lineno":495}
{"timestamp":"2026-04-22T03:51:32.521964Z","level":"info","event":"+--------------+","logger":"airflow.task.hooks.airflow.providers.ssh.hooks.ssh.SSHHook","filename":"ssh.py","lineno":495}
{"timestamp":"2026-04-22T03:51:32.523040Z","level":"info","event":"| dt=20260419  |","logger":"airflow.task.hooks.airflow.providers.ssh.hooks.ssh.SSHHook","filename":"ssh.py","lineno":495}
{"timestamp":"2026-04-22T03:51:32.524220Z","level":"info","event":"| dt=20260420  |","logger":"airflow.task.hooks.airflow.providers.ssh.hooks.ssh.SSHHook","filename":"ssh.py","lineno":495}
{"timestamp":"2026-04-22T03:51:32.525172Z","level":"info","event":"| dt=20260421  |","logger":"airflow.task.hooks.airflow.providers.ssh.hooks.ssh.SSHHook","filename":"ssh.py","lineno":495}
{"timestamp":"2026-04-22T03:51:32.525975Z","level":"info","event":"| dt=20260422  |","logger":"airflow.task.hooks.airflow.providers.ssh.hooks.ssh.SSHHook","filename":"ssh.py","lineno":495}
{"timestamp":"2026-04-22T03:51:32.527022Z","level":"info","event":"| dt=20260423  |","logger":"airflow.task.hooks.airflow.providers.ssh.hooks.ssh.SSHHook","filename":"ssh.py","lineno":495}
{"timestamp":"2026-04-22T03:51:32.528009Z","level":"info","event":"| dt=20260424  |","logger":"airflow.task.hooks.airflow.providers.ssh.hooks.ssh.SSHHook","filename":"ssh.py","lineno":495}
{"timestamp":"2026-04-22T03:51:32.528929Z","level":"info","event":"| dt=20260425  |","logger":"airflow.task.hooks.airflow.providers.ssh.hooks.ssh.SSHHook","filename":"ssh.py","lineno":495}
{"timestamp":"2026-04-22T03:51:32.530502Z","level":"info","event":"+--------------+","logger":"airflow.task.hooks.airflow.providers.ssh.hooks.ssh.SSHHook","filename":"ssh.py","lineno":495}
{"timestamp":"2026-04-22T03:51:32.532742Z","level":"warning","event":"7 rows selected (0.354 seconds)","logger":"airflow.task.hooks.airflow.providers.ssh.hooks.ssh.SSHHook","filename":"ssh.py","lineno":500}
{"timestamp":"2026-04-22T03:51:32.546206Z","level":"warning","event":"Beeline version 3.1.3 by Apache Hive","logger":"airflow.task.hooks.airflow.providers.ssh.hooks.ssh.SSHHook","filename":"ssh.py","lineno":500}
{"timestamp":"2026-04-22T03:51:32.577348Z","level":"warning","event":"Closing: 0: jdbc:hive2://localhost:10000/default","logger":"airflow.task.hooks.airflow.providers.ssh.hooks.ssh.SSHHook","filename":"ssh.py","lineno":500}
{"timestamp":"2026-04-22T03:51:32.640660Z","level":"info","event":"==============================","logger":"airflow.task.hooks.airflow.providers.ssh.hooks.ssh.SSHHook","filename":"ssh.py","lineno":495}
{"timestamp":"2026-04-22T03:51:32.640875Z","level":"info","event":"TABLE END: auth","logger":"airflow.task.hooks.airflow.providers.ssh.hooks.ssh.SSHHook","filename":"ssh.py","lineno":495}
{"timestamp":"2026-04-22T03:51:32.640950Z","level":"info","event":"==============================","logger":"airflow.task.hooks.airflow.providers.ssh.hooks.ssh.SSHHook","filename":"ssh.py","lineno":495}
{"timestamp":"2026-04-22T03:51:32.672568Z","level":"info","event":"Pushing xcom","ti":"RuntimeTaskInstance(id=UUID('019db350-0fb7-74dd-ac34-ac6a437f7bbf'), task_id='msck_repair', dag_id='hive_msck_repair', run_id='manual__2026-04-22T03:50:58+00:00', try_number=1, dag_version_id=UUID('019db34f-e88a-72ff-ae83-70ece01b658c'), map_index=0, hostname='d70869c01b70', context_carrier={}, task=<Task(SSHOperator): msck_repair>, bundle_instance=LocalDagBundle(name=dags-folder), max_tries=0, start_date=datetime.datetime(2026, 4, 22, 3, 51, 4, 996389, tzinfo=datetime.timezone.utc), end_date=None, state=<TaskInstanceState.RUNNING: 'running'>, is_mapped=True, rendered_map_index=None)","logger":"task","filename":"task_runner.py","lineno":1370}
