{"timestamp":"2026-04-25T07:43:25.750986Z","level":"info","event":"DAG bundles loaded: dags-folder","logger":"airflow.dag_processing.bundles.manager.DagBundlesManager","filename":"manager.py","lineno":179}
{"timestamp":"2026-04-25T07:43:25.753092Z","level":"info","event":"Filling up the DagBag from /opt/airflow/dags/hive_msck.py","logger":"airflow.models.dagbag.DagBag","filename":"dagbag.py","lineno":593}
{"timestamp":"2026-04-25T07:43:25.955279Z","level":"warning","event":"The `airflow.decorators.dag` attribute is deprecated. Please use `'airflow.sdk.dag'`.","category":"DeprecatedImportWarning","filename":"/opt/airflow/dags/hive_msck.py","lineno":3,"logger":"py.warnings"}
{"timestamp":"2026-04-25T07:43:25.955509Z","level":"warning","event":"The `airflow.decorators.task` attribute is deprecated. Please use `'airflow.sdk.task'`.","category":"DeprecatedImportWarning","filename":"/opt/airflow/dags/hive_msck.py","lineno":3,"logger":"py.warnings"}
{"timestamp":"2026-04-25T07:43:25.955656Z","level":"warning","event":"The `airflow.utils.task_group.TaskGroup` attribute is deprecated. Please use `'airflow.sdk.TaskGroup'`.","category":"DeprecatedImportWarning","filename":"/opt/airflow/dags/hive_msck.py","lineno":5,"logger":"py.warnings"}
{"timestamp":"2026-04-25T07:43:26.020447Z","level":"info","event":"ssh_hook is not provided or invalid. Trying ssh_conn_id to create SSHHook.","logger":"airflow.task.operators.airflow.providers.ssh.operators.ssh.SSHOperator","filename":"ssh.py","lineno":127}
{"timestamp":"2026-04-25T07:43:26.044801Z","level":"warning","event":"No Host Key Verification. This won't protect against Man-In-The-Middle attacks","logger":"airflow.task.hooks.airflow.providers.ssh.hooks.ssh.SSHHook","filename":"ssh.py","lineno":298}
{"timestamp":"2026-04-25T07:43:26.068929Z","level":"info","event":"Connected (version 2.0, client OpenSSH_8.9p1)","logger":"paramiko.transport","filename":"transport.py","lineno":1944}
{"timestamp":"2026-04-25T07:43:26.177994Z","level":"info","event":"Authentication (password) successful!","logger":"paramiko.transport","filename":"transport.py","lineno":1944}
{"timestamp":"2026-04-25T07:43:26.179110Z","level":"info","event":"Running command: \n        bash -lc '\n        echo \"===== MSCK START: auth =====\"\n\n        # HDFS 파티션 생성 (-3 ~ +3)\n        for i in $(seq -3 3); do\n            date=$(date -d \"$i days\" +%Y%m%d)\n            hdfs dfs -mkdir -p /hive/auth/dt=$date\n        done\n\n        # MSCK\n        beeline -u jdbc:hive2://localhost:10000/default         -e \"MSCK REPAIR TABLE auth\";\n\n        # VERIFY\n        beeline -u jdbc:hive2://localhost:10000/default         -e \"SHOW PARTITIONS auth\";\n\n        echo \"===== MSCK END: auth =====\"\n        '\n        ","logger":"airflow.task.hooks.airflow.providers.ssh.hooks.ssh.SSHHook","filename":"ssh.py","lineno":449}
{"timestamp":"2026-04-25T07:43:26.923808Z","level":"info","event":"===== MSCK START: auth =====","logger":"airflow.task.hooks.airflow.providers.ssh.hooks.ssh.SSHHook","filename":"ssh.py","lineno":495}
{"timestamp":"2026-04-25T07:43:51.537351Z","level":"warning","event":"SLF4J: Class path contains multiple SLF4J bindings.","logger":"airflow.task.hooks.airflow.providers.ssh.hooks.ssh.SSHHook","filename":"ssh.py","lineno":500}
{"timestamp":"2026-04-25T07:43:51.537827Z","level":"warning","event":"SLF4J: Found binding in [jar:file:/application/apache-hive-3.1.3-bin/lib/log4j-slf4j-impl-2.17.1.jar!/org/slf4j/impl/StaticLoggerBinder.class]","logger":"airflow.task.hooks.airflow.providers.ssh.hooks.ssh.SSHHook","filename":"ssh.py","lineno":500}
{"timestamp":"2026-04-25T07:43:51.538129Z","level":"warning","event":"SLF4J: Found binding in [jar:file:/application/hadoop-3.2.4/share/hadoop/common/lib/slf4j-reload4j-1.7.35.jar!/org/slf4j/impl/StaticLoggerBinder.class]","logger":"airflow.task.hooks.airflow.providers.ssh.hooks.ssh.SSHHook","filename":"ssh.py","lineno":500}
{"timestamp":"2026-04-25T07:43:51.538226Z","level":"warning","event":"SLF4J: See http://www.slf4j.org/codes.html#multiple_bindings for an explanation.","logger":"airflow.task.hooks.airflow.providers.ssh.hooks.ssh.SSHHook","filename":"ssh.py","lineno":500}
{"timestamp":"2026-04-25T07:43:51.828869Z","level":"warning","event":"SLF4J: Actual binding is of type [org.apache.logging.slf4j.Log4jLoggerFactory]","logger":"airflow.task.hooks.airflow.providers.ssh.hooks.ssh.SSHHook","filename":"ssh.py","lineno":500}
{"timestamp":"2026-04-25T07:43:53.886627Z","level":"warning","event":"Connecting to jdbc:hive2://localhost:10000/default","logger":"airflow.task.hooks.airflow.providers.ssh.hooks.ssh.SSHHook","filename":"ssh.py","lineno":500}
{"timestamp":"2026-04-25T07:43:54.268648Z","level":"warning","event":"Connected to: Apache Hive (version 3.1.3)","logger":"airflow.task.hooks.airflow.providers.ssh.hooks.ssh.SSHHook","filename":"ssh.py","lineno":500}
{"timestamp":"2026-04-25T07:43:54.269789Z","level":"warning","event":"Driver: Hive JDBC (version 3.1.3)","logger":"airflow.task.hooks.airflow.providers.ssh.hooks.ssh.SSHHook","filename":"ssh.py","lineno":500}
{"timestamp":"2026-04-25T07:43:54.270196Z","level":"warning","event":"Transaction isolation: TRANSACTION_REPEATABLE_READ","logger":"airflow.task.hooks.airflow.providers.ssh.hooks.ssh.SSHHook","filename":"ssh.py","lineno":500}
{"timestamp":"2026-04-25T07:43:54.572270Z","level":"warning","event":"INFO  : Compiling command(queryId=root_20260425164354_1933efdb-571b-4c87-8239-abeb12b4673d): MSCK REPAIR TABLE auth","logger":"airflow.task.hooks.airflow.providers.ssh.hooks.ssh.SSHHook","filename":"ssh.py","lineno":500}
{"timestamp":"2026-04-25T07:43:54.572471Z","level":"warning","event":"INFO  : Concurrency mode is disabled, not creating a lock manager","logger":"airflow.task.hooks.airflow.providers.ssh.hooks.ssh.SSHHook","filename":"ssh.py","lineno":500}
{"timestamp":"2026-04-25T07:43:54.572552Z","level":"warning","event":"INFO  : Semantic Analysis Completed (retrial = false)","logger":"airflow.task.hooks.airflow.providers.ssh.hooks.ssh.SSHHook","filename":"ssh.py","lineno":500}
{"timestamp":"2026-04-25T07:43:54.572616Z","level":"warning","event":"INFO  : Returning Hive schema: Schema(fieldSchemas:null, properties:null)","logger":"airflow.task.hooks.airflow.providers.ssh.hooks.ssh.SSHHook","filename":"ssh.py","lineno":500}
{"timestamp":"2026-04-25T07:43:54.572697Z","level":"warning","event":"INFO  : Completed compiling command(queryId=root_20260425164354_1933efdb-571b-4c87-8239-abeb12b4673d); Time taken: 0.095 seconds","logger":"airflow.task.hooks.airflow.providers.ssh.hooks.ssh.SSHHook","filename":"ssh.py","lineno":500}
{"timestamp":"2026-04-25T07:43:54.572767Z","level":"warning","event":"INFO  : Concurrency mode is disabled, not creating a lock manager","logger":"airflow.task.hooks.airflow.providers.ssh.hooks.ssh.SSHHook","filename":"ssh.py","lineno":500}
{"timestamp":"2026-04-25T07:43:54.572823Z","level":"warning","event":"INFO  : Executing command(queryId=root_20260425164354_1933efdb-571b-4c87-8239-abeb12b4673d): MSCK REPAIR TABLE auth","logger":"airflow.task.hooks.airflow.providers.ssh.hooks.ssh.SSHHook","filename":"ssh.py","lineno":500}
{"timestamp":"2026-04-25T07:43:54.572877Z","level":"warning","event":"INFO  : Starting task [Stage-0:DDL] in serial mode","logger":"airflow.task.hooks.airflow.providers.ssh.hooks.ssh.SSHHook","filename":"ssh.py","lineno":500}
{"timestamp":"2026-04-25T07:43:54.572941Z","level":"warning","event":"INFO  : Completed executing command(queryId=root_20260425164354_1933efdb-571b-4c87-8239-abeb12b4673d); Time taken: 0.119 seconds","logger":"airflow.task.hooks.airflow.providers.ssh.hooks.ssh.SSHHook","filename":"ssh.py","lineno":500}
{"timestamp":"2026-04-25T07:43:54.572995Z","level":"warning","event":"INFO  : OK","logger":"airflow.task.hooks.airflow.providers.ssh.hooks.ssh.SSHHook","filename":"ssh.py","lineno":500}
{"timestamp":"2026-04-25T07:43:54.573049Z","level":"warning","event":"INFO  : Concurrency mode is disabled, not creating a lock manager","logger":"airflow.task.hooks.airflow.providers.ssh.hooks.ssh.SSHHook","filename":"ssh.py","lineno":500}
{"timestamp":"2026-04-25T07:43:54.575651Z","level":"warning","event":"No rows affected (0.282 seconds)","logger":"airflow.task.hooks.airflow.providers.ssh.hooks.ssh.SSHHook","filename":"ssh.py","lineno":500}
{"timestamp":"2026-04-25T07:43:54.585842Z","level":"warning","event":"Beeline version 3.1.3 by Apache Hive","logger":"airflow.task.hooks.airflow.providers.ssh.hooks.ssh.SSHHook","filename":"ssh.py","lineno":500}
{"timestamp":"2026-04-25T07:43:54.642441Z","level":"warning","event":"Closing: 0: jdbc:hive2://localhost:10000/default","logger":"airflow.task.hooks.airflow.providers.ssh.hooks.ssh.SSHHook","filename":"ssh.py","lineno":500}
{"timestamp":"2026-04-25T07:43:57.095485Z","level":"warning","event":"SLF4J: Class path contains multiple SLF4J bindings.","logger":"airflow.task.hooks.airflow.providers.ssh.hooks.ssh.SSHHook","filename":"ssh.py","lineno":500}
{"timestamp":"2026-04-25T07:43:57.095678Z","level":"warning","event":"SLF4J: Found binding in [jar:file:/application/apache-hive-3.1.3-bin/lib/log4j-slf4j-impl-2.17.1.jar!/org/slf4j/impl/StaticLoggerBinder.class]","logger":"airflow.task.hooks.airflow.providers.ssh.hooks.ssh.SSHHook","filename":"ssh.py","lineno":500}
{"timestamp":"2026-04-25T07:43:57.095760Z","level":"warning","event":"SLF4J: Found binding in [jar:file:/application/hadoop-3.2.4/share/hadoop/common/lib/slf4j-reload4j-1.7.35.jar!/org/slf4j/impl/StaticLoggerBinder.class]","logger":"airflow.task.hooks.airflow.providers.ssh.hooks.ssh.SSHHook","filename":"ssh.py","lineno":500}
{"timestamp":"2026-04-25T07:43:57.095825Z","level":"warning","event":"SLF4J: See http://www.slf4j.org/codes.html#multiple_bindings for an explanation.","logger":"airflow.task.hooks.airflow.providers.ssh.hooks.ssh.SSHHook","filename":"ssh.py","lineno":500}
{"timestamp":"2026-04-25T07:43:57.383332Z","level":"warning","event":"SLF4J: Actual binding is of type [org.apache.logging.slf4j.Log4jLoggerFactory]","logger":"airflow.task.hooks.airflow.providers.ssh.hooks.ssh.SSHHook","filename":"ssh.py","lineno":500}
{"timestamp":"2026-04-25T07:43:59.376616Z","level":"warning","event":"Connecting to jdbc:hive2://localhost:10000/default","logger":"airflow.task.hooks.airflow.providers.ssh.hooks.ssh.SSHHook","filename":"ssh.py","lineno":500}
{"timestamp":"2026-04-25T07:43:59.626183Z","level":"warning","event":"Connected to: Apache Hive (version 3.1.3)","logger":"airflow.task.hooks.airflow.providers.ssh.hooks.ssh.SSHHook","filename":"ssh.py","lineno":500}
{"timestamp":"2026-04-25T07:43:59.626750Z","level":"warning","event":"Driver: Hive JDBC (version 3.1.3)","logger":"airflow.task.hooks.airflow.providers.ssh.hooks.ssh.SSHHook","filename":"ssh.py","lineno":500}
{"timestamp":"2026-04-25T07:43:59.626887Z","level":"warning","event":"Transaction isolation: TRANSACTION_REPEATABLE_READ","logger":"airflow.task.hooks.airflow.providers.ssh.hooks.ssh.SSHHook","filename":"ssh.py","lineno":500}
{"timestamp":"2026-04-25T07:43:59.896590Z","level":"warning","event":"INFO  : Compiling command(queryId=root_20260425164359_ae30b6c6-1e27-4fbb-a82b-14b8d138d306): SHOW PARTITIONS auth","logger":"airflow.task.hooks.airflow.providers.ssh.hooks.ssh.SSHHook","filename":"ssh.py","lineno":500}
{"timestamp":"2026-04-25T07:43:59.896872Z","level":"warning","event":"INFO  : Concurrency mode is disabled, not creating a lock manager","logger":"airflow.task.hooks.airflow.providers.ssh.hooks.ssh.SSHHook","filename":"ssh.py","lineno":500}
{"timestamp":"2026-04-25T07:43:59.897024Z","level":"warning","event":"INFO  : Semantic Analysis Completed (retrial = false)","logger":"airflow.task.hooks.airflow.providers.ssh.hooks.ssh.SSHHook","filename":"ssh.py","lineno":500}
{"timestamp":"2026-04-25T07:43:59.897144Z","level":"warning","event":"INFO  : Returning Hive schema: Schema(fieldSchemas:[FieldSchema(name:partition, type:string, comment:from deserializer)], properties:null)","logger":"airflow.task.hooks.airflow.providers.ssh.hooks.ssh.SSHHook","filename":"ssh.py","lineno":500}
{"timestamp":"2026-04-25T07:43:59.897246Z","level":"warning","event":"INFO  : Completed compiling command(queryId=root_20260425164359_ae30b6c6-1e27-4fbb-a82b-14b8d138d306); Time taken: 0.108 seconds","logger":"airflow.task.hooks.airflow.providers.ssh.hooks.ssh.SSHHook","filename":"ssh.py","lineno":500}
{"timestamp":"2026-04-25T07:43:59.897374Z","level":"warning","event":"INFO  : Concurrency mode is disabled, not creating a lock manager","logger":"airflow.task.hooks.airflow.providers.ssh.hooks.ssh.SSHHook","filename":"ssh.py","lineno":500}
{"timestamp":"2026-04-25T07:43:59.897476Z","level":"warning","event":"INFO  : Executing command(queryId=root_20260425164359_ae30b6c6-1e27-4fbb-a82b-14b8d138d306): SHOW PARTITIONS auth","logger":"airflow.task.hooks.airflow.providers.ssh.hooks.ssh.SSHHook","filename":"ssh.py","lineno":500}
{"timestamp":"2026-04-25T07:43:59.897569Z","level":"warning","event":"INFO  : Starting task [Stage-0:DDL] in serial mode","logger":"airflow.task.hooks.airflow.providers.ssh.hooks.ssh.SSHHook","filename":"ssh.py","lineno":500}
{"timestamp":"2026-04-25T07:43:59.897661Z","level":"warning","event":"INFO  : Completed executing command(queryId=root_20260425164359_ae30b6c6-1e27-4fbb-a82b-14b8d138d306); Time taken: 0.027 seconds","logger":"airflow.task.hooks.airflow.providers.ssh.hooks.ssh.SSHHook","filename":"ssh.py","lineno":500}
{"timestamp":"2026-04-25T07:43:59.897754Z","level":"warning","event":"INFO  : OK","logger":"airflow.task.hooks.airflow.providers.ssh.hooks.ssh.SSHHook","filename":"ssh.py","lineno":500}
{"timestamp":"2026-04-25T07:43:59.897858Z","level":"warning","event":"INFO  : Concurrency mode is disabled, not creating a lock manager","logger":"airflow.task.hooks.airflow.providers.ssh.hooks.ssh.SSHHook","filename":"ssh.py","lineno":500}
{"timestamp":"2026-04-25T07:43:59.913111Z","level":"info","event":"+--------------+","logger":"airflow.task.hooks.airflow.providers.ssh.hooks.ssh.SSHHook","filename":"ssh.py","lineno":495}
{"timestamp":"2026-04-25T07:43:59.913476Z","level":"info","event":"|  partition   |","logger":"airflow.task.hooks.airflow.providers.ssh.hooks.ssh.SSHHook","filename":"ssh.py","lineno":495}
{"timestamp":"2026-04-25T07:43:59.913613Z","level":"info","event":"+--------------+","logger":"airflow.task.hooks.airflow.providers.ssh.hooks.ssh.SSHHook","filename":"ssh.py","lineno":495}
{"timestamp":"2026-04-25T07:43:59.913709Z","level":"info","event":"| dt=20260419  |","logger":"airflow.task.hooks.airflow.providers.ssh.hooks.ssh.SSHHook","filename":"ssh.py","lineno":495}
{"timestamp":"2026-04-25T07:43:59.916094Z","level":"info","event":"| dt=20260420  |","logger":"airflow.task.hooks.airflow.providers.ssh.hooks.ssh.SSHHook","filename":"ssh.py","lineno":495}
{"timestamp":"2026-04-25T07:43:59.916197Z","level":"info","event":"| dt=20260421  |","logger":"airflow.task.hooks.airflow.providers.ssh.hooks.ssh.SSHHook","filename":"ssh.py","lineno":495}
{"timestamp":"2026-04-25T07:43:59.916261Z","level":"info","event":"| dt=20260422  |","logger":"airflow.task.hooks.airflow.providers.ssh.hooks.ssh.SSHHook","filename":"ssh.py","lineno":495}
{"timestamp":"2026-04-25T07:43:59.916311Z","level":"info","event":"| dt=20260423  |","logger":"airflow.task.hooks.airflow.providers.ssh.hooks.ssh.SSHHook","filename":"ssh.py","lineno":495}
{"timestamp":"2026-04-25T07:43:59.916358Z","level":"info","event":"| dt=20260424  |","logger":"airflow.task.hooks.airflow.providers.ssh.hooks.ssh.SSHHook","filename":"ssh.py","lineno":495}
{"timestamp":"2026-04-25T07:43:59.916402Z","level":"info","event":"| dt=20260425  |","logger":"airflow.task.hooks.airflow.providers.ssh.hooks.ssh.SSHHook","filename":"ssh.py","lineno":495}
{"timestamp":"2026-04-25T07:43:59.916446Z","level":"info","event":"| dt=20260426  |","logger":"airflow.task.hooks.airflow.providers.ssh.hooks.ssh.SSHHook","filename":"ssh.py","lineno":495}
{"timestamp":"2026-04-25T07:43:59.916490Z","level":"info","event":"| dt=20260427  |","logger":"airflow.task.hooks.airflow.providers.ssh.hooks.ssh.SSHHook","filename":"ssh.py","lineno":495}
{"timestamp":"2026-04-25T07:43:59.916544Z","level":"info","event":"| dt=20260428  |","logger":"airflow.task.hooks.airflow.providers.ssh.hooks.ssh.SSHHook","filename":"ssh.py","lineno":495}
{"timestamp":"2026-04-25T07:43:59.916588Z","level":"info","event":"+--------------+","logger":"airflow.task.hooks.airflow.providers.ssh.hooks.ssh.SSHHook","filename":"ssh.py","lineno":495}
{"timestamp":"2026-04-25T07:43:59.916671Z","level":"warning","event":"10 rows selected (0.273 seconds)","logger":"airflow.task.hooks.airflow.providers.ssh.hooks.ssh.SSHHook","filename":"ssh.py","lineno":500}
{"timestamp":"2026-04-25T07:43:59.925947Z","level":"warning","event":"Beeline version 3.1.3 by Apache Hive","logger":"airflow.task.hooks.airflow.providers.ssh.hooks.ssh.SSHHook","filename":"ssh.py","lineno":500}
{"timestamp":"2026-04-25T07:43:59.943857Z","level":"warning","event":"Closing: 0: jdbc:hive2://localhost:10000/default","logger":"airflow.task.hooks.airflow.providers.ssh.hooks.ssh.SSHHook","filename":"ssh.py","lineno":500}
{"timestamp":"2026-04-25T07:44:00.022420Z","level":"info","event":"===== MSCK END: auth =====","logger":"airflow.task.hooks.airflow.providers.ssh.hooks.ssh.SSHHook","filename":"ssh.py","lineno":495}
{"timestamp":"2026-04-25T07:44:00.129027Z","level":"info","event":"Pushing xcom","ti":"RuntimeTaskInstance(id=UUID('019dc397-dc11-765c-ad28-066666349dad'), task_id='msck_group.msck', dag_id='hive_msck_repair_v2', run_id='scheduled__2026-04-24T16:00:00+00:00', try_number=1, dag_version_id=UUID('019dc397-46d6-7768-b5b3-64121da88f4a'), map_index=0, hostname='d70869c01b70', context_carrier={}, task=<Task(SSHOperator): msck_group.msck>, bundle_instance=LocalDagBundle(name=dags-folder), max_tries=0, start_date=datetime.datetime(2026, 4, 25, 7, 43, 25, 649757, tzinfo=datetime.timezone.utc), end_date=None, state=<TaskInstanceState.RUNNING: 'running'>, is_mapped=True, rendered_map_index=None)","logger":"task","filename":"task_runner.py","lineno":1370}
{"timestamp":"2026-04-25T08:06:20.620718Z","level":"info","event":"DAG bundles loaded: dags-folder","logger":"airflow.dag_processing.bundles.manager.DagBundlesManager","filename":"manager.py","lineno":179}
{"timestamp":"2026-04-25T08:06:20.622136Z","level":"info","event":"Filling up the DagBag from /opt/airflow/dags/hive_msck.py","logger":"airflow.models.dagbag.DagBag","filename":"dagbag.py","lineno":593}
{"timestamp":"2026-04-25T08:06:20.766985Z","level":"warning","event":"The `airflow.decorators.dag` attribute is deprecated. Please use `'airflow.sdk.dag'`.","category":"DeprecatedImportWarning","filename":"/opt/airflow/dags/hive_msck.py","lineno":3,"logger":"py.warnings"}
{"timestamp":"2026-04-25T08:06:20.767267Z","level":"warning","event":"The `airflow.decorators.task` attribute is deprecated. Please use `'airflow.sdk.task'`.","category":"DeprecatedImportWarning","filename":"/opt/airflow/dags/hive_msck.py","lineno":3,"logger":"py.warnings"}
{"timestamp":"2026-04-25T08:06:20.767437Z","level":"warning","event":"The `airflow.utils.task_group.TaskGroup` attribute is deprecated. Please use `'airflow.sdk.TaskGroup'`.","category":"DeprecatedImportWarning","filename":"/opt/airflow/dags/hive_msck.py","lineno":5,"logger":"py.warnings"}
{"timestamp":"2026-04-25T08:06:20.820437Z","level":"info","event":"ssh_hook is not provided or invalid. Trying ssh_conn_id to create SSHHook.","logger":"airflow.task.operators.airflow.providers.ssh.operators.ssh.SSHOperator","filename":"ssh.py","lineno":127}
{"timestamp":"2026-04-25T08:06:20.839029Z","level":"warning","event":"No Host Key Verification. This won't protect against Man-In-The-Middle attacks","logger":"airflow.task.hooks.airflow.providers.ssh.hooks.ssh.SSHHook","filename":"ssh.py","lineno":298}
{"timestamp":"2026-04-25T08:06:20.861500Z","level":"info","event":"Connected (version 2.0, client OpenSSH_8.9p1)","logger":"paramiko.transport","filename":"transport.py","lineno":1944}
{"timestamp":"2026-04-25T08:06:20.965285Z","level":"info","event":"Authentication (password) successful!","logger":"paramiko.transport","filename":"transport.py","lineno":1944}
{"timestamp":"2026-04-25T08:06:20.966074Z","level":"info","event":"Running command: \n        bash -lc '\n        echo \"===== MSCK START: auth =====\"\n\n        # HDFS 파티션 생성 (-3 ~ +3)\n        for i in $(seq -3 3); do\n            date=$(date -d \"$i days\" +%Y%m%d)\n            hdfs dfs -mkdir -p /hive/auth/dt=$date\n        done\n\n        # MSCK\n        beeline -u jdbc:hive2://localhost:10000/default         -e \"MSCK REPAIR TABLE auth\";\n\n        # VERIFY\n        beeline -u jdbc:hive2://localhost:10000/default         -e \"SHOW PARTITIONS auth\";\n\n        echo \"===== MSCK END: auth =====\"\n        '\n        ","logger":"airflow.task.hooks.airflow.providers.ssh.hooks.ssh.SSHHook","filename":"ssh.py","lineno":449}
{"timestamp":"2026-04-25T08:06:21.756158Z","level":"info","event":"===== MSCK START: auth =====","logger":"airflow.task.hooks.airflow.providers.ssh.hooks.ssh.SSHHook","filename":"ssh.py","lineno":495}
{"timestamp":"2026-04-25T08:06:41.997042Z","level":"warning","event":"SLF4J: Class path contains multiple SLF4J bindings.","logger":"airflow.task.hooks.airflow.providers.ssh.hooks.ssh.SSHHook","filename":"ssh.py","lineno":500}
{"timestamp":"2026-04-25T08:06:41.997798Z","level":"warning","event":"SLF4J: Found binding in [jar:file:/application/apache-hive-3.1.3-bin/lib/log4j-slf4j-impl-2.17.1.jar!/org/slf4j/impl/StaticLoggerBinder.class]","logger":"airflow.task.hooks.airflow.providers.ssh.hooks.ssh.SSHHook","filename":"ssh.py","lineno":500}
{"timestamp":"2026-04-25T08:06:41.997903Z","level":"warning","event":"SLF4J: Found binding in [jar:file:/application/hadoop-3.2.4/share/hadoop/common/lib/slf4j-reload4j-1.7.35.jar!/org/slf4j/impl/StaticLoggerBinder.class]","logger":"airflow.task.hooks.airflow.providers.ssh.hooks.ssh.SSHHook","filename":"ssh.py","lineno":500}
{"timestamp":"2026-04-25T08:06:41.997986Z","level":"warning","event":"SLF4J: See http://www.slf4j.org/codes.html#multiple_bindings for an explanation.","logger":"airflow.task.hooks.airflow.providers.ssh.hooks.ssh.SSHHook","filename":"ssh.py","lineno":500}
{"timestamp":"2026-04-25T08:06:42.224611Z","level":"warning","event":"SLF4J: Actual binding is of type [org.apache.logging.slf4j.Log4jLoggerFactory]","logger":"airflow.task.hooks.airflow.providers.ssh.hooks.ssh.SSHHook","filename":"ssh.py","lineno":500}
{"timestamp":"2026-04-25T08:06:43.787201Z","level":"warning","event":"Connecting to jdbc:hive2://localhost:10000/default","logger":"airflow.task.hooks.airflow.providers.ssh.hooks.ssh.SSHHook","filename":"ssh.py","lineno":500}
{"timestamp":"2026-04-25T08:06:44.125693Z","level":"warning","event":"Connected to: Apache Hive (version 3.1.3)","logger":"airflow.task.hooks.airflow.providers.ssh.hooks.ssh.SSHHook","filename":"ssh.py","lineno":500}
{"timestamp":"2026-04-25T08:06:44.125920Z","level":"warning","event":"Driver: Hive JDBC (version 3.1.3)","logger":"airflow.task.hooks.airflow.providers.ssh.hooks.ssh.SSHHook","filename":"ssh.py","lineno":500}
{"timestamp":"2026-04-25T08:06:44.126024Z","level":"warning","event":"Transaction isolation: TRANSACTION_REPEATABLE_READ","logger":"airflow.task.hooks.airflow.providers.ssh.hooks.ssh.SSHHook","filename":"ssh.py","lineno":500}
{"timestamp":"2026-04-25T08:06:44.449094Z","level":"warning","event":"INFO  : Compiling command(queryId=root_20260425170644_4927ccb8-ef9a-47d0-af56-92c95e9bc1e7): MSCK REPAIR TABLE auth","logger":"airflow.task.hooks.airflow.providers.ssh.hooks.ssh.SSHHook","filename":"ssh.py","lineno":500}
{"timestamp":"2026-04-25T08:06:44.449668Z","level":"warning","event":"INFO  : Concurrency mode is disabled, not creating a lock manager","logger":"airflow.task.hooks.airflow.providers.ssh.hooks.ssh.SSHHook","filename":"ssh.py","lineno":500}
{"timestamp":"2026-04-25T08:06:44.449819Z","level":"warning","event":"INFO  : Semantic Analysis Completed (retrial = false)","logger":"airflow.task.hooks.airflow.providers.ssh.hooks.ssh.SSHHook","filename":"ssh.py","lineno":500}
{"timestamp":"2026-04-25T08:06:44.449900Z","level":"warning","event":"INFO  : Returning Hive schema: Schema(fieldSchemas:null, properties:null)","logger":"airflow.task.hooks.airflow.providers.ssh.hooks.ssh.SSHHook","filename":"ssh.py","lineno":500}
{"timestamp":"2026-04-25T08:06:44.450252Z","level":"warning","event":"INFO  : Completed compiling command(queryId=root_20260425170644_4927ccb8-ef9a-47d0-af56-92c95e9bc1e7); Time taken: 0.144 seconds","logger":"airflow.task.hooks.airflow.providers.ssh.hooks.ssh.SSHHook","filename":"ssh.py","lineno":500}
{"timestamp":"2026-04-25T08:06:44.450372Z","level":"warning","event":"INFO  : Concurrency mode is disabled, not creating a lock manager","logger":"airflow.task.hooks.airflow.providers.ssh.hooks.ssh.SSHHook","filename":"ssh.py","lineno":500}
{"timestamp":"2026-04-25T08:06:44.450469Z","level":"warning","event":"INFO  : Executing command(queryId=root_20260425170644_4927ccb8-ef9a-47d0-af56-92c95e9bc1e7): MSCK REPAIR TABLE auth","logger":"airflow.task.hooks.airflow.providers.ssh.hooks.ssh.SSHHook","filename":"ssh.py","lineno":500}
{"timestamp":"2026-04-25T08:06:44.450553Z","level":"warning","event":"INFO  : Starting task [Stage-0:DDL] in serial mode","logger":"airflow.task.hooks.airflow.providers.ssh.hooks.ssh.SSHHook","filename":"ssh.py","lineno":500}
{"timestamp":"2026-04-25T08:06:44.450649Z","level":"warning","event":"INFO  : Completed executing command(queryId=root_20260425170644_4927ccb8-ef9a-47d0-af56-92c95e9bc1e7); Time taken: 0.073 seconds","logger":"airflow.task.hooks.airflow.providers.ssh.hooks.ssh.SSHHook","filename":"ssh.py","lineno":500}
{"timestamp":"2026-04-25T08:06:44.450693Z","level":"warning","event":"INFO  : OK","logger":"airflow.task.hooks.airflow.providers.ssh.hooks.ssh.SSHHook","filename":"ssh.py","lineno":500}
{"timestamp":"2026-04-25T08:06:44.450737Z","level":"warning","event":"INFO  : Concurrency mode is disabled, not creating a lock manager","logger":"airflow.task.hooks.airflow.providers.ssh.hooks.ssh.SSHHook","filename":"ssh.py","lineno":500}
{"timestamp":"2026-04-25T08:06:44.453015Z","level":"warning","event":"No rows affected (0.312 seconds)","logger":"airflow.task.hooks.airflow.providers.ssh.hooks.ssh.SSHHook","filename":"ssh.py","lineno":500}
{"timestamp":"2026-04-25T08:06:44.464835Z","level":"warning","event":"Beeline version 3.1.3 by Apache Hive","logger":"airflow.task.hooks.airflow.providers.ssh.hooks.ssh.SSHHook","filename":"ssh.py","lineno":500}
{"timestamp":"2026-04-25T08:06:44.515392Z","level":"warning","event":"Closing: 0: jdbc:hive2://localhost:10000/default","logger":"airflow.task.hooks.airflow.providers.ssh.hooks.ssh.SSHHook","filename":"ssh.py","lineno":500}
{"timestamp":"2026-04-25T08:06:46.205248Z","level":"warning","event":"SLF4J: Class path contains multiple SLF4J bindings.","logger":"airflow.task.hooks.airflow.providers.ssh.hooks.ssh.SSHHook","filename":"ssh.py","lineno":500}
{"timestamp":"2026-04-25T08:06:46.205777Z","level":"warning","event":"SLF4J: Found binding in [jar:file:/application/apache-hive-3.1.3-bin/lib/log4j-slf4j-impl-2.17.1.jar!/org/slf4j/impl/StaticLoggerBinder.class]","logger":"airflow.task.hooks.airflow.providers.ssh.hooks.ssh.SSHHook","filename":"ssh.py","lineno":500}
{"timestamp":"2026-04-25T08:06:46.206082Z","level":"warning","event":"SLF4J: Found binding in [jar:file:/application/hadoop-3.2.4/share/hadoop/common/lib/slf4j-reload4j-1.7.35.jar!/org/slf4j/impl/StaticLoggerBinder.class]","logger":"airflow.task.hooks.airflow.providers.ssh.hooks.ssh.SSHHook","filename":"ssh.py","lineno":500}
{"timestamp":"2026-04-25T08:06:46.206226Z","level":"warning","event":"SLF4J: See http://www.slf4j.org/codes.html#multiple_bindings for an explanation.","logger":"airflow.task.hooks.airflow.providers.ssh.hooks.ssh.SSHHook","filename":"ssh.py","lineno":500}
{"timestamp":"2026-04-25T08:06:46.359960Z","level":"warning","event":"SLF4J: Actual binding is of type [org.apache.logging.slf4j.Log4jLoggerFactory]","logger":"airflow.task.hooks.airflow.providers.ssh.hooks.ssh.SSHHook","filename":"ssh.py","lineno":500}
{"timestamp":"2026-04-25T08:06:48.041729Z","level":"warning","event":"Connecting to jdbc:hive2://localhost:10000/default","logger":"airflow.task.hooks.airflow.providers.ssh.hooks.ssh.SSHHook","filename":"ssh.py","lineno":500}
{"timestamp":"2026-04-25T08:06:48.316173Z","level":"warning","event":"Connected to: Apache Hive (version 3.1.3)","logger":"airflow.task.hooks.airflow.providers.ssh.hooks.ssh.SSHHook","filename":"ssh.py","lineno":500}
{"timestamp":"2026-04-25T08:06:48.316733Z","level":"warning","event":"Driver: Hive JDBC (version 3.1.3)","logger":"airflow.task.hooks.airflow.providers.ssh.hooks.ssh.SSHHook","filename":"ssh.py","lineno":500}
{"timestamp":"2026-04-25T08:06:48.316971Z","level":"warning","event":"Transaction isolation: TRANSACTION_REPEATABLE_READ","logger":"airflow.task.hooks.airflow.providers.ssh.hooks.ssh.SSHHook","filename":"ssh.py","lineno":500}
{"timestamp":"2026-04-25T08:06:48.668597Z","level":"warning","event":"INFO  : Compiling command(queryId=root_20260425170648_14138a40-4f07-4563-845b-c3168e0fc09a): SHOW PARTITIONS auth","logger":"airflow.task.hooks.airflow.providers.ssh.hooks.ssh.SSHHook","filename":"ssh.py","lineno":500}
{"timestamp":"2026-04-25T08:06:48.669499Z","level":"warning","event":"INFO  : Concurrency mode is disabled, not creating a lock manager","logger":"airflow.task.hooks.airflow.providers.ssh.hooks.ssh.SSHHook","filename":"ssh.py","lineno":500}
{"timestamp":"2026-04-25T08:06:48.669675Z","level":"warning","event":"INFO  : Semantic Analysis Completed (retrial = false)","logger":"airflow.task.hooks.airflow.providers.ssh.hooks.ssh.SSHHook","filename":"ssh.py","lineno":500}
{"timestamp":"2026-04-25T08:06:48.669794Z","level":"warning","event":"INFO  : Returning Hive schema: Schema(fieldSchemas:[FieldSchema(name:partition, type:string, comment:from deserializer)], properties:null)","logger":"airflow.task.hooks.airflow.providers.ssh.hooks.ssh.SSHHook","filename":"ssh.py","lineno":500}
{"timestamp":"2026-04-25T08:06:48.669997Z","level":"warning","event":"INFO  : Completed compiling command(queryId=root_20260425170648_14138a40-4f07-4563-845b-c3168e0fc09a); Time taken: 0.109 seconds","logger":"airflow.task.hooks.airflow.providers.ssh.hooks.ssh.SSHHook","filename":"ssh.py","lineno":500}
{"timestamp":"2026-04-25T08:06:48.670119Z","level":"warning","event":"INFO  : Concurrency mode is disabled, not creating a lock manager","logger":"airflow.task.hooks.airflow.providers.ssh.hooks.ssh.SSHHook","filename":"ssh.py","lineno":500}
{"timestamp":"2026-04-25T08:06:48.670216Z","level":"warning","event":"INFO  : Executing command(queryId=root_20260425170648_14138a40-4f07-4563-845b-c3168e0fc09a): SHOW PARTITIONS auth","logger":"airflow.task.hooks.airflow.providers.ssh.hooks.ssh.SSHHook","filename":"ssh.py","lineno":500}
{"timestamp":"2026-04-25T08:06:48.670334Z","level":"warning","event":"INFO  : Starting task [Stage-0:DDL] in serial mode","logger":"airflow.task.hooks.airflow.providers.ssh.hooks.ssh.SSHHook","filename":"ssh.py","lineno":500}
{"timestamp":"2026-04-25T08:06:48.670426Z","level":"warning","event":"INFO  : Completed executing command(queryId=root_20260425170648_14138a40-4f07-4563-845b-c3168e0fc09a); Time taken: 0.041 seconds","logger":"airflow.task.hooks.airflow.providers.ssh.hooks.ssh.SSHHook","filename":"ssh.py","lineno":500}
{"timestamp":"2026-04-25T08:06:48.670517Z","level":"warning","event":"INFO  : OK","logger":"airflow.task.hooks.airflow.providers.ssh.hooks.ssh.SSHHook","filename":"ssh.py","lineno":500}
{"timestamp":"2026-04-25T08:06:48.670606Z","level":"warning","event":"INFO  : Concurrency mode is disabled, not creating a lock manager","logger":"airflow.task.hooks.airflow.providers.ssh.hooks.ssh.SSHHook","filename":"ssh.py","lineno":500}
{"timestamp":"2026-04-25T08:06:48.679884Z","level":"info","event":"+--------------+","logger":"airflow.task.hooks.airflow.providers.ssh.hooks.ssh.SSHHook","filename":"ssh.py","lineno":495}
{"timestamp":"2026-04-25T08:06:48.680605Z","level":"info","event":"|  partition   |","logger":"airflow.task.hooks.airflow.providers.ssh.hooks.ssh.SSHHook","filename":"ssh.py","lineno":495}
{"timestamp":"2026-04-25T08:06:48.681319Z","level":"info","event":"+--------------+","logger":"airflow.task.hooks.airflow.providers.ssh.hooks.ssh.SSHHook","filename":"ssh.py","lineno":495}
{"timestamp":"2026-04-25T08:06:48.681686Z","level":"info","event":"| dt=20260419  |","logger":"airflow.task.hooks.airflow.providers.ssh.hooks.ssh.SSHHook","filename":"ssh.py","lineno":495}
{"timestamp":"2026-04-25T08:06:48.682278Z","level":"info","event":"| dt=20260420  |","logger":"airflow.task.hooks.airflow.providers.ssh.hooks.ssh.SSHHook","filename":"ssh.py","lineno":495}
{"timestamp":"2026-04-25T08:06:48.682906Z","level":"info","event":"| dt=20260421  |","logger":"airflow.task.hooks.airflow.providers.ssh.hooks.ssh.SSHHook","filename":"ssh.py","lineno":495}
{"timestamp":"2026-04-25T08:06:48.683528Z","level":"info","event":"| dt=20260422  |","logger":"airflow.task.hooks.airflow.providers.ssh.hooks.ssh.SSHHook","filename":"ssh.py","lineno":495}
{"timestamp":"2026-04-25T08:06:48.684150Z","level":"info","event":"| dt=20260423  |","logger":"airflow.task.hooks.airflow.providers.ssh.hooks.ssh.SSHHook","filename":"ssh.py","lineno":495}
{"timestamp":"2026-04-25T08:06:48.684822Z","level":"info","event":"| dt=20260424  |","logger":"airflow.task.hooks.airflow.providers.ssh.hooks.ssh.SSHHook","filename":"ssh.py","lineno":495}
{"timestamp":"2026-04-25T08:06:48.685406Z","level":"info","event":"| dt=20260425  |","logger":"airflow.task.hooks.airflow.providers.ssh.hooks.ssh.SSHHook","filename":"ssh.py","lineno":495}
{"timestamp":"2026-04-25T08:06:48.686018Z","level":"info","event":"| dt=20260426  |","logger":"airflow.task.hooks.airflow.providers.ssh.hooks.ssh.SSHHook","filename":"ssh.py","lineno":495}
{"timestamp":"2026-04-25T08:06:48.686687Z","level":"info","event":"| dt=20260427  |","logger":"airflow.task.hooks.airflow.providers.ssh.hooks.ssh.SSHHook","filename":"ssh.py","lineno":495}
{"timestamp":"2026-04-25T08:06:48.687380Z","level":"info","event":"| dt=20260428  |","logger":"airflow.task.hooks.airflow.providers.ssh.hooks.ssh.SSHHook","filename":"ssh.py","lineno":495}
{"timestamp":"2026-04-25T08:06:48.688726Z","level":"info","event":"+--------------+","logger":"airflow.task.hooks.airflow.providers.ssh.hooks.ssh.SSHHook","filename":"ssh.py","lineno":495}
{"timestamp":"2026-04-25T08:06:48.690753Z","level":"warning","event":"10 rows selected (0.342 seconds)","logger":"airflow.task.hooks.airflow.providers.ssh.hooks.ssh.SSHHook","filename":"ssh.py","lineno":500}
{"timestamp":"2026-04-25T08:06:48.700418Z","level":"warning","event":"Beeline version 3.1.3 by Apache Hive","logger":"airflow.task.hooks.airflow.providers.ssh.hooks.ssh.SSHHook","filename":"ssh.py","lineno":500}
{"timestamp":"2026-04-25T08:06:48.727280Z","level":"warning","event":"Closing: 0: jdbc:hive2://localhost:10000/default","logger":"airflow.task.hooks.airflow.providers.ssh.hooks.ssh.SSHHook","filename":"ssh.py","lineno":500}
{"timestamp":"2026-04-25T08:06:48.807418Z","level":"info","event":"===== MSCK END: auth =====","logger":"airflow.task.hooks.airflow.providers.ssh.hooks.ssh.SSHHook","filename":"ssh.py","lineno":495}
{"timestamp":"2026-04-25T08:06:48.838894Z","level":"info","event":"Pushing xcom","ti":"RuntimeTaskInstance(id=UUID('019dc3ac-d4d1-7c94-b111-b849cbd91f01'), task_id='msck_group.msck', dag_id='hive_msck_repair_v2', run_id='scheduled__2026-04-24T16:00:00+00:00', try_number=1, dag_version_id=UUID('019dc397-46d6-7768-b5b3-64121da88f4a'), map_index=0, hostname='d70869c01b70', context_carrier={}, task=<Task(SSHOperator): msck_group.msck>, bundle_instance=LocalDagBundle(name=dags-folder), max_tries=0, start_date=datetime.datetime(2026, 4, 25, 8, 6, 20, 513075, tzinfo=datetime.timezone.utc), end_date=None, state=<TaskInstanceState.RUNNING: 'running'>, is_mapped=True, rendered_map_index=None)","logger":"task","filename":"task_runner.py","lineno":1370}
